ERROR - 2022-04-13 03:01:23 --> You have an error in your SQL syntax; check the manual that corresponds to your MariaDB server version for the right syntax to use near '),
	CONSTRAINT `transaksi_id_barang_foreign` FOREIGN KEY (`id_barang`) REFERE...' at line 13
ERROR - 2022-04-13 03:30:08 --> Can't create table `toko_ikan`.`transaksi` (errno: 150 "Foreign key constraint is incorrectly formed")
ERROR - 2022-04-13 03:30:29 --> Can't create table `toko_ikan`.`transaksi` (errno: 150 "Foreign key constraint is incorrectly formed")
ERROR - 2022-04-13 03:37:32 --> Error connecting to the database: Unknown database 'toko_ikan'
ERROR - 2022-04-13 03:39:43 --> Can't create table `toko_ikan`.`transaksi` (errno: 150 "Foreign key constraint is incorrectly formed")
ERROR - 2022-04-13 03:50:25 --> Can't create table `toko_ikan`.`transaksi` (errno: 150 "Foreign key constraint is incorrectly formed")
ERROR - 2022-04-13 03:53:57 --> Can't create table `toko_ikan`.`transaksi` (errno: 150 "Foreign key constraint is incorrectly formed")
ERROR - 2022-04-13 09:54:39 --> Error connecting to the database: No connection could be made because the target machine actively refused it.

CRITICAL - 2022-04-13 10:58:09 --> Call to undefined method CodeIgniter\View\View::extends()
#0 C:\xampp\htdocs\toko_ikan4\system\View\View.php(210): include()
#1 C:\xampp\htdocs\toko_ikan4\system\View\View.php(213): CodeIgniter\View\View->CodeIgniter\View\{closure}()
#2 C:\xampp\htdocs\toko_ikan4\system\Common.php(1089): CodeIgniter\View\View->render('login', Array, true)
#3 C:\xampp\htdocs\toko_ikan4\app\Controllers\Auth.php(10): view('login')
#4 C:\xampp\htdocs\toko_ikan4\system\CodeIgniter.php(832): App\Controllers\Auth->login()
#5 C:\xampp\htdocs\toko_ikan4\system\CodeIgniter.php(419): CodeIgniter\CodeIgniter->runController(Object(App\Controllers\Auth))
#6 C:\xampp\htdocs\toko_ikan4\system\CodeIgniter.php(326): CodeIgniter\CodeIgniter->handleRequest(NULL, Object(Config\Cache), false)
#7 C:\xampp\htdocs\toko_ikan4\public\index.php(37): CodeIgniter\CodeIgniter->run()
#8 {main}
CRITICAL - 2022-04-13 10:59:30 --> Call to undefined method CodeIgniter\View\View::extends()
#0 C:\xampp\htdocs\toko_ikan4\system\View\View.php(210): include()
#1 C:\xampp\htdocs\toko_ikan4\system\View\View.php(213): CodeIgniter\View\View->CodeIgniter\View\{closure}()
#2 C:\xampp\htdocs\toko_ikan4\system\Common.php(1089): CodeIgniter\View\View->render('login', Array, true)
#3 C:\xampp\htdocs\toko_ikan4\app\Controllers\Auth.php(10): view('login')
#4 C:\xampp\htdocs\toko_ikan4\system\CodeIgniter.php(832): App\Controllers\Auth->login()
#5 C:\xampp\htdocs\toko_ikan4\system\CodeIgniter.php(419): CodeIgniter\CodeIgniter->runController(Object(App\Controllers\Auth))
#6 C:\xampp\htdocs\toko_ikan4\system\CodeIgniter.php(326): CodeIgniter\CodeIgniter->handleRequest(NULL, Object(Config\Cache), false)
#7 C:\xampp\htdocs\toko_ikan4\public\index.php(37): CodeIgniter\CodeIgniter->run()
#8 {main}
CRITICAL - 2022-04-13 11:00:27 --> Call to undefined method CodeIgniter\View\View::extends()
#0 C:\xampp\htdocs\toko_ikan4\system\View\View.php(210): include()
#1 C:\xampp\htdocs\toko_ikan4\system\View\View.php(213): CodeIgniter\View\View->CodeIgniter\View\{closure}()
#2 C:\xampp\htdocs\toko_ikan4\system\Common.php(1089): CodeIgniter\View\View->render('login', Array, true)
#3 C:\xampp\htdocs\toko_ikan4\app\Controllers\Auth.php(10): view('login')
#4 C:\xampp\htdocs\toko_ikan4\system\CodeIgniter.php(832): App\Controllers\Auth->login()
#5 C:\xampp\htdocs\toko_ikan4\system\CodeIgniter.php(419): CodeIgniter\CodeIgniter->runController(Object(App\Controllers\Auth))
#6 C:\xampp\htdocs\toko_ikan4\system\CodeIgniter.php(326): CodeIgniter\CodeIgniter->handleRequest(NULL, Object(Config\Cache), false)
#7 C:\xampp\htdocs\toko_ikan4\public\index.php(37): CodeIgniter\CodeIgniter->run()
#8 {main}
CRITICAL - 2022-04-13 11:09:57 --> Invalid file: logout.php
#0 C:\xampp\htdocs\toko_ikan4\system\View\View.php(198): CodeIgniter\Exceptions\FrameworkException::forInvalidFile('logout.php')
#1 C:\xampp\htdocs\toko_ikan4\system\Common.php(1089): CodeIgniter\View\View->render('logout', Array, true)
#2 C:\xampp\htdocs\toko_ikan4\app\Controllers\Auth.php(13): view('logout')
#3 C:\xampp\htdocs\toko_ikan4\system\CodeIgniter.php(832): App\Controllers\Auth->logout()
#4 C:\xampp\htdocs\toko_ikan4\system\CodeIgniter.php(419): CodeIgniter\CodeIgniter->runController(Object(App\Controllers\Auth))
#5 C:\xampp\htdocs\toko_ikan4\system\CodeIgniter.php(326): CodeIgniter\CodeIgniter->handleRequest(NULL, Object(Config\Cache), false)
#6 C:\xampp\htdocs\toko_ikan4\public\index.php(37): CodeIgniter\CodeIgniter->run()
#7 {main}
CRITICAL - 2022-04-13 11:50:35 --> Invalid file: logout.php
#0 C:\xampp\htdocs\toko_ikan4\system\View\View.php(198): CodeIgniter\Exceptions\FrameworkException::forInvalidFile('logout.php')
#1 C:\xampp\htdocs\toko_ikan4\system\Common.php(1089): CodeIgniter\View\View->render('logout', Array, true)
#2 C:\xampp\htdocs\toko_ikan4\app\Controllers\Auth.php(13): view('logout')
#3 C:\xampp\htdocs\toko_ikan4\system\CodeIgniter.php(832): App\Controllers\Auth->logout()
#4 C:\xampp\htdocs\toko_ikan4\system\CodeIgniter.php(419): CodeIgniter\CodeIgniter->runController(Object(App\Controllers\Auth))
#5 C:\xampp\htdocs\toko_ikan4\system\CodeIgniter.php(326): CodeIgniter\CodeIgniter->handleRequest(NULL, Object(Config\Cache), false)
#6 C:\xampp\htdocs\toko_ikan4\public\index.php(37): CodeIgniter\CodeIgniter->run()
#7 {main}
CRITICAL - 2022-04-13 11:51:57 --> Maximum execution time of 120 seconds exceeded
#0 [internal function]: CodeIgniter\Debug\Exceptions->shutdownHandler()
#1 {main}
CRITICAL - 2022-04-13 12:03:56 --> Invalid file: logout.php
#0 C:\xampp\htdocs\toko_ikan4\system\View\View.php(198): CodeIgniter\Exceptions\FrameworkException::forInvalidFile('logout.php')
#1 C:\xampp\htdocs\toko_ikan4\system\Common.php(1089): CodeIgniter\View\View->render('logout', Array, true)
#2 C:\xampp\htdocs\toko_ikan4\app\Controllers\Auth.php(17): view('logout')
#3 C:\xampp\htdocs\toko_ikan4\system\CodeIgniter.php(832): App\Controllers\Auth->logout()
#4 C:\xampp\htdocs\toko_ikan4\system\CodeIgniter.php(419): CodeIgniter\CodeIgniter->runController(Object(App\Controllers\Auth))
#5 C:\xampp\htdocs\toko_ikan4\system\CodeIgniter.php(326): CodeIgniter\CodeIgniter->handleRequest(NULL, Object(Config\Cache), false)
#6 C:\xampp\htdocs\toko_ikan4\public\index.php(37): CodeIgniter\CodeIgniter->run()
#7 {main}
CRITICAL - 2022-04-13 12:03:59 --> Call to undefined function form_open()
#0 C:\xampp\htdocs\toko_ikan4\system\View\View.php(210): include()
#1 C:\xampp\htdocs\toko_ikan4\system\View\View.php(213): CodeIgniter\View\View->CodeIgniter\View\{closure}()
#2 C:\xampp\htdocs\toko_ikan4\system\Common.php(1089): CodeIgniter\View\View->render('register', Array, true)
#3 C:\xampp\htdocs\toko_ikan4\app\Controllers\Auth.php(11): view('register')
#4 C:\xampp\htdocs\toko_ikan4\system\CodeIgniter.php(832): App\Controllers\Auth->register()
#5 C:\xampp\htdocs\toko_ikan4\system\CodeIgniter.php(419): CodeIgniter\CodeIgniter->runController(Object(App\Controllers\Auth))
#6 C:\xampp\htdocs\toko_ikan4\system\CodeIgniter.php(326): CodeIgniter\CodeIgniter->handleRequest(NULL, Object(Config\Cache), false)
#7 C:\xampp\htdocs\toko_ikan4\public\index.php(37): CodeIgniter\CodeIgniter->run()
#8 {main}
CRITICAL - 2022-04-13 12:04:04 --> Call to undefined function form_open()
#0 C:\xampp\htdocs\toko_ikan4\system\View\View.php(210): include()
#1 C:\xampp\htdocs\toko_ikan4\system\View\View.php(213): CodeIgniter\View\View->CodeIgniter\View\{closure}()
#2 C:\xampp\htdocs\toko_ikan4\system\Common.php(1089): CodeIgniter\View\View->render('register', Array, true)
#3 C:\xampp\htdocs\toko_ikan4\app\Controllers\Auth.php(11): view('register')
#4 C:\xampp\htdocs\toko_ikan4\system\CodeIgniter.php(832): App\Controllers\Auth->register()
#5 C:\xampp\htdocs\toko_ikan4\system\CodeIgniter.php(419): CodeIgniter\CodeIgniter->runController(Object(App\Controllers\Auth))
#6 C:\xampp\htdocs\toko_ikan4\system\CodeIgniter.php(326): CodeIgniter\CodeIgniter->handleRequest(NULL, Object(Config\Cache), false)
#7 C:\xampp\htdocs\toko_ikan4\public\index.php(37): CodeIgniter\CodeIgniter->run()
#8 {main}
CRITICAL - 2022-04-13 12:04:32 --> Call to undefined function form_open()
#0 C:\xampp\htdocs\toko_ikan4\system\View\View.php(210): include()
#1 C:\xampp\htdocs\toko_ikan4\system\View\View.php(213): CodeIgniter\View\View->CodeIgniter\View\{closure}()
#2 C:\xampp\htdocs\toko_ikan4\system\Common.php(1089): CodeIgniter\View\View->render('register', Array, true)
#3 C:\xampp\htdocs\toko_ikan4\app\Controllers\Auth.php(11): view('register')
#4 C:\xampp\htdocs\toko_ikan4\system\CodeIgniter.php(832): App\Controllers\Auth->register()
#5 C:\xampp\htdocs\toko_ikan4\system\CodeIgniter.php(419): CodeIgniter\CodeIgniter->runController(Object(App\Controllers\Auth))
#6 C:\xampp\htdocs\toko_ikan4\system\CodeIgniter.php(326): CodeIgniter\CodeIgniter->handleRequest(NULL, Object(Config\Cache), false)
#7 C:\xampp\htdocs\toko_ikan4\public\index.php(37): CodeIgniter\CodeIgniter->run()
#8 {main}
CRITICAL - 2022-04-13 12:06:41 --> Call to undefined function form_open()
#0 C:\xampp\htdocs\toko_ikan4\system\View\View.php(210): include()
#1 C:\xampp\htdocs\toko_ikan4\system\View\View.php(213): CodeIgniter\View\View->CodeIgniter\View\{closure}()
#2 C:\xampp\htdocs\toko_ikan4\system\Common.php(1089): CodeIgniter\View\View->render('register', Array, true)
#3 C:\xampp\htdocs\toko_ikan4\app\Controllers\Auth.php(11): view('register')
#4 C:\xampp\htdocs\toko_ikan4\system\CodeIgniter.php(832): App\Controllers\Auth->register()
#5 C:\xampp\htdocs\toko_ikan4\system\CodeIgniter.php(419): CodeIgniter\CodeIgniter->runController(Object(App\Controllers\Auth))
#6 C:\xampp\htdocs\toko_ikan4\system\CodeIgniter.php(326): CodeIgniter\CodeIgniter->handleRequest(NULL, Object(Config\Cache), false)
#7 C:\xampp\htdocs\toko_ikan4\public\index.php(37): CodeIgniter\CodeIgniter->run()
#8 {main}
CRITICAL - 2022-04-13 12:06:43 --> Call to undefined function form_open()
#0 C:\xampp\htdocs\toko_ikan4\system\View\View.php(210): include()
#1 C:\xampp\htdocs\toko_ikan4\system\View\View.php(213): CodeIgniter\View\View->CodeIgniter\View\{closure}()
#2 C:\xampp\htdocs\toko_ikan4\system\Common.php(1089): CodeIgniter\View\View->render('register', Array, true)
#3 C:\xampp\htdocs\toko_ikan4\app\Controllers\Auth.php(11): view('register')
#4 C:\xampp\htdocs\toko_ikan4\system\CodeIgniter.php(832): App\Controllers\Auth->register()
#5 C:\xampp\htdocs\toko_ikan4\system\CodeIgniter.php(419): CodeIgniter\CodeIgniter->runController(Object(App\Controllers\Auth))
#6 C:\xampp\htdocs\toko_ikan4\system\CodeIgniter.php(326): CodeIgniter\CodeIgniter->handleRequest(NULL, Object(Config\Cache), false)
#7 C:\xampp\htdocs\toko_ikan4\public\index.php(37): CodeIgniter\CodeIgniter->run()
#8 {main}
CRITICAL - 2022-04-13 12:07:14 --> Call to undefined function form_open()
#0 C:\xampp\htdocs\toko_ikan4\system\View\View.php(210): include()
#1 C:\xampp\htdocs\toko_ikan4\system\View\View.php(213): CodeIgniter\View\View->CodeIgniter\View\{closure}()
#2 C:\xampp\htdocs\toko_ikan4\system\Common.php(1089): CodeIgniter\View\View->render('register', Array, true)
#3 C:\xampp\htdocs\toko_ikan4\app\Controllers\Auth.php(11): view('register')
#4 C:\xampp\htdocs\toko_ikan4\system\CodeIgniter.php(832): App\Controllers\Auth->register()
#5 C:\xampp\htdocs\toko_ikan4\system\CodeIgniter.php(419): CodeIgniter\CodeIgniter->runController(Object(App\Controllers\Auth))
#6 C:\xampp\htdocs\toko_ikan4\system\CodeIgniter.php(326): CodeIgniter\CodeIgniter->handleRequest(NULL, Object(Config\Cache), false)
#7 C:\xampp\htdocs\toko_ikan4\public\index.php(37): CodeIgniter\CodeIgniter->run()
#8 {main}
CRITICAL - 2022-04-13 12:08:15 --> Call to undefined function form_open()
#0 C:\xampp\htdocs\toko_ikan4\system\View\View.php(210): include()
#1 C:\xampp\htdocs\toko_ikan4\system\View\View.php(213): CodeIgniter\View\View->CodeIgniter\View\{closure}()
#2 C:\xampp\htdocs\toko_ikan4\system\Common.php(1089): CodeIgniter\View\View->render('register', Array, true)
#3 C:\xampp\htdocs\toko_ikan4\app\Controllers\Auth.php(11): view('register')
#4 C:\xampp\htdocs\toko_ikan4\system\CodeIgniter.php(832): App\Controllers\Auth->register()
#5 C:\xampp\htdocs\toko_ikan4\system\CodeIgniter.php(419): CodeIgniter\CodeIgniter->runController(Object(App\Controllers\Auth))
#6 C:\xampp\htdocs\toko_ikan4\system\CodeIgniter.php(326): CodeIgniter\CodeIgniter->handleRequest(NULL, Object(Config\Cache), false)
#7 C:\xampp\htdocs\toko_ikan4\public\index.php(37): CodeIgniter\CodeIgniter->run()
#8 {main}
CRITICAL - 2022-04-13 12:08:20 --> Call to undefined function form_open()
#0 C:\xampp\htdocs\toko_ikan4\system\View\View.php(210): include()
#1 C:\xampp\htdocs\toko_ikan4\system\View\View.php(213): CodeIgniter\View\View->CodeIgniter\View\{closure}()
#2 C:\xampp\htdocs\toko_ikan4\system\Common.php(1089): CodeIgniter\View\View->render('register', Array, true)
#3 C:\xampp\htdocs\toko_ikan4\app\Controllers\Auth.php(11): view('register')
#4 C:\xampp\htdocs\toko_ikan4\system\CodeIgniter.php(832): App\Controllers\Auth->register()
#5 C:\xampp\htdocs\toko_ikan4\system\CodeIgniter.php(419): CodeIgniter\CodeIgniter->runController(Object(App\Controllers\Auth))
#6 C:\xampp\htdocs\toko_ikan4\system\CodeIgniter.php(326): CodeIgniter\CodeIgniter->handleRequest(NULL, Object(Config\Cache), false)
#7 C:\xampp\htdocs\toko_ikan4\public\index.php(37): CodeIgniter\CodeIgniter->run()
#8 {main}
