ERROR - 2022-06-22 09:48:26 --> Error connecting to the database: Access denied for user ''@'localhost' (using password: NO)
CRITICAL - 2022-06-22 09:48:26 --> Unable to connect to the database.
Main connection [MySQLi]: Access denied for user ''@'localhost' (using password: NO)
#0 C:\xampp\htdocs\toko_ikan4\system\Database\Database.php(67): CodeIgniter\Database\BaseConnection->initialize()
#1 C:\xampp\htdocs\toko_ikan4\system\Database\Config.php(105): CodeIgniter\Database\Database->loadForge(Object(CodeIgniter\Database\MySQLi\Connection))
#2 C:\xampp\htdocs\toko_ikan4\system\Database\Seeder.php(98): CodeIgniter\Database\Config::forge(NULL)
#3 C:\xampp\htdocs\toko_ikan4\system\Commands\Database\Seed.php(69): CodeIgniter\Database\Seeder->__construct(Object(Config\Database))
#4 C:\xampp\htdocs\toko_ikan4\system\CLI\Commands.php(63): CodeIgniter\Commands\Database\Seed->run(Array)
#5 C:\xampp\htdocs\toko_ikan4\system\CLI\CommandRunner.php(70): CodeIgniter\CLI\Commands->run('db:seed', Array)
#6 C:\xampp\htdocs\toko_ikan4\system\CLI\CommandRunner.php(56): CodeIgniter\CLI\CommandRunner->index(Array)
#7 C:\xampp\htdocs\toko_ikan4\system\CodeIgniter.php(830): CodeIgniter\CLI\CommandRunner->_remap('index', 'db:seed', 'UserSeeder')
#8 C:\xampp\htdocs\toko_ikan4\system\CodeIgniter.php(419): CodeIgniter\CodeIgniter->runController(Object(CodeIgniter\CLI\CommandRunner))
#9 C:\xampp\htdocs\toko_ikan4\system\CodeIgniter.php(326): CodeIgniter\CodeIgniter->handleRequest(NULL, Object(Config\Cache), false)
#10 C:\xampp\htdocs\toko_ikan4\system\CLI\Console.php(48): CodeIgniter\CodeIgniter->run()
#11 C:\xampp\htdocs\toko_ikan4\spark(63): CodeIgniter\CLI\Console->run()
#12 {main}
ERROR - 2022-06-22 09:50:41 --> Error connecting to the database: Access denied for user ''@'localhost' (using password: NO)
CRITICAL - 2022-06-22 09:50:41 --> Unable to connect to the database.
Main connection [MySQLi]: Access denied for user ''@'localhost' (using password: NO)
#0 C:\xampp\htdocs\toko_ikan4\system\Database\Database.php(67): CodeIgniter\Database\BaseConnection->initialize()
#1 C:\xampp\htdocs\toko_ikan4\system\Database\Config.php(105): CodeIgniter\Database\Database->loadForge(Object(CodeIgniter\Database\MySQLi\Connection))
#2 C:\xampp\htdocs\toko_ikan4\system\Database\Seeder.php(98): CodeIgniter\Database\Config::forge(NULL)
#3 C:\xampp\htdocs\toko_ikan4\system\Commands\Database\Seed.php(69): CodeIgniter\Database\Seeder->__construct(Object(Config\Database))
#4 C:\xampp\htdocs\toko_ikan4\system\CLI\Commands.php(63): CodeIgniter\Commands\Database\Seed->run(Array)
#5 C:\xampp\htdocs\toko_ikan4\system\CLI\CommandRunner.php(70): CodeIgniter\CLI\Commands->run('db:seed', Array)
#6 C:\xampp\htdocs\toko_ikan4\system\CLI\CommandRunner.php(56): CodeIgniter\CLI\CommandRunner->index(Array)
#7 C:\xampp\htdocs\toko_ikan4\system\CodeIgniter.php(830): CodeIgniter\CLI\CommandRunner->_remap('index', 'db:seed', 'UserSeeder')
#8 C:\xampp\htdocs\toko_ikan4\system\CodeIgniter.php(419): CodeIgniter\CodeIgniter->runController(Object(CodeIgniter\CLI\CommandRunner))
#9 C:\xampp\htdocs\toko_ikan4\system\CodeIgniter.php(326): CodeIgniter\CodeIgniter->handleRequest(NULL, Object(Config\Cache), false)
#10 C:\xampp\htdocs\toko_ikan4\system\CLI\Console.php(48): CodeIgniter\CodeIgniter->run()
#11 C:\xampp\htdocs\toko_ikan4\spark(63): CodeIgniter\CLI\Console->run()
#12 {main}
CRITICAL - 2022-06-22 10:28:48 --> Undefined index: users
#0 C:\xampp\htdocs\toko_ikan4\app\Views\User\index.php(14): CodeIgniter\Debug\Exceptions->errorHandler(8, 'Undefined index...', 'C:\\xampp\\htdocs...', 14, Array)
#1 C:\xampp\htdocs\toko_ikan4\system\View\View.php(210): include('C:\\xampp\\htdocs...')
#2 C:\xampp\htdocs\toko_ikan4\system\View\View.php(213): CodeIgniter\View\View->CodeIgniter\View\{closure}()
#3 C:\xampp\htdocs\toko_ikan4\system\Common.php(1089): CodeIgniter\View\View->render('user/index', Array, true)
#4 C:\xampp\htdocs\toko_ikan4\app\Controllers\User.php(20): view('user/index', Array)
#5 C:\xampp\htdocs\toko_ikan4\system\CodeIgniter.php(832): App\Controllers\User->index()
#6 C:\xampp\htdocs\toko_ikan4\system\CodeIgniter.php(419): CodeIgniter\CodeIgniter->runController(Object(App\Controllers\User))
#7 C:\xampp\htdocs\toko_ikan4\system\CodeIgniter.php(326): CodeIgniter\CodeIgniter->handleRequest(NULL, Object(Config\Cache), false)
#8 C:\xampp\htdocs\toko_ikan4\public\index.php(37): CodeIgniter\CodeIgniter->run()
#9 {main}
CRITICAL - 2022-06-22 10:30:26 --> Undefined index: users
#0 C:\xampp\htdocs\toko_ikan4\app\Views\User\index.php(14): CodeIgniter\Debug\Exceptions->errorHandler(8, 'Undefined index...', 'C:\\xampp\\htdocs...', 14, Array)
#1 C:\xampp\htdocs\toko_ikan4\system\View\View.php(210): include('C:\\xampp\\htdocs...')
#2 C:\xampp\htdocs\toko_ikan4\system\View\View.php(213): CodeIgniter\View\View->CodeIgniter\View\{closure}()
#3 C:\xampp\htdocs\toko_ikan4\system\Common.php(1089): CodeIgniter\View\View->render('user/index', Array, true)
#4 C:\xampp\htdocs\toko_ikan4\app\Controllers\User.php(20): view('user/index', Array)
#5 C:\xampp\htdocs\toko_ikan4\system\CodeIgniter.php(832): App\Controllers\User->index()
#6 C:\xampp\htdocs\toko_ikan4\system\CodeIgniter.php(419): CodeIgniter\CodeIgniter->runController(Object(App\Controllers\User))
#7 C:\xampp\htdocs\toko_ikan4\system\CodeIgniter.php(326): CodeIgniter\CodeIgniter->handleRequest(NULL, Object(Config\Cache), false)
#8 C:\xampp\htdocs\toko_ikan4\public\index.php(37): CodeIgniter\CodeIgniter->run()
#9 {main}
CRITICAL - 2022-06-22 10:30:30 --> Undefined index: users
#0 C:\xampp\htdocs\toko_ikan4\app\Views\User\index.php(14): CodeIgniter\Debug\Exceptions->errorHandler(8, 'Undefined index...', 'C:\\xampp\\htdocs...', 14, Array)
#1 C:\xampp\htdocs\toko_ikan4\system\View\View.php(210): include('C:\\xampp\\htdocs...')
#2 C:\xampp\htdocs\toko_ikan4\system\View\View.php(213): CodeIgniter\View\View->CodeIgniter\View\{closure}()
#3 C:\xampp\htdocs\toko_ikan4\system\Common.php(1089): CodeIgniter\View\View->render('user/index', Array, true)
#4 C:\xampp\htdocs\toko_ikan4\app\Controllers\User.php(20): view('user/index', Array)
#5 C:\xampp\htdocs\toko_ikan4\system\CodeIgniter.php(832): App\Controllers\User->index()
#6 C:\xampp\htdocs\toko_ikan4\system\CodeIgniter.php(419): CodeIgniter\CodeIgniter->runController(Object(App\Controllers\User))
#7 C:\xampp\htdocs\toko_ikan4\system\CodeIgniter.php(326): CodeIgniter\CodeIgniter->handleRequest(NULL, Object(Config\Cache), false)
#8 C:\xampp\htdocs\toko_ikan4\public\index.php(37): CodeIgniter\CodeIgniter->run()
#9 {main}
CRITICAL - 2022-06-22 11:23:58 --> syntax error, unexpected 'class' (T_CLASS), expecting ',' or ';'
#0 C:\xampp\htdocs\toko_ikan4\system\View\View.php(213): CodeIgniter\View\View->CodeIgniter\View\{closure}()
#1 C:\xampp\htdocs\toko_ikan4\system\Common.php(1089): CodeIgniter\View\View->render('login', Array, true)
#2 C:\xampp\htdocs\toko_ikan4\app\Controllers\Auth.php(79): view('login')
#3 C:\xampp\htdocs\toko_ikan4\system\CodeIgniter.php(832): App\Controllers\Auth->login()
#4 C:\xampp\htdocs\toko_ikan4\system\CodeIgniter.php(419): CodeIgniter\CodeIgniter->runController(Object(App\Controllers\Auth))
#5 C:\xampp\htdocs\toko_ikan4\system\CodeIgniter.php(326): CodeIgniter\CodeIgniter->handleRequest(NULL, Object(Config\Cache), false)
#6 C:\xampp\htdocs\toko_ikan4\public\index.php(37): CodeIgniter\CodeIgniter->run()
#7 {main}
CRITICAL - 2022-06-22 20:12:14 --> Trying to get property 'id' of non-object
#0 C:\xampp\htdocs\toko_ikan4\app\Views\etalase\beli.php(12): CodeIgniter\Debug\Exceptions->errorHandler(8, 'Trying to get p...', 'C:\\xampp\\htdocs...', 12, Array)
#1 C:\xampp\htdocs\toko_ikan4\system\View\View.php(210): include('C:\\xampp\\htdocs...')
#2 C:\xampp\htdocs\toko_ikan4\system\View\View.php(213): CodeIgniter\View\View->CodeIgniter\View\{closure}()
#3 C:\xampp\htdocs\toko_ikan4\system\Common.php(1089): CodeIgniter\View\View->render('etalase/beli', Array, true)
#4 C:\xampp\htdocs\toko_ikan4\app\Controllers\Etalase.php(70): view('etalase/beli', Array)
#5 C:\xampp\htdocs\toko_ikan4\system\CodeIgniter.php(832): App\Controllers\Etalase->beli()
#6 C:\xampp\htdocs\toko_ikan4\system\CodeIgniter.php(419): CodeIgniter\CodeIgniter->runController(Object(App\Controllers\Etalase))
#7 C:\xampp\htdocs\toko_ikan4\system\CodeIgniter.php(326): CodeIgniter\CodeIgniter->handleRequest(NULL, Object(Config\Cache), false)
#8 C:\xampp\htdocs\toko_ikan4\public\index.php(37): CodeIgniter\CodeIgniter->run()
#9 {main}
