CRITICAL - 2022-07-04 02:27:32 --> Call to undefined function form_open()
#0 C:\xampp\htdocs\toko_ikan4\system\View\View.php(210): include()
#1 C:\xampp\htdocs\toko_ikan4\system\View\View.php(213): CodeIgniter\View\View->CodeIgniter\View\{closure}()
#2 C:\xampp\htdocs\toko_ikan4\system\Common.php(1089): CodeIgniter\View\View->render('user/update', Array, true)
#3 C:\xampp\htdocs\toko_ikan4\app\Controllers\User.php(58): view('user/update', Array)
#4 C:\xampp\htdocs\toko_ikan4\system\CodeIgniter.php(832): App\Controllers\User->update()
#5 C:\xampp\htdocs\toko_ikan4\system\CodeIgniter.php(419): CodeIgniter\CodeIgniter->runController(Object(App\Controllers\User))
#6 C:\xampp\htdocs\toko_ikan4\system\CodeIgniter.php(326): CodeIgniter\CodeIgniter->handleRequest(NULL, Object(Config\Cache), false)
#7 C:\xampp\htdocs\toko_ikan4\public\index.php(37): CodeIgniter\CodeIgniter->run()
#8 {main}
CRITICAL - 2022-07-04 04:27:21 --> Undefined variable: transaksiModel
#0 C:\xampp\htdocs\toko_ikan4\app\Views\transaksi\index.php(19): CodeIgniter\Debug\Exceptions->errorHandler(8, 'Undefined varia...', 'C:\\xampp\\htdocs...', 19, Array)
#1 C:\xampp\htdocs\toko_ikan4\system\View\View.php(210): include('C:\\xampp\\htdocs...')
#2 C:\xampp\htdocs\toko_ikan4\system\View\View.php(213): CodeIgniter\View\View->CodeIgniter\View\{closure}()
#3 C:\xampp\htdocs\toko_ikan4\system\Common.php(1089): CodeIgniter\View\View->render('transaksi/index...', Array, true)
#4 C:\xampp\htdocs\toko_ikan4\app\Controllers\Transaksi.php(39): view('transaksi/index...', Array)
#5 C:\xampp\htdocs\toko_ikan4\system\CodeIgniter.php(832): App\Controllers\Transaksi->index()
#6 C:\xampp\htdocs\toko_ikan4\system\CodeIgniter.php(419): CodeIgniter\CodeIgniter->runController(Object(App\Controllers\Transaksi))
#7 C:\xampp\htdocs\toko_ikan4\system\CodeIgniter.php(326): CodeIgniter\CodeIgniter->handleRequest(NULL, Object(Config\Cache), false)
#8 C:\xampp\htdocs\toko_ikan4\public\index.php(37): CodeIgniter\CodeIgniter->run()
#9 {main}
CRITICAL - 2022-07-04 05:01:52 --> Call to undefined function form_open()
#0 C:\xampp\htdocs\toko_ikan4\system\View\View.php(210): include()
#1 C:\xampp\htdocs\toko_ikan4\system\View\View.php(213): CodeIgniter\View\View->CodeIgniter\View\{closure}()
#2 C:\xampp\htdocs\toko_ikan4\system\Common.php(1089): CodeIgniter\View\View->render('user/update', Array, true)
#3 C:\xampp\htdocs\toko_ikan4\app\Controllers\User.php(58): view('user/update', Array)
#4 C:\xampp\htdocs\toko_ikan4\system\CodeIgniter.php(832): App\Controllers\User->update()
#5 C:\xampp\htdocs\toko_ikan4\system\CodeIgniter.php(419): CodeIgniter\CodeIgniter->runController(Object(App\Controllers\User))
#6 C:\xampp\htdocs\toko_ikan4\system\CodeIgniter.php(326): CodeIgniter\CodeIgniter->handleRequest(NULL, Object(Config\Cache), false)
#7 C:\xampp\htdocs\toko_ikan4\public\index.php(37): CodeIgniter\CodeIgniter->run()
#8 {main}
CRITICAL - 2022-07-04 05:09:32 --> Call to undefined function form_open()
#0 C:\xampp\htdocs\toko_ikan4\system\View\View.php(210): include()
#1 C:\xampp\htdocs\toko_ikan4\system\View\View.php(213): CodeIgniter\View\View->CodeIgniter\View\{closure}()
#2 C:\xampp\htdocs\toko_ikan4\system\Common.php(1089): CodeIgniter\View\View->render('user/update', Array, true)
#3 C:\xampp\htdocs\toko_ikan4\app\Controllers\User.php(58): view('user/update', Array)
#4 C:\xampp\htdocs\toko_ikan4\system\CodeIgniter.php(832): App\Controllers\User->update()
#5 C:\xampp\htdocs\toko_ikan4\system\CodeIgniter.php(419): CodeIgniter\CodeIgniter->runController(Object(App\Controllers\User))
#6 C:\xampp\htdocs\toko_ikan4\system\CodeIgniter.php(326): CodeIgniter\CodeIgniter->handleRequest(NULL, Object(Config\Cache), false)
#7 C:\xampp\htdocs\toko_ikan4\public\index.php(37): CodeIgniter\CodeIgniter->run()
#8 {main}
CRITICAL - 2022-07-04 05:29:44 --> Call to undefined function form_open()
#0 C:\xampp\htdocs\toko_ikan4\system\View\View.php(210): include()
#1 C:\xampp\htdocs\toko_ikan4\system\View\View.php(213): CodeIgniter\View\View->CodeIgniter\View\{closure}()
#2 C:\xampp\htdocs\toko_ikan4\system\Common.php(1089): CodeIgniter\View\View->render('user/update', Array, true)
#3 C:\xampp\htdocs\toko_ikan4\app\Controllers\User.php(58): view('user/update', Array)
#4 C:\xampp\htdocs\toko_ikan4\system\CodeIgniter.php(832): App\Controllers\User->update()
#5 C:\xampp\htdocs\toko_ikan4\system\CodeIgniter.php(419): CodeIgniter\CodeIgniter->runController(Object(App\Controllers\User))
#6 C:\xampp\htdocs\toko_ikan4\system\CodeIgniter.php(326): CodeIgniter\CodeIgniter->handleRequest(NULL, Object(Config\Cache), false)
#7 C:\xampp\htdocs\toko_ikan4\public\index.php(37): CodeIgniter\CodeIgniter->run()
#8 {main}
CRITICAL - 2022-07-04 05:35:21 --> Trying to get property 'rajaongkir' of non-object
#0 C:\xampp\htdocs\toko_ikan4\app\Controllers\Etalase.php(70): CodeIgniter\Debug\Exceptions->errorHandler(8, 'Trying to get p...', 'C:\\xampp\\htdocs...', 70, Array)
#1 C:\xampp\htdocs\toko_ikan4\system\CodeIgniter.php(832): App\Controllers\Etalase->beli('13')
#2 C:\xampp\htdocs\toko_ikan4\system\CodeIgniter.php(419): CodeIgniter\CodeIgniter->runController(Object(App\Controllers\Etalase))
#3 C:\xampp\htdocs\toko_ikan4\system\CodeIgniter.php(326): CodeIgniter\CodeIgniter->handleRequest(NULL, Object(Config\Cache), false)
#4 C:\xampp\htdocs\toko_ikan4\public\index.php(37): CodeIgniter\CodeIgniter->run()
#5 {main}
CRITICAL - 2022-07-04 05:52:47 --> Undefined variable: user_id
#0 C:\xampp\htdocs\toko_ikan4\app\Views\transaksi\index.php(23): CodeIgniter\Debug\Exceptions->errorHandler(8, 'Undefined varia...', 'C:\\xampp\\htdocs...', 23, Array)
#1 C:\xampp\htdocs\toko_ikan4\system\View\View.php(210): include('C:\\xampp\\htdocs...')
#2 C:\xampp\htdocs\toko_ikan4\system\View\View.php(213): CodeIgniter\View\View->CodeIgniter\View\{closure}()
#3 C:\xampp\htdocs\toko_ikan4\system\Common.php(1089): CodeIgniter\View\View->render('transaksi/index...', Array, true)
#4 C:\xampp\htdocs\toko_ikan4\app\Controllers\Transaksi.php(48): view('transaksi/index...', Array)
#5 C:\xampp\htdocs\toko_ikan4\system\CodeIgniter.php(832): App\Controllers\Transaksi->index()
#6 C:\xampp\htdocs\toko_ikan4\system\CodeIgniter.php(419): CodeIgniter\CodeIgniter->runController(Object(App\Controllers\Transaksi))
#7 C:\xampp\htdocs\toko_ikan4\system\CodeIgniter.php(326): CodeIgniter\CodeIgniter->handleRequest(NULL, Object(Config\Cache), false)
#8 C:\xampp\htdocs\toko_ikan4\public\index.php(37): CodeIgniter\CodeIgniter->run()
#9 {main}
