CRITICAL - 2022-04-22 00:43:14 --> Declaration of App\Filters\Auth::before(CodeIgniter\HTTP\RequestInterface $request) must be compatible with CodeIgniter\Filters\FilterInterface::before(CodeIgniter\HTTP\RequestInterface $request, $arguments = NULL)
#0 [internal function]: CodeIgniter\Debug\Exceptions->shutdownHandler()
#1 {main}
CRITICAL - 2022-04-22 08:50:41 --> Class 'App\Entitas\User' not found
#0 [internal function]: CodeIgniter\Debug\Exceptions->shutdownHandler()
#1 {main}
CRITICAL - 2022-04-22 08:52:17 --> Class 'App\Entitas\User' not found
#0 [internal function]: CodeIgniter\Debug\Exceptions->shutdownHandler()
#1 {main}
CRITICAL - 2022-04-22 08:52:40 --> Class 'App\Entitas\User' not found
#0 [internal function]: CodeIgniter\Debug\Exceptions->shutdownHandler()
#1 {main}
CRITICAL - 2022-04-22 08:55:03 --> Invalid file: logout.php
#0 C:\xampp\htdocs\toko_ikan4\system\View\View.php(198): CodeIgniter\Exceptions\FrameworkException::forInvalidFile('logout.php')
#1 C:\xampp\htdocs\toko_ikan4\system\Common.php(1089): CodeIgniter\View\View->render('logout', Array, true)
#2 C:\xampp\htdocs\toko_ikan4\app\Controllers\Auth.php(84): view('logout')
#3 C:\xampp\htdocs\toko_ikan4\system\CodeIgniter.php(832): App\Controllers\Auth->logout()
#4 C:\xampp\htdocs\toko_ikan4\system\CodeIgniter.php(419): CodeIgniter\CodeIgniter->runController(Object(App\Controllers\Auth))
#5 C:\xampp\htdocs\toko_ikan4\system\CodeIgniter.php(326): CodeIgniter\CodeIgniter->handleRequest(NULL, Object(Config\Cache), false)
#6 C:\xampp\htdocs\toko_ikan4\public\index.php(37): CodeIgniter\CodeIgniter->run()
#7 {main}
CRITICAL - 2022-04-22 08:56:25 --> Class 'App\Entitas\User' not found
#0 [internal function]: CodeIgniter\Debug\Exceptions->shutdownHandler()
#1 {main}
CRITICAL - 2022-04-22 09:10:56 --> Class 'App\Entitise\User' not found
#0 [internal function]: CodeIgniter\Debug\Exceptions->shutdownHandler()
#1 {main}
CRITICAL - 2022-04-22 09:11:04 --> Class 'App\Entitise\User' not found
#0 [internal function]: CodeIgniter\Debug\Exceptions->shutdownHandler()
#1 {main}
CRITICAL - 2022-04-22 09:11:18 --> Class 'App\Entitise\User' not found
#0 [internal function]: CodeIgniter\Debug\Exceptions->shutdownHandler()
#1 {main}
CRITICAL - 2022-04-22 09:22:51 --> Class 'App\Entitise\User' not found
#0 [internal function]: CodeIgniter\Debug\Exceptions->shutdownHandler()
#1 {main}
CRITICAL - 2022-04-22 09:24:45 --> Class 'App\Entitise\User' not found
#0 [internal function]: CodeIgniter\Debug\Exceptions->shutdownHandler()
#1 {main}
CRITICAL - 2022-04-22 09:28:47 --> Class 'App\Entitise\User' not found
#0 [internal function]: CodeIgniter\Debug\Exceptions->shutdownHandler()
#1 {main}
CRITICAL - 2022-04-22 09:29:16 --> Class 'App\Entitise\User' not found
#0 [internal function]: CodeIgniter\Debug\Exceptions->shutdownHandler()
#1 {main}
CRITICAL - 2022-04-22 09:38:55 --> Declaration of App\Filters\Auth::before(CodeIgniter\HTTP\RequestInterface $request) must be compatible with CodeIgniter\Filters\FilterInterface::before(CodeIgniter\HTTP\RequestInterface $request, $arguments = NULL)
#0 [internal function]: CodeIgniter\Debug\Exceptions->shutdownHandler()
#1 {main}
CRITICAL - 2022-04-22 09:40:22 --> Declaration of App\Filters\Auth::before(CodeIgniter\HTTP\RequestInterface $request) must be compatible with CodeIgniter\Filters\FilterInterface::before(CodeIgniter\HTTP\RequestInterface $request, $arguments = NULL)
#0 [internal function]: CodeIgniter\Debug\Exceptions->shutdownHandler()
#1 {main}
CRITICAL - 2022-04-22 09:43:36 --> Declaration of App\Filters\Auth::before(CodeIgniter\HTTP\RequestInterface $request) must be compatible with CodeIgniter\Filters\FilterInterface::before(CodeIgniter\HTTP\RequestInterface $request, $arguments = NULL)
#0 [internal function]: CodeIgniter\Debug\Exceptions->shutdownHandler()
#1 {main}
CRITICAL - 2022-04-22 09:43:47 --> Declaration of App\Filters\Auth::before(CodeIgniter\HTTP\RequestInterface $request) must be compatible with CodeIgniter\Filters\FilterInterface::before(CodeIgniter\HTTP\RequestInterface $request, $arguments = NULL)
#0 [internal function]: CodeIgniter\Debug\Exceptions->shutdownHandler()
#1 {main}
CRITICAL - 2022-04-22 09:45:59 --> Invalid file: logout.php
#0 C:\xampp\htdocs\toko_ikan4\system\View\View.php(198): CodeIgniter\Exceptions\FrameworkException::forInvalidFile('logout.php')
#1 C:\xampp\htdocs\toko_ikan4\system\Common.php(1089): CodeIgniter\View\View->render('logout', Array, true)
#2 C:\xampp\htdocs\toko_ikan4\app\Controllers\Auth.php(84): view('logout')
#3 C:\xampp\htdocs\toko_ikan4\system\CodeIgniter.php(832): App\Controllers\Auth->logout()
#4 C:\xampp\htdocs\toko_ikan4\system\CodeIgniter.php(419): CodeIgniter\CodeIgniter->runController(Object(App\Controllers\Auth))
#5 C:\xampp\htdocs\toko_ikan4\system\CodeIgniter.php(326): CodeIgniter\CodeIgniter->handleRequest(NULL, Object(Config\Cache), false)
#6 C:\xampp\htdocs\toko_ikan4\public\index.php(37): CodeIgniter\CodeIgniter->run()
#7 {main}
CRITICAL - 2022-04-22 09:56:48 --> Invalid file: logout.php
#0 C:\xampp\htdocs\toko_ikan4\system\View\View.php(198): CodeIgniter\Exceptions\FrameworkException::forInvalidFile('logout.php')
#1 C:\xampp\htdocs\toko_ikan4\system\Common.php(1089): CodeIgniter\View\View->render('logout', Array, true)
#2 C:\xampp\htdocs\toko_ikan4\app\Controllers\Auth.php(84): view('logout')
#3 C:\xampp\htdocs\toko_ikan4\system\CodeIgniter.php(832): App\Controllers\Auth->logout()
#4 C:\xampp\htdocs\toko_ikan4\system\CodeIgniter.php(419): CodeIgniter\CodeIgniter->runController(Object(App\Controllers\Auth))
#5 C:\xampp\htdocs\toko_ikan4\system\CodeIgniter.php(326): CodeIgniter\CodeIgniter->handleRequest(NULL, Object(Config\Cache), false)
#6 C:\xampp\htdocs\toko_ikan4\public\index.php(37): CodeIgniter\CodeIgniter->run()
#7 {main}
CRITICAL - 2022-04-22 10:02:27 --> Invalid file: logout.php
#0 C:\xampp\htdocs\toko_ikan4\system\View\View.php(198): CodeIgniter\Exceptions\FrameworkException::forInvalidFile('logout.php')
#1 C:\xampp\htdocs\toko_ikan4\system\Common.php(1089): CodeIgniter\View\View->render('logout', Array, true)
#2 C:\xampp\htdocs\toko_ikan4\app\Controllers\Auth.php(84): view('logout')
#3 C:\xampp\htdocs\toko_ikan4\system\CodeIgniter.php(832): App\Controllers\Auth->logout()
#4 C:\xampp\htdocs\toko_ikan4\system\CodeIgniter.php(419): CodeIgniter\CodeIgniter->runController(Object(App\Controllers\Auth))
#5 C:\xampp\htdocs\toko_ikan4\system\CodeIgniter.php(326): CodeIgniter\CodeIgniter->handleRequest(NULL, Object(Config\Cache), false)
#6 C:\xampp\htdocs\toko_ikan4\public\index.php(37): CodeIgniter\CodeIgniter->run()
#7 {main}
CRITICAL - 2022-04-22 10:07:10 --> Trying to get property 'username' of non-object
#0 C:\xampp\htdocs\toko_ikan4\app\Controllers\Auth.php(67): CodeIgniter\Debug\Exceptions->errorHandler(8, 'Trying to get p...', 'C:\\xampp\\htdocs...', 67, Array)
#1 C:\xampp\htdocs\toko_ikan4\system\CodeIgniter.php(832): App\Controllers\Auth->login()
#2 C:\xampp\htdocs\toko_ikan4\system\CodeIgniter.php(419): CodeIgniter\CodeIgniter->runController(Object(App\Controllers\Auth))
#3 C:\xampp\htdocs\toko_ikan4\system\CodeIgniter.php(326): CodeIgniter\CodeIgniter->handleRequest(NULL, Object(Config\Cache), false)
#4 C:\xampp\htdocs\toko_ikan4\public\index.php(37): CodeIgniter\CodeIgniter->run()
#5 {main}
CRITICAL - 2022-04-22 10:11:03 --> syntax error, unexpected ''username'' (T_CONSTANT_ENCAPSED_STRING), expecting identifier (T_STRING) or variable (T_VARIABLE) or '{' or '$'
#0 C:\xampp\htdocs\toko_ikan4\system\Router\Router.php(175): CodeIgniter\Router\Router->autoRoute('Auth/login')
#1 C:\xampp\htdocs\toko_ikan4\system\CodeIgniter.php(726): CodeIgniter\Router\Router->handle('Auth/login')
#2 C:\xampp\htdocs\toko_ikan4\system\CodeIgniter.php(368): CodeIgniter\CodeIgniter->tryToRouteIt(Object(CodeIgniter\Router\RouteCollection))
#3 C:\xampp\htdocs\toko_ikan4\system\CodeIgniter.php(326): CodeIgniter\CodeIgniter->handleRequest(NULL, Object(Config\Cache), false)
#4 C:\xampp\htdocs\toko_ikan4\public\index.php(37): CodeIgniter\CodeIgniter->run()
#5 {main}
CRITICAL - 2022-04-22 10:11:36 --> Trying to get property 'username' of non-object
#0 C:\xampp\htdocs\toko_ikan4\app\Controllers\Auth.php(67): CodeIgniter\Debug\Exceptions->errorHandler(8, 'Trying to get p...', 'C:\\xampp\\htdocs...', 67, Array)
#1 C:\xampp\htdocs\toko_ikan4\system\CodeIgniter.php(832): App\Controllers\Auth->login()
#2 C:\xampp\htdocs\toko_ikan4\system\CodeIgniter.php(419): CodeIgniter\CodeIgniter->runController(Object(App\Controllers\Auth))
#3 C:\xampp\htdocs\toko_ikan4\system\CodeIgniter.php(326): CodeIgniter\CodeIgniter->handleRequest(NULL, Object(Config\Cache), false)
#4 C:\xampp\htdocs\toko_ikan4\public\index.php(37): CodeIgniter\CodeIgniter->run()
#5 {main}
CRITICAL - 2022-04-22 10:12:52 --> syntax error, unexpected ';', expecting ']'
#0 C:\xampp\htdocs\toko_ikan4\system\Router\Router.php(175): CodeIgniter\Router\Router->autoRoute('Auth/login')
#1 C:\xampp\htdocs\toko_ikan4\system\CodeIgniter.php(726): CodeIgniter\Router\Router->handle('Auth/login')
#2 C:\xampp\htdocs\toko_ikan4\system\CodeIgniter.php(368): CodeIgniter\CodeIgniter->tryToRouteIt(Object(CodeIgniter\Router\RouteCollection))
#3 C:\xampp\htdocs\toko_ikan4\system\CodeIgniter.php(326): CodeIgniter\CodeIgniter->handleRequest(NULL, Object(Config\Cache), false)
#4 C:\xampp\htdocs\toko_ikan4\public\index.php(37): CodeIgniter\CodeIgniter->run()
#5 {main}
CRITICAL - 2022-04-22 10:13:57 --> Trying to get property 'username' of non-object
#0 C:\xampp\htdocs\toko_ikan4\app\Controllers\Auth.php(67): CodeIgniter\Debug\Exceptions->errorHandler(8, 'Trying to get p...', 'C:\\xampp\\htdocs...', 67, Array)
#1 C:\xampp\htdocs\toko_ikan4\system\CodeIgniter.php(832): App\Controllers\Auth->login()
#2 C:\xampp\htdocs\toko_ikan4\system\CodeIgniter.php(419): CodeIgniter\CodeIgniter->runController(Object(App\Controllers\Auth))
#3 C:\xampp\htdocs\toko_ikan4\system\CodeIgniter.php(326): CodeIgniter\CodeIgniter->handleRequest(NULL, Object(Config\Cache), false)
#4 C:\xampp\htdocs\toko_ikan4\public\index.php(37): CodeIgniter\CodeIgniter->run()
#5 {main}
CRITICAL - 2022-04-22 10:14:45 --> Trying to get property 'username' of non-object
#0 C:\xampp\htdocs\toko_ikan4\app\Controllers\Auth.php(67): CodeIgniter\Debug\Exceptions->errorHandler(8, 'Trying to get p...', 'C:\\xampp\\htdocs...', 67, Array)
#1 C:\xampp\htdocs\toko_ikan4\system\CodeIgniter.php(832): App\Controllers\Auth->login()
#2 C:\xampp\htdocs\toko_ikan4\system\CodeIgniter.php(419): CodeIgniter\CodeIgniter->runController(Object(App\Controllers\Auth))
#3 C:\xampp\htdocs\toko_ikan4\system\CodeIgniter.php(326): CodeIgniter\CodeIgniter->handleRequest(NULL, Object(Config\Cache), false)
#4 C:\xampp\htdocs\toko_ikan4\public\index.php(37): CodeIgniter\CodeIgniter->run()
#5 {main}
CRITICAL - 2022-04-22 11:43:22 --> Trying to get property 'username' of non-object
#0 C:\xampp\htdocs\toko_ikan4\app\Controllers\Auth.php(67): CodeIgniter\Debug\Exceptions->errorHandler(8, 'Trying to get p...', 'C:\\xampp\\htdocs...', 67, Array)
#1 C:\xampp\htdocs\toko_ikan4\system\CodeIgniter.php(832): App\Controllers\Auth->login()
#2 C:\xampp\htdocs\toko_ikan4\system\CodeIgniter.php(419): CodeIgniter\CodeIgniter->runController(Object(App\Controllers\Auth))
#3 C:\xampp\htdocs\toko_ikan4\system\CodeIgniter.php(326): CodeIgniter\CodeIgniter->handleRequest(NULL, Object(Config\Cache), false)
#4 C:\xampp\htdocs\toko_ikan4\public\index.php(37): CodeIgniter\CodeIgniter->run()
#5 {main}
CRITICAL - 2022-04-22 11:47:58 --> Invalid file: logout.php
#0 C:\xampp\htdocs\toko_ikan4\system\View\View.php(198): CodeIgniter\Exceptions\FrameworkException::forInvalidFile('logout.php')
#1 C:\xampp\htdocs\toko_ikan4\system\Common.php(1089): CodeIgniter\View\View->render('logout', Array, true)
#2 C:\xampp\htdocs\toko_ikan4\app\Controllers\Auth.php(84): view('logout')
#3 C:\xampp\htdocs\toko_ikan4\system\CodeIgniter.php(832): App\Controllers\Auth->logout()
#4 C:\xampp\htdocs\toko_ikan4\system\CodeIgniter.php(419): CodeIgniter\CodeIgniter->runController(Object(App\Controllers\Auth))
#5 C:\xampp\htdocs\toko_ikan4\system\CodeIgniter.php(326): CodeIgniter\CodeIgniter->handleRequest(NULL, Object(Config\Cache), false)
#6 C:\xampp\htdocs\toko_ikan4\public\index.php(37): CodeIgniter\CodeIgniter->run()
#7 {main}
CRITICAL - 2022-04-22 12:48:07 --> Call to undefined method CodeIgniter\Session\Session::logindestroy()
#0 C:\xampp\htdocs\toko_ikan4\system\CodeIgniter.php(832): App\Controllers\Auth->logout()
#1 C:\xampp\htdocs\toko_ikan4\system\CodeIgniter.php(419): CodeIgniter\CodeIgniter->runController(Object(App\Controllers\Auth))
#2 C:\xampp\htdocs\toko_ikan4\system\CodeIgniter.php(326): CodeIgniter\CodeIgniter->handleRequest(NULL, Object(Config\Cache), false)
#3 C:\xampp\htdocs\toko_ikan4\public\index.php(37): CodeIgniter\CodeIgniter->run()
#4 {main}
CRITICAL - 2022-04-22 23:36:07 --> syntax error, unexpected end of file
#0 C:\xampp\htdocs\toko_ikan4\system\Autoloader\Autoloader.php(241): CodeIgniter\Autoloader\Autoloader->includeFile('C:\\xampp\\htdocs...')
#1 C:\xampp\htdocs\toko_ikan4\system\Autoloader\Autoloader.php(219): CodeIgniter\Autoloader\Autoloader->loadInNamespace('App\\Entities\\Us...')
#2 [internal function]: CodeIgniter\Autoloader\Autoloader->loadClass('App\\Entities\\Us...')
#3 C:\xampp\htdocs\toko_ikan4\app\Controllers\Auth.php(25): spl_autoload_call('App\\Entities\\Us...')
#4 C:\xampp\htdocs\toko_ikan4\system\CodeIgniter.php(832): App\Controllers\Auth->register()
#5 C:\xampp\htdocs\toko_ikan4\system\CodeIgniter.php(419): CodeIgniter\CodeIgniter->runController(Object(App\Controllers\Auth))
#6 C:\xampp\htdocs\toko_ikan4\system\CodeIgniter.php(326): CodeIgniter\CodeIgniter->handleRequest(NULL, Object(Config\Cache), false)
#7 C:\xampp\htdocs\toko_ikan4\public\index.php(37): CodeIgniter\CodeIgniter->run()
#8 {main}
