CRITICAL - 2022-06-26 23:41:13 --> unlink(C:\xampp\htdocs\toko_ikan4\writable\session/ci_session1mgvfh8fi906bou5hf5g2hp6doughafa): Permission denied
#0 [internal function]: CodeIgniter\Debug\Exceptions->errorHandler(2, 'unlink(C:\\xampp...', 'C:\\xampp\\htdocs...', 247, Array)
#1 C:\xampp\htdocs\toko_ikan4\system\Session\Handlers\FileHandler.php(247): unlink('C:\\xampp\\htdocs...')
#2 [internal function]: CodeIgniter\Session\Handlers\FileHandler->destroy('1mgvfh8fi906bou...')
#3 C:\xampp\htdocs\toko_ikan4\system\Session\Session.php(423): session_destroy()
#4 C:\xampp\htdocs\toko_ikan4\app\Controllers\Auth.php(83): CodeIgniter\Session\Session->destroy()
#5 C:\xampp\htdocs\toko_ikan4\system\CodeIgniter.php(832): App\Controllers\Auth->logout()
#6 C:\xampp\htdocs\toko_ikan4\system\CodeIgniter.php(419): CodeIgniter\CodeIgniter->runController(Object(App\Controllers\Auth))
#7 C:\xampp\htdocs\toko_ikan4\system\CodeIgniter.php(326): CodeIgniter\CodeIgniter->handleRequest(NULL, Object(Config\Cache), false)
#8 C:\xampp\htdocs\toko_ikan4\public\index.php(37): CodeIgniter\CodeIgniter->run()
#9 {main}
CRITICAL - 2022-06-26 23:41:13 --> filesize(): stat failed for C:\xampp\htdocs\toko_ikan4\writable\session/ci_session1mgvfh8fi906bou5hf5g2hp6doughafa
#0 [internal function]: CodeIgniter\Debug\Exceptions->errorHandler(2, 'filesize(): sta...', 'C:\\xampp\\htdocs...', 161, Array)
#1 C:\xampp\htdocs\toko_ikan4\system\Session\Handlers\FileHandler.php(161): filesize('C:\\xampp\\htdocs...')
#2 [internal function]: CodeIgniter\Session\Handlers\FileHandler->read('1mgvfh8fi906bou...')
#3 C:\xampp\htdocs\toko_ikan4\system\Session\Session.php(894): session_start()
#4 C:\xampp\htdocs\toko_ikan4\system\Session\Session.php(238): CodeIgniter\Session\Session->startSession()
#5 C:\xampp\htdocs\toko_ikan4\system\Config\Services.php(577): CodeIgniter\Session\Session->start()
#6 C:\xampp\htdocs\toko_ikan4\system\Config\BaseService.php(248): CodeIgniter\Config\Services::session(Object(Config\App), false)
#7 C:\xampp\htdocs\toko_ikan4\system\Config\BaseService.php(189): CodeIgniter\Config\BaseService::__callStatic('session', Array)
#8 C:\xampp\htdocs\toko_ikan4\system\Config\Services.php(563): CodeIgniter\Config\BaseService::getSharedInstance('session', NULL)
#9 C:\xampp\htdocs\toko_ikan4\system\Config\BaseService.php(248): CodeIgniter\Config\Services::session()
#10 C:\xampp\htdocs\toko_ikan4\system\Common.php(901): CodeIgniter\Config\BaseService::__callStatic('session', Array)
#11 C:\xampp\htdocs\toko_ikan4\app\Controllers\Auth.php(11): session()
#12 C:\xampp\htdocs\toko_ikan4\system\CodeIgniter.php(809): App\Controllers\Auth->__construct()
#13 C:\xampp\htdocs\toko_ikan4\system\CodeIgniter.php(410): CodeIgniter\CodeIgniter->createController()
#14 C:\xampp\htdocs\toko_ikan4\system\CodeIgniter.php(326): CodeIgniter\CodeIgniter->handleRequest(NULL, Object(Config\Cache), false)
#15 C:\xampp\htdocs\toko_ikan4\public\index.php(37): CodeIgniter\CodeIgniter->run()
#16 {main}
CRITICAL - 2022-06-26 23:41:13 --> filesize(): stat failed for C:\xampp\htdocs\toko_ikan4\writable\session/ci_session1mgvfh8fi906bou5hf5g2hp6doughafa
#0 [internal function]: CodeIgniter\Debug\Exceptions->errorHandler(2, 'filesize(): sta...', 'C:\\xampp\\htdocs...', 161, Array)
#1 C:\xampp\htdocs\toko_ikan4\system\Session\Handlers\FileHandler.php(161): filesize('C:\\xampp\\htdocs...')
#2 [internal function]: CodeIgniter\Session\Handlers\FileHandler->read('1mgvfh8fi906bou...')
#3 C:\xampp\htdocs\toko_ikan4\system\Session\Session.php(894): session_start()
#4 C:\xampp\htdocs\toko_ikan4\system\Session\Session.php(238): CodeIgniter\Session\Session->startSession()
#5 C:\xampp\htdocs\toko_ikan4\system\Config\Services.php(577): CodeIgniter\Session\Session->start()
#6 C:\xampp\htdocs\toko_ikan4\system\Config\BaseService.php(248): CodeIgniter\Config\Services::session(Object(Config\App), false)
#7 C:\xampp\htdocs\toko_ikan4\system\Config\BaseService.php(189): CodeIgniter\Config\BaseService::__callStatic('session', Array)
#8 C:\xampp\htdocs\toko_ikan4\system\Config\Services.php(563): CodeIgniter\Config\BaseService::getSharedInstance('session', NULL)
#9 C:\xampp\htdocs\toko_ikan4\system\Config\BaseService.php(248): CodeIgniter\Config\Services::session()
#10 C:\xampp\htdocs\toko_ikan4\system\Common.php(901): CodeIgniter\Config\BaseService::__callStatic('session', Array)
#11 C:\xampp\htdocs\toko_ikan4\app\Controllers\Auth.php(11): session()
#12 C:\xampp\htdocs\toko_ikan4\system\CodeIgniter.php(809): App\Controllers\Auth->__construct()
#13 C:\xampp\htdocs\toko_ikan4\system\CodeIgniter.php(410): CodeIgniter\CodeIgniter->createController()
#14 C:\xampp\htdocs\toko_ikan4\system\CodeIgniter.php(326): CodeIgniter\CodeIgniter->handleRequest(NULL, Object(Config\Cache), false)
#15 C:\xampp\htdocs\toko_ikan4\public\index.php(37): CodeIgniter\CodeIgniter->run()
#16 {main}
