ERROR - 2022-08-03 21:39:42 --> Cannot delete or update a parent row: a foreign key constraint fails (`toko_ikan`.`transaksi`, CONSTRAINT `transaksi_id_pembeli_foreign` FOREIGN KEY (`id_pembeli`) REFERENCES `user` (`id`) ON DELETE NO ACTION ON UPDATE CASCADE)
CRITICAL - 2022-08-03 21:39:42 --> Cannot delete or update a parent row: a foreign key constraint fails (`toko_ikan`.`transaksi`, CONSTRAINT `transaksi_id_pembeli_foreign` FOREIGN KEY (`id_pembeli`) REFERENCES `user` (`id`) ON DELETE NO ACTION ON UPDATE CASCADE)
#0 C:\xampp\htdocs\toko_ikan4\system\Database\MySQLi\Connection.php(292): mysqli->query('DELETE FROM `us...', 0)
#1 C:\xampp\htdocs\toko_ikan4\system\Database\BaseConnection.php(670): CodeIgniter\Database\MySQLi\Connection->execute('DELETE FROM `us...')
#2 C:\xampp\htdocs\toko_ikan4\system\Database\BaseConnection.php(598): CodeIgniter\Database\BaseConnection->simpleQuery('DELETE FROM `us...')
#3 C:\xampp\htdocs\toko_ikan4\system\Database\BaseBuilder.php(2225): CodeIgniter\Database\BaseConnection->query('DELETE FROM `us...', Array, false)
#4 C:\xampp\htdocs\toko_ikan4\system\Model.php(359): CodeIgniter\Database\BaseBuilder->delete()
#5 C:\xampp\htdocs\toko_ikan4\system\BaseModel.php(963): CodeIgniter\Model->doDelete(Array, false)
#6 C:\xampp\htdocs\toko_ikan4\app\Controllers\User.php(66): CodeIgniter\BaseModel->delete(Array)
#7 C:\xampp\htdocs\toko_ikan4\system\CodeIgniter.php(832): App\Controllers\User->delete('106')
#8 C:\xampp\htdocs\toko_ikan4\system\CodeIgniter.php(419): CodeIgniter\CodeIgniter->runController(Object(App\Controllers\User))
#9 C:\xampp\htdocs\toko_ikan4\system\CodeIgniter.php(326): CodeIgniter\CodeIgniter->handleRequest(NULL, Object(Config\Cache), false)
#10 C:\xampp\htdocs\toko_ikan4\public\index.php(37): CodeIgniter\CodeIgniter->run()
#11 C:\xampp\htdocs\toko_ikan4\system\Commands\Server\rewrite.php(43): require_once('C:\\xampp\\htdocs...')
#12 {main}
ERROR - 2022-08-03 21:40:00 --> Cannot delete or update a parent row: a foreign key constraint fails (`toko_ikan`.`transaksi`, CONSTRAINT `transaksi_id_pembeli_foreign` FOREIGN KEY (`id_pembeli`) REFERENCES `user` (`id`) ON DELETE NO ACTION ON UPDATE CASCADE)
CRITICAL - 2022-08-03 21:40:00 --> Cannot delete or update a parent row: a foreign key constraint fails (`toko_ikan`.`transaksi`, CONSTRAINT `transaksi_id_pembeli_foreign` FOREIGN KEY (`id_pembeli`) REFERENCES `user` (`id`) ON DELETE NO ACTION ON UPDATE CASCADE)
#0 C:\xampp\htdocs\toko_ikan4\system\Database\MySQLi\Connection.php(292): mysqli->query('DELETE FROM `us...', 0)
#1 C:\xampp\htdocs\toko_ikan4\system\Database\BaseConnection.php(670): CodeIgniter\Database\MySQLi\Connection->execute('DELETE FROM `us...')
#2 C:\xampp\htdocs\toko_ikan4\system\Database\BaseConnection.php(598): CodeIgniter\Database\BaseConnection->simpleQuery('DELETE FROM `us...')
#3 C:\xampp\htdocs\toko_ikan4\system\Database\BaseBuilder.php(2225): CodeIgniter\Database\BaseConnection->query('DELETE FROM `us...', Array, false)
#4 C:\xampp\htdocs\toko_ikan4\system\Model.php(359): CodeIgniter\Database\BaseBuilder->delete()
#5 C:\xampp\htdocs\toko_ikan4\system\BaseModel.php(963): CodeIgniter\Model->doDelete(Array, false)
#6 C:\xampp\htdocs\toko_ikan4\app\Controllers\User.php(66): CodeIgniter\BaseModel->delete(Array)
#7 C:\xampp\htdocs\toko_ikan4\system\CodeIgniter.php(832): App\Controllers\User->delete('106')
#8 C:\xampp\htdocs\toko_ikan4\system\CodeIgniter.php(419): CodeIgniter\CodeIgniter->runController(Object(App\Controllers\User))
#9 C:\xampp\htdocs\toko_ikan4\system\CodeIgniter.php(326): CodeIgniter\CodeIgniter->handleRequest(NULL, Object(Config\Cache), false)
#10 C:\xampp\htdocs\toko_ikan4\public\index.php(37): CodeIgniter\CodeIgniter->run()
#11 C:\xampp\htdocs\toko_ikan4\system\Commands\Server\rewrite.php(43): require_once('C:\\xampp\\htdocs...')
#12 {main}
ERROR - 2022-08-03 21:42:05 --> Cannot delete or update a parent row: a foreign key constraint fails (`toko_ikan`.`transaksi`, CONSTRAINT `transaksi_id_pembeli_foreign` FOREIGN KEY (`id_pembeli`) REFERENCES `user` (`id`) ON DELETE NO ACTION ON UPDATE CASCADE)
CRITICAL - 2022-08-03 21:42:05 --> Cannot delete or update a parent row: a foreign key constraint fails (`toko_ikan`.`transaksi`, CONSTRAINT `transaksi_id_pembeli_foreign` FOREIGN KEY (`id_pembeli`) REFERENCES `user` (`id`) ON DELETE NO ACTION ON UPDATE CASCADE)
#0 C:\xampp\htdocs\toko_ikan4\system\Database\MySQLi\Connection.php(292): mysqli->query('DELETE FROM `us...', 0)
#1 C:\xampp\htdocs\toko_ikan4\system\Database\BaseConnection.php(670): CodeIgniter\Database\MySQLi\Connection->execute('DELETE FROM `us...')
#2 C:\xampp\htdocs\toko_ikan4\system\Database\BaseConnection.php(598): CodeIgniter\Database\BaseConnection->simpleQuery('DELETE FROM `us...')
#3 C:\xampp\htdocs\toko_ikan4\system\Database\BaseBuilder.php(2225): CodeIgniter\Database\BaseConnection->query('DELETE FROM `us...', Array, false)
#4 C:\xampp\htdocs\toko_ikan4\system\Model.php(359): CodeIgniter\Database\BaseBuilder->delete()
#5 C:\xampp\htdocs\toko_ikan4\system\BaseModel.php(963): CodeIgniter\Model->doDelete(Array, false)
#6 C:\xampp\htdocs\toko_ikan4\app\Controllers\User.php(66): CodeIgniter\BaseModel->delete(Array)
#7 C:\xampp\htdocs\toko_ikan4\system\CodeIgniter.php(832): App\Controllers\User->delete('106')
#8 C:\xampp\htdocs\toko_ikan4\system\CodeIgniter.php(419): CodeIgniter\CodeIgniter->runController(Object(App\Controllers\User))
#9 C:\xampp\htdocs\toko_ikan4\system\CodeIgniter.php(326): CodeIgniter\CodeIgniter->handleRequest(NULL, Object(Config\Cache), false)
#10 C:\xampp\htdocs\toko_ikan4\public\index.php(37): CodeIgniter\CodeIgniter->run()
#11 C:\xampp\htdocs\toko_ikan4\system\Commands\Server\rewrite.php(43): require_once('C:\\xampp\\htdocs...')
#12 {main}
