CRITICAL - 2022-06-29 04:49:26 --> Trying to get property 'id' of non-object
#0 C:\xampp\htdocs\toko_ikan4\app\Views\transaksi\view.php(5): CodeIgniter\Debug\Exceptions->errorHandler(8, 'Trying to get p...', 'C:\\xampp\\htdocs...', 5, Array)
#1 C:\xampp\htdocs\toko_ikan4\system\View\View.php(210): include('C:\\xampp\\htdocs...')
#2 C:\xampp\htdocs\toko_ikan4\system\View\View.php(213): CodeIgniter\View\View->CodeIgniter\View\{closure}()
#3 C:\xampp\htdocs\toko_ikan4\system\Common.php(1089): CodeIgniter\View\View->render('transaksi/view', Array, true)
#4 C:\xampp\htdocs\toko_ikan4\app\Controllers\Transaksi.php(30): view('transaksi/view', Array)
#5 C:\xampp\htdocs\toko_ikan4\system\CodeIgniter.php(832): App\Controllers\Transaksi->view()
#6 C:\xampp\htdocs\toko_ikan4\system\CodeIgniter.php(419): CodeIgniter\CodeIgniter->runController(Object(App\Controllers\Transaksi))
#7 C:\xampp\htdocs\toko_ikan4\system\CodeIgniter.php(326): CodeIgniter\CodeIgniter->handleRequest(NULL, Object(Config\Cache), false)
#8 C:\xampp\htdocs\toko_ikan4\public\index.php(37): CodeIgniter\CodeIgniter->run()
#9 {main}
CRITICAL - 2022-06-29 09:12:48 --> Trying to get property 'id' of non-object
#0 C:\xampp\htdocs\toko_ikan4\app\Views\transaksi\view.php(5): CodeIgniter\Debug\Exceptions->errorHandler(8, 'Trying to get p...', 'C:\\xampp\\htdocs...', 5, Array)
#1 C:\xampp\htdocs\toko_ikan4\system\View\View.php(210): include('C:\\xampp\\htdocs...')
#2 C:\xampp\htdocs\toko_ikan4\system\View\View.php(213): CodeIgniter\View\View->CodeIgniter\View\{closure}()
#3 C:\xampp\htdocs\toko_ikan4\system\Common.php(1089): CodeIgniter\View\View->render('transaksi/view', Array, true)
#4 C:\xampp\htdocs\toko_ikan4\app\Controllers\Transaksi.php(30): view('transaksi/view', Array)
#5 C:\xampp\htdocs\toko_ikan4\system\CodeIgniter.php(832): App\Controllers\Transaksi->view()
#6 C:\xampp\htdocs\toko_ikan4\system\CodeIgniter.php(419): CodeIgniter\CodeIgniter->runController(Object(App\Controllers\Transaksi))
#7 C:\xampp\htdocs\toko_ikan4\system\CodeIgniter.php(326): CodeIgniter\CodeIgniter->handleRequest(NULL, Object(Config\Cache), false)
#8 C:\xampp\htdocs\toko_ikan4\public\index.php(37): CodeIgniter\CodeIgniter->run()
#9 {main}
CRITICAL - 2022-06-29 09:25:38 --> Trying to get property 'id' of non-object
#0 C:\xampp\htdocs\toko_ikan4\app\Views\transaksi\view.php(5): CodeIgniter\Debug\Exceptions->errorHandler(8, 'Trying to get p...', 'C:\\xampp\\htdocs...', 5, Array)
#1 C:\xampp\htdocs\toko_ikan4\system\View\View.php(210): include('C:\\xampp\\htdocs...')
#2 C:\xampp\htdocs\toko_ikan4\system\View\View.php(213): CodeIgniter\View\View->CodeIgniter\View\{closure}()
#3 C:\xampp\htdocs\toko_ikan4\system\Common.php(1089): CodeIgniter\View\View->render('transaksi/view', Array, true)
#4 C:\xampp\htdocs\toko_ikan4\app\Controllers\Transaksi.php(30): view('transaksi/view', Array)
#5 C:\xampp\htdocs\toko_ikan4\system\CodeIgniter.php(832): App\Controllers\Transaksi->view()
#6 C:\xampp\htdocs\toko_ikan4\system\CodeIgniter.php(419): CodeIgniter\CodeIgniter->runController(Object(App\Controllers\Transaksi))
#7 C:\xampp\htdocs\toko_ikan4\system\CodeIgniter.php(326): CodeIgniter\CodeIgniter->handleRequest(NULL, Object(Config\Cache), false)
#8 C:\xampp\htdocs\toko_ikan4\public\index.php(37): CodeIgniter\CodeIgniter->run()
#9 {main}
CRITICAL - 2022-06-29 09:36:42 --> Trying to get property 'id' of non-object
#0 C:\xampp\htdocs\toko_ikan4\app\Views\transaksi\view.php(5): CodeIgniter\Debug\Exceptions->errorHandler(8, 'Trying to get p...', 'C:\\xampp\\htdocs...', 5, Array)
#1 C:\xampp\htdocs\toko_ikan4\system\View\View.php(210): include('C:\\xampp\\htdocs...')
#2 C:\xampp\htdocs\toko_ikan4\system\View\View.php(213): CodeIgniter\View\View->CodeIgniter\View\{closure}()
#3 C:\xampp\htdocs\toko_ikan4\system\Common.php(1089): CodeIgniter\View\View->render('transaksi/view', Array, true)
#4 C:\xampp\htdocs\toko_ikan4\app\Controllers\Transaksi.php(30): view('transaksi/view', Array)
#5 C:\xampp\htdocs\toko_ikan4\system\CodeIgniter.php(832): App\Controllers\Transaksi->view()
#6 C:\xampp\htdocs\toko_ikan4\system\CodeIgniter.php(419): CodeIgniter\CodeIgniter->runController(Object(App\Controllers\Transaksi))
#7 C:\xampp\htdocs\toko_ikan4\system\CodeIgniter.php(326): CodeIgniter\CodeIgniter->handleRequest(NULL, Object(Config\Cache), false)
#8 C:\xampp\htdocs\toko_ikan4\public\index.php(37): CodeIgniter\CodeIgniter->run()
#9 {main}
CRITICAL - 2022-06-29 09:40:19 --> Trying to get property 'id' of non-object
#0 C:\xampp\htdocs\toko_ikan4\app\Views\transaksi\view.php(5): CodeIgniter\Debug\Exceptions->errorHandler(8, 'Trying to get p...', 'C:\\xampp\\htdocs...', 5, Array)
#1 C:\xampp\htdocs\toko_ikan4\system\View\View.php(210): include('C:\\xampp\\htdocs...')
#2 C:\xampp\htdocs\toko_ikan4\system\View\View.php(213): CodeIgniter\View\View->CodeIgniter\View\{closure}()
#3 C:\xampp\htdocs\toko_ikan4\system\Common.php(1089): CodeIgniter\View\View->render('transaksi/view', Array, true)
#4 C:\xampp\htdocs\toko_ikan4\app\Controllers\Transaksi.php(30): view('transaksi/view', Array)
#5 C:\xampp\htdocs\toko_ikan4\system\CodeIgniter.php(832): App\Controllers\Transaksi->view()
#6 C:\xampp\htdocs\toko_ikan4\system\CodeIgniter.php(419): CodeIgniter\CodeIgniter->runController(Object(App\Controllers\Transaksi))
#7 C:\xampp\htdocs\toko_ikan4\system\CodeIgniter.php(326): CodeIgniter\CodeIgniter->handleRequest(NULL, Object(Config\Cache), false)
#8 C:\xampp\htdocs\toko_ikan4\public\index.php(37): CodeIgniter\CodeIgniter->run()
#9 {main}
CRITICAL - 2022-06-29 09:43:09 --> Trying to get property 'id' of non-object
#0 C:\xampp\htdocs\toko_ikan4\app\Views\transaksi\view.php(5): CodeIgniter\Debug\Exceptions->errorHandler(8, 'Trying to get p...', 'C:\\xampp\\htdocs...', 5, Array)
#1 C:\xampp\htdocs\toko_ikan4\system\View\View.php(210): include('C:\\xampp\\htdocs...')
#2 C:\xampp\htdocs\toko_ikan4\system\View\View.php(213): CodeIgniter\View\View->CodeIgniter\View\{closure}()
#3 C:\xampp\htdocs\toko_ikan4\system\Common.php(1089): CodeIgniter\View\View->render('transaksi/view', Array, true)
#4 C:\xampp\htdocs\toko_ikan4\app\Controllers\Transaksi.php(30): view('transaksi/view', Array)
#5 C:\xampp\htdocs\toko_ikan4\system\CodeIgniter.php(832): App\Controllers\Transaksi->view()
#6 C:\xampp\htdocs\toko_ikan4\system\CodeIgniter.php(419): CodeIgniter\CodeIgniter->runController(Object(App\Controllers\Transaksi))
#7 C:\xampp\htdocs\toko_ikan4\system\CodeIgniter.php(326): CodeIgniter\CodeIgniter->handleRequest(NULL, Object(Config\Cache), false)
#8 C:\xampp\htdocs\toko_ikan4\public\index.php(37): CodeIgniter\CodeIgniter->run()
#9 {main}
CRITICAL - 2022-06-29 09:43:35 --> Trying to get property 'id' of non-object
#0 C:\xampp\htdocs\toko_ikan4\app\Views\transaksi\view.php(5): CodeIgniter\Debug\Exceptions->errorHandler(8, 'Trying to get p...', 'C:\\xampp\\htdocs...', 5, Array)
#1 C:\xampp\htdocs\toko_ikan4\system\View\View.php(210): include('C:\\xampp\\htdocs...')
#2 C:\xampp\htdocs\toko_ikan4\system\View\View.php(213): CodeIgniter\View\View->CodeIgniter\View\{closure}()
#3 C:\xampp\htdocs\toko_ikan4\system\Common.php(1089): CodeIgniter\View\View->render('transaksi/view', Array, true)
#4 C:\xampp\htdocs\toko_ikan4\app\Controllers\Transaksi.php(30): view('transaksi/view', Array)
#5 C:\xampp\htdocs\toko_ikan4\system\CodeIgniter.php(832): App\Controllers\Transaksi->view()
#6 C:\xampp\htdocs\toko_ikan4\system\CodeIgniter.php(419): CodeIgniter\CodeIgniter->runController(Object(App\Controllers\Transaksi))
#7 C:\xampp\htdocs\toko_ikan4\system\CodeIgniter.php(326): CodeIgniter\CodeIgniter->handleRequest(NULL, Object(Config\Cache), false)
#8 C:\xampp\htdocs\toko_ikan4\public\index.php(37): CodeIgniter\CodeIgniter->run()
#9 {main}
CRITICAL - 2022-06-29 09:44:19 --> Trying to get property 'id' of non-object
#0 C:\xampp\htdocs\toko_ikan4\app\Views\transaksi\view.php(5): CodeIgniter\Debug\Exceptions->errorHandler(8, 'Trying to get p...', 'C:\\xampp\\htdocs...', 5, Array)
#1 C:\xampp\htdocs\toko_ikan4\system\View\View.php(210): include('C:\\xampp\\htdocs...')
#2 C:\xampp\htdocs\toko_ikan4\system\View\View.php(213): CodeIgniter\View\View->CodeIgniter\View\{closure}()
#3 C:\xampp\htdocs\toko_ikan4\system\Common.php(1089): CodeIgniter\View\View->render('transaksi/view', Array, true)
#4 C:\xampp\htdocs\toko_ikan4\app\Controllers\Transaksi.php(30): view('transaksi/view', Array)
#5 C:\xampp\htdocs\toko_ikan4\system\CodeIgniter.php(832): App\Controllers\Transaksi->view()
#6 C:\xampp\htdocs\toko_ikan4\system\CodeIgniter.php(419): CodeIgniter\CodeIgniter->runController(Object(App\Controllers\Transaksi))
#7 C:\xampp\htdocs\toko_ikan4\system\CodeIgniter.php(326): CodeIgniter\CodeIgniter->handleRequest(NULL, Object(Config\Cache), false)
#8 C:\xampp\htdocs\toko_ikan4\public\index.php(37): CodeIgniter\CodeIgniter->run()
#9 {main}
