CRITICAL - 2022-07-03 04:53:53 --> Trying to get property 'nama' of non-object
#0 C:\xampp\htdocs\toko_ikan4\app\Views\transaksi\view.php(9): CodeIgniter\Debug\Exceptions->errorHandler(8, 'Trying to get p...', 'C:\\xampp\\htdocs...', 9, Array)
#1 C:\xampp\htdocs\toko_ikan4\system\View\View.php(210): include('C:\\xampp\\htdocs...')
#2 C:\xampp\htdocs\toko_ikan4\system\View\View.php(213): CodeIgniter\View\View->CodeIgniter\View\{closure}()
#3 C:\xampp\htdocs\toko_ikan4\system\Common.php(1089): CodeIgniter\View\View->render('transaksi/view', Array, true)
#4 C:\xampp\htdocs\toko_ikan4\app\Controllers\Transaksi.php(30): view('transaksi/view', Array)
#5 C:\xampp\htdocs\toko_ikan4\system\CodeIgniter.php(832): App\Controllers\Transaksi->view()
#6 C:\xampp\htdocs\toko_ikan4\system\CodeIgniter.php(419): CodeIgniter\CodeIgniter->runController(Object(App\Controllers\Transaksi))
#7 C:\xampp\htdocs\toko_ikan4\system\CodeIgniter.php(326): CodeIgniter\CodeIgniter->handleRequest(NULL, Object(Config\Cache), false)
#8 C:\xampp\htdocs\toko_ikan4\public\index.php(37): CodeIgniter\CodeIgniter->run()
#9 {main}
CRITICAL - 2022-07-03 05:08:28 --> Trying to get property 'nama' of non-object
#0 C:\xampp\htdocs\toko_ikan4\app\Views\transaksi\view.php(9): CodeIgniter\Debug\Exceptions->errorHandler(8, 'Trying to get p...', 'C:\\xampp\\htdocs...', 9, Array)
#1 C:\xampp\htdocs\toko_ikan4\system\View\View.php(210): include('C:\\xampp\\htdocs...')
#2 C:\xampp\htdocs\toko_ikan4\system\View\View.php(213): CodeIgniter\View\View->CodeIgniter\View\{closure}()
#3 C:\xampp\htdocs\toko_ikan4\system\Common.php(1089): CodeIgniter\View\View->render('transaksi/view', Array, true)
#4 C:\xampp\htdocs\toko_ikan4\app\Controllers\Transaksi.php(30): view('transaksi/view', Array)
#5 C:\xampp\htdocs\toko_ikan4\system\CodeIgniter.php(832): App\Controllers\Transaksi->view()
#6 C:\xampp\htdocs\toko_ikan4\system\CodeIgniter.php(419): CodeIgniter\CodeIgniter->runController(Object(App\Controllers\Transaksi))
#7 C:\xampp\htdocs\toko_ikan4\system\CodeIgniter.php(326): CodeIgniter\CodeIgniter->handleRequest(NULL, Object(Config\Cache), false)
#8 C:\xampp\htdocs\toko_ikan4\public\index.php(37): CodeIgniter\CodeIgniter->run()
#9 {main}
CRITICAL - 2022-07-03 05:08:48 --> Trying to get property 'nama' of non-object
#0 C:\xampp\htdocs\toko_ikan4\app\Views\transaksi\view.php(9): CodeIgniter\Debug\Exceptions->errorHandler(8, 'Trying to get p...', 'C:\\xampp\\htdocs...', 9, Array)
#1 C:\xampp\htdocs\toko_ikan4\system\View\View.php(210): include('C:\\xampp\\htdocs...')
#2 C:\xampp\htdocs\toko_ikan4\system\View\View.php(213): CodeIgniter\View\View->CodeIgniter\View\{closure}()
#3 C:\xampp\htdocs\toko_ikan4\system\Common.php(1089): CodeIgniter\View\View->render('transaksi/view', Array, true)
#4 C:\xampp\htdocs\toko_ikan4\app\Controllers\Transaksi.php(30): view('transaksi/view', Array)
#5 C:\xampp\htdocs\toko_ikan4\system\CodeIgniter.php(832): App\Controllers\Transaksi->view()
#6 C:\xampp\htdocs\toko_ikan4\system\CodeIgniter.php(419): CodeIgniter\CodeIgniter->runController(Object(App\Controllers\Transaksi))
#7 C:\xampp\htdocs\toko_ikan4\system\CodeIgniter.php(326): CodeIgniter\CodeIgniter->handleRequest(NULL, Object(Config\Cache), false)
#8 C:\xampp\htdocs\toko_ikan4\public\index.php(37): CodeIgniter\CodeIgniter->run()
#9 {main}
CRITICAL - 2022-07-03 07:40:28 --> Trying to get property 'id_trans' of non-object
#0 C:\xampp\htdocs\toko_ikan4\app\Views\transaksi\view.php(5): CodeIgniter\Debug\Exceptions->errorHandler(8, 'Trying to get p...', 'C:\\xampp\\htdocs...', 5, Array)
#1 C:\xampp\htdocs\toko_ikan4\system\View\View.php(210): include('C:\\xampp\\htdocs...')
#2 C:\xampp\htdocs\toko_ikan4\system\View\View.php(213): CodeIgniter\View\View->CodeIgniter\View\{closure}()
#3 C:\xampp\htdocs\toko_ikan4\system\Common.php(1089): CodeIgniter\View\View->render('transaksi/view', Array, true)
#4 C:\xampp\htdocs\toko_ikan4\app\Controllers\Transaksi.php(30): view('transaksi/view', Array)
#5 C:\xampp\htdocs\toko_ikan4\system\CodeIgniter.php(832): App\Controllers\Transaksi->view()
#6 C:\xampp\htdocs\toko_ikan4\system\CodeIgniter.php(419): CodeIgniter\CodeIgniter->runController(Object(App\Controllers\Transaksi))
#7 C:\xampp\htdocs\toko_ikan4\system\CodeIgniter.php(326): CodeIgniter\CodeIgniter->handleRequest(NULL, Object(Config\Cache), false)
#8 C:\xampp\htdocs\toko_ikan4\public\index.php(37): CodeIgniter\CodeIgniter->run()
#9 {main}
CRITICAL - 2022-07-03 07:54:32 --> Trying to get property 'id_trans' of non-object
#0 C:\xampp\htdocs\toko_ikan4\app\Views\transaksi\view.php(5): CodeIgniter\Debug\Exceptions->errorHandler(8, 'Trying to get p...', 'C:\\xampp\\htdocs...', 5, Array)
#1 C:\xampp\htdocs\toko_ikan4\system\View\View.php(210): include('C:\\xampp\\htdocs...')
#2 C:\xampp\htdocs\toko_ikan4\system\View\View.php(213): CodeIgniter\View\View->CodeIgniter\View\{closure}()
#3 C:\xampp\htdocs\toko_ikan4\system\Common.php(1089): CodeIgniter\View\View->render('transaksi/view', Array, true)
#4 C:\xampp\htdocs\toko_ikan4\app\Controllers\Transaksi.php(30): view('transaksi/view', Array)
#5 C:\xampp\htdocs\toko_ikan4\system\CodeIgniter.php(832): App\Controllers\Transaksi->view()
#6 C:\xampp\htdocs\toko_ikan4\system\CodeIgniter.php(419): CodeIgniter\CodeIgniter->runController(Object(App\Controllers\Transaksi))
#7 C:\xampp\htdocs\toko_ikan4\system\CodeIgniter.php(326): CodeIgniter\CodeIgniter->handleRequest(NULL, Object(Config\Cache), false)
#8 C:\xampp\htdocs\toko_ikan4\public\index.php(37): CodeIgniter\CodeIgniter->run()
#9 {main}
CRITICAL - 2022-07-03 08:45:28 --> Trying to get property 'id_trans' of non-object
#0 C:\xampp\htdocs\toko_ikan4\app\Views\transaksi\view.php(5): CodeIgniter\Debug\Exceptions->errorHandler(8, 'Trying to get p...', 'C:\\xampp\\htdocs...', 5, Array)
#1 C:\xampp\htdocs\toko_ikan4\system\View\View.php(210): include('C:\\xampp\\htdocs...')
#2 C:\xampp\htdocs\toko_ikan4\system\View\View.php(213): CodeIgniter\View\View->CodeIgniter\View\{closure}()
#3 C:\xampp\htdocs\toko_ikan4\system\Common.php(1089): CodeIgniter\View\View->render('transaksi/view', Array, true)
#4 C:\xampp\htdocs\toko_ikan4\app\Controllers\Transaksi.php(30): view('transaksi/view', Array)
#5 C:\xampp\htdocs\toko_ikan4\system\CodeIgniter.php(832): App\Controllers\Transaksi->view()
#6 C:\xampp\htdocs\toko_ikan4\system\CodeIgniter.php(419): CodeIgniter\CodeIgniter->runController(Object(App\Controllers\Transaksi))
#7 C:\xampp\htdocs\toko_ikan4\system\CodeIgniter.php(326): CodeIgniter\CodeIgniter->handleRequest(NULL, Object(Config\Cache), false)
#8 C:\xampp\htdocs\toko_ikan4\public\index.php(37): CodeIgniter\CodeIgniter->run()
#9 {main}
CRITICAL - 2022-07-03 08:49:59 --> Trying to get property 'id_trans' of non-object
#0 C:\xampp\htdocs\toko_ikan4\app\Views\transaksi\view.php(5): CodeIgniter\Debug\Exceptions->errorHandler(8, 'Trying to get p...', 'C:\\xampp\\htdocs...', 5, Array)
#1 C:\xampp\htdocs\toko_ikan4\system\View\View.php(210): include('C:\\xampp\\htdocs...')
#2 C:\xampp\htdocs\toko_ikan4\system\View\View.php(213): CodeIgniter\View\View->CodeIgniter\View\{closure}()
#3 C:\xampp\htdocs\toko_ikan4\system\Common.php(1089): CodeIgniter\View\View->render('transaksi/view', Array, true)
#4 C:\xampp\htdocs\toko_ikan4\app\Controllers\Transaksi.php(30): view('transaksi/view', Array)
#5 C:\xampp\htdocs\toko_ikan4\system\CodeIgniter.php(832): App\Controllers\Transaksi->view()
#6 C:\xampp\htdocs\toko_ikan4\system\CodeIgniter.php(419): CodeIgniter\CodeIgniter->runController(Object(App\Controllers\Transaksi))
#7 C:\xampp\htdocs\toko_ikan4\system\CodeIgniter.php(326): CodeIgniter\CodeIgniter->handleRequest(NULL, Object(Config\Cache), false)
#8 C:\xampp\htdocs\toko_ikan4\public\index.php(37): CodeIgniter\CodeIgniter->run()
#9 {main}
CRITICAL - 2022-07-03 08:51:38 --> Trying to get property 'id_trans' of non-object
#0 C:\xampp\htdocs\toko_ikan4\app\Views\transaksi\view.php(5): CodeIgniter\Debug\Exceptions->errorHandler(8, 'Trying to get p...', 'C:\\xampp\\htdocs...', 5, Array)
#1 C:\xampp\htdocs\toko_ikan4\system\View\View.php(210): include('C:\\xampp\\htdocs...')
#2 C:\xampp\htdocs\toko_ikan4\system\View\View.php(213): CodeIgniter\View\View->CodeIgniter\View\{closure}()
#3 C:\xampp\htdocs\toko_ikan4\system\Common.php(1089): CodeIgniter\View\View->render('transaksi/view', Array, true)
#4 C:\xampp\htdocs\toko_ikan4\app\Controllers\Transaksi.php(30): view('transaksi/view', Array)
#5 C:\xampp\htdocs\toko_ikan4\system\CodeIgniter.php(832): App\Controllers\Transaksi->view()
#6 C:\xampp\htdocs\toko_ikan4\system\CodeIgniter.php(419): CodeIgniter\CodeIgniter->runController(Object(App\Controllers\Transaksi))
#7 C:\xampp\htdocs\toko_ikan4\system\CodeIgniter.php(326): CodeIgniter\CodeIgniter->handleRequest(NULL, Object(Config\Cache), false)
#8 C:\xampp\htdocs\toko_ikan4\public\index.php(37): CodeIgniter\CodeIgniter->run()
#9 {main}
CRITICAL - 2022-07-03 08:58:19 --> Trying to get property 'id_trans' of non-object
#0 C:\xampp\htdocs\toko_ikan4\app\Views\transaksi\view.php(5): CodeIgniter\Debug\Exceptions->errorHandler(8, 'Trying to get p...', 'C:\\xampp\\htdocs...', 5, Array)
#1 C:\xampp\htdocs\toko_ikan4\system\View\View.php(210): include('C:\\xampp\\htdocs...')
#2 C:\xampp\htdocs\toko_ikan4\system\View\View.php(213): CodeIgniter\View\View->CodeIgniter\View\{closure}()
#3 C:\xampp\htdocs\toko_ikan4\system\Common.php(1089): CodeIgniter\View\View->render('transaksi/view', Array, true)
#4 C:\xampp\htdocs\toko_ikan4\app\Controllers\Transaksi.php(30): view('transaksi/view', Array)
#5 C:\xampp\htdocs\toko_ikan4\system\CodeIgniter.php(832): App\Controllers\Transaksi->view()
#6 C:\xampp\htdocs\toko_ikan4\system\CodeIgniter.php(419): CodeIgniter\CodeIgniter->runController(Object(App\Controllers\Transaksi))
#7 C:\xampp\htdocs\toko_ikan4\system\CodeIgniter.php(326): CodeIgniter\CodeIgniter->handleRequest(NULL, Object(Config\Cache), false)
#8 C:\xampp\htdocs\toko_ikan4\public\index.php(37): CodeIgniter\CodeIgniter->run()
#9 {main}
CRITICAL - 2022-07-03 08:58:55 --> Trying to get property 'id_trans' of non-object
#0 C:\xampp\htdocs\toko_ikan4\app\Views\transaksi\view.php(5): CodeIgniter\Debug\Exceptions->errorHandler(8, 'Trying to get p...', 'C:\\xampp\\htdocs...', 5, Array)
#1 C:\xampp\htdocs\toko_ikan4\system\View\View.php(210): include('C:\\xampp\\htdocs...')
#2 C:\xampp\htdocs\toko_ikan4\system\View\View.php(213): CodeIgniter\View\View->CodeIgniter\View\{closure}()
#3 C:\xampp\htdocs\toko_ikan4\system\Common.php(1089): CodeIgniter\View\View->render('transaksi/view', Array, true)
#4 C:\xampp\htdocs\toko_ikan4\app\Controllers\Transaksi.php(30): view('transaksi/view', Array)
#5 C:\xampp\htdocs\toko_ikan4\system\CodeIgniter.php(832): App\Controllers\Transaksi->view()
#6 C:\xampp\htdocs\toko_ikan4\system\CodeIgniter.php(419): CodeIgniter\CodeIgniter->runController(Object(App\Controllers\Transaksi))
#7 C:\xampp\htdocs\toko_ikan4\system\CodeIgniter.php(326): CodeIgniter\CodeIgniter->handleRequest(NULL, Object(Config\Cache), false)
#8 C:\xampp\htdocs\toko_ikan4\public\index.php(37): CodeIgniter\CodeIgniter->run()
#9 {main}
CRITICAL - 2022-07-03 08:59:09 --> Trying to get property 'id_trans' of non-object
#0 C:\xampp\htdocs\toko_ikan4\app\Views\transaksi\view.php(5): CodeIgniter\Debug\Exceptions->errorHandler(8, 'Trying to get p...', 'C:\\xampp\\htdocs...', 5, Array)
#1 C:\xampp\htdocs\toko_ikan4\system\View\View.php(210): include('C:\\xampp\\htdocs...')
#2 C:\xampp\htdocs\toko_ikan4\system\View\View.php(213): CodeIgniter\View\View->CodeIgniter\View\{closure}()
#3 C:\xampp\htdocs\toko_ikan4\system\Common.php(1089): CodeIgniter\View\View->render('transaksi/view', Array, true)
#4 C:\xampp\htdocs\toko_ikan4\app\Controllers\Transaksi.php(30): view('transaksi/view', Array)
#5 C:\xampp\htdocs\toko_ikan4\system\CodeIgniter.php(832): App\Controllers\Transaksi->view()
#6 C:\xampp\htdocs\toko_ikan4\system\CodeIgniter.php(419): CodeIgniter\CodeIgniter->runController(Object(App\Controllers\Transaksi))
#7 C:\xampp\htdocs\toko_ikan4\system\CodeIgniter.php(326): CodeIgniter\CodeIgniter->handleRequest(NULL, Object(Config\Cache), false)
#8 C:\xampp\htdocs\toko_ikan4\public\index.php(37): CodeIgniter\CodeIgniter->run()
#9 {main}
CRITICAL - 2022-07-03 09:00:30 --> Trying to get property 'nama' of non-object
#0 C:\xampp\htdocs\toko_ikan4\app\Views\transaksi\view.php(10): CodeIgniter\Debug\Exceptions->errorHandler(8, 'Trying to get p...', 'C:\\xampp\\htdocs...', 10, Array)
#1 C:\xampp\htdocs\toko_ikan4\system\View\View.php(210): include('C:\\xampp\\htdocs...')
#2 C:\xampp\htdocs\toko_ikan4\system\View\View.php(213): CodeIgniter\View\View->CodeIgniter\View\{closure}()
#3 C:\xampp\htdocs\toko_ikan4\system\Common.php(1089): CodeIgniter\View\View->render('transaksi/view', Array, true)
#4 C:\xampp\htdocs\toko_ikan4\app\Controllers\Transaksi.php(30): view('transaksi/view', Array)
#5 C:\xampp\htdocs\toko_ikan4\system\CodeIgniter.php(832): App\Controllers\Transaksi->view()
#6 C:\xampp\htdocs\toko_ikan4\system\CodeIgniter.php(419): CodeIgniter\CodeIgniter->runController(Object(App\Controllers\Transaksi))
#7 C:\xampp\htdocs\toko_ikan4\system\CodeIgniter.php(326): CodeIgniter\CodeIgniter->handleRequest(NULL, Object(Config\Cache), false)
#8 C:\xampp\htdocs\toko_ikan4\public\index.php(37): CodeIgniter\CodeIgniter->run()
#9 {main}
CRITICAL - 2022-07-03 09:00:59 --> Trying to get property 'username' of non-object
#0 C:\xampp\htdocs\toko_ikan4\app\Views\transaksi\view.php(14): CodeIgniter\Debug\Exceptions->errorHandler(8, 'Trying to get p...', 'C:\\xampp\\htdocs...', 14, Array)
#1 C:\xampp\htdocs\toko_ikan4\system\View\View.php(210): include('C:\\xampp\\htdocs...')
#2 C:\xampp\htdocs\toko_ikan4\system\View\View.php(213): CodeIgniter\View\View->CodeIgniter\View\{closure}()
#3 C:\xampp\htdocs\toko_ikan4\system\Common.php(1089): CodeIgniter\View\View->render('transaksi/view', Array, true)
#4 C:\xampp\htdocs\toko_ikan4\app\Controllers\Transaksi.php(30): view('transaksi/view', Array)
#5 C:\xampp\htdocs\toko_ikan4\system\CodeIgniter.php(832): App\Controllers\Transaksi->view()
#6 C:\xampp\htdocs\toko_ikan4\system\CodeIgniter.php(419): CodeIgniter\CodeIgniter->runController(Object(App\Controllers\Transaksi))
#7 C:\xampp\htdocs\toko_ikan4\system\CodeIgniter.php(326): CodeIgniter\CodeIgniter->handleRequest(NULL, Object(Config\Cache), false)
#8 C:\xampp\htdocs\toko_ikan4\public\index.php(37): CodeIgniter\CodeIgniter->run()
#9 {main}
CRITICAL - 2022-07-03 09:03:14 --> Trying to get property 'id_trans' of non-object
#0 C:\xampp\htdocs\toko_ikan4\app\Views\transaksi\view.php(5): CodeIgniter\Debug\Exceptions->errorHandler(8, 'Trying to get p...', 'C:\\xampp\\htdocs...', 5, Array)
#1 C:\xampp\htdocs\toko_ikan4\system\View\View.php(210): include('C:\\xampp\\htdocs...')
#2 C:\xampp\htdocs\toko_ikan4\system\View\View.php(213): CodeIgniter\View\View->CodeIgniter\View\{closure}()
#3 C:\xampp\htdocs\toko_ikan4\system\Common.php(1089): CodeIgniter\View\View->render('transaksi/view', Array, true)
#4 C:\xampp\htdocs\toko_ikan4\app\Controllers\Transaksi.php(30): view('transaksi/view', Array)
#5 C:\xampp\htdocs\toko_ikan4\system\CodeIgniter.php(832): App\Controllers\Transaksi->view()
#6 C:\xampp\htdocs\toko_ikan4\system\CodeIgniter.php(419): CodeIgniter\CodeIgniter->runController(Object(App\Controllers\Transaksi))
#7 C:\xampp\htdocs\toko_ikan4\system\CodeIgniter.php(326): CodeIgniter\CodeIgniter->handleRequest(NULL, Object(Config\Cache), false)
#8 C:\xampp\htdocs\toko_ikan4\public\index.php(37): CodeIgniter\CodeIgniter->run()
#9 {main}
CRITICAL - 2022-07-03 09:03:23 --> Trying to get property 'id_trans' of non-object
#0 C:\xampp\htdocs\toko_ikan4\app\Views\transaksi\view.php(5): CodeIgniter\Debug\Exceptions->errorHandler(8, 'Trying to get p...', 'C:\\xampp\\htdocs...', 5, Array)
#1 C:\xampp\htdocs\toko_ikan4\system\View\View.php(210): include('C:\\xampp\\htdocs...')
#2 C:\xampp\htdocs\toko_ikan4\system\View\View.php(213): CodeIgniter\View\View->CodeIgniter\View\{closure}()
#3 C:\xampp\htdocs\toko_ikan4\system\Common.php(1089): CodeIgniter\View\View->render('transaksi/view', Array, true)
#4 C:\xampp\htdocs\toko_ikan4\app\Controllers\Transaksi.php(30): view('transaksi/view', Array)
#5 C:\xampp\htdocs\toko_ikan4\system\CodeIgniter.php(832): App\Controllers\Transaksi->view()
#6 C:\xampp\htdocs\toko_ikan4\system\CodeIgniter.php(419): CodeIgniter\CodeIgniter->runController(Object(App\Controllers\Transaksi))
#7 C:\xampp\htdocs\toko_ikan4\system\CodeIgniter.php(326): CodeIgniter\CodeIgniter->handleRequest(NULL, Object(Config\Cache), false)
#8 C:\xampp\htdocs\toko_ikan4\public\index.php(37): CodeIgniter\CodeIgniter->run()
#9 {main}
CRITICAL - 2022-07-03 09:10:57 --> Trying to get property 'id_trans' of non-object
#0 C:\xampp\htdocs\toko_ikan4\app\Views\transaksi\view.php(5): CodeIgniter\Debug\Exceptions->errorHandler(8, 'Trying to get p...', 'C:\\xampp\\htdocs...', 5, Array)
#1 C:\xampp\htdocs\toko_ikan4\system\View\View.php(210): include('C:\\xampp\\htdocs...')
#2 C:\xampp\htdocs\toko_ikan4\system\View\View.php(213): CodeIgniter\View\View->CodeIgniter\View\{closure}()
#3 C:\xampp\htdocs\toko_ikan4\system\Common.php(1089): CodeIgniter\View\View->render('transaksi/view', Array, true)
#4 C:\xampp\htdocs\toko_ikan4\app\Controllers\Transaksi.php(30): view('transaksi/view', Array)
#5 C:\xampp\htdocs\toko_ikan4\system\CodeIgniter.php(832): App\Controllers\Transaksi->view()
#6 C:\xampp\htdocs\toko_ikan4\system\CodeIgniter.php(419): CodeIgniter\CodeIgniter->runController(Object(App\Controllers\Transaksi))
#7 C:\xampp\htdocs\toko_ikan4\system\CodeIgniter.php(326): CodeIgniter\CodeIgniter->handleRequest(NULL, Object(Config\Cache), false)
#8 C:\xampp\htdocs\toko_ikan4\public\index.php(37): CodeIgniter\CodeIgniter->run()
#9 {main}
CRITICAL - 2022-07-03 09:19:05 --> Trying to get property 'id_trans' of non-object
#0 C:\xampp\htdocs\toko_ikan4\app\Views\transaksi\view.php(5): CodeIgniter\Debug\Exceptions->errorHandler(8, 'Trying to get p...', 'C:\\xampp\\htdocs...', 5, Array)
#1 C:\xampp\htdocs\toko_ikan4\system\View\View.php(210): include('C:\\xampp\\htdocs...')
#2 C:\xampp\htdocs\toko_ikan4\system\View\View.php(213): CodeIgniter\View\View->CodeIgniter\View\{closure}()
#3 C:\xampp\htdocs\toko_ikan4\system\Common.php(1089): CodeIgniter\View\View->render('transaksi/view', Array, true)
#4 C:\xampp\htdocs\toko_ikan4\app\Controllers\Transaksi.php(30): view('transaksi/view', Array)
#5 C:\xampp\htdocs\toko_ikan4\system\CodeIgniter.php(832): App\Controllers\Transaksi->view()
#6 C:\xampp\htdocs\toko_ikan4\system\CodeIgniter.php(419): CodeIgniter\CodeIgniter->runController(Object(App\Controllers\Transaksi))
#7 C:\xampp\htdocs\toko_ikan4\system\CodeIgniter.php(326): CodeIgniter\CodeIgniter->handleRequest(NULL, Object(Config\Cache), false)
#8 C:\xampp\htdocs\toko_ikan4\public\index.php(37): CodeIgniter\CodeIgniter->run()
#9 {main}
CRITICAL - 2022-07-03 09:32:38 --> Trying to get property 'id_trans' of non-object
#0 C:\xampp\htdocs\toko_ikan4\app\Views\transaksi\view.php(5): CodeIgniter\Debug\Exceptions->errorHandler(8, 'Trying to get p...', 'C:\\xampp\\htdocs...', 5, Array)
#1 C:\xampp\htdocs\toko_ikan4\system\View\View.php(210): include('C:\\xampp\\htdocs...')
#2 C:\xampp\htdocs\toko_ikan4\system\View\View.php(213): CodeIgniter\View\View->CodeIgniter\View\{closure}()
#3 C:\xampp\htdocs\toko_ikan4\system\Common.php(1089): CodeIgniter\View\View->render('transaksi/view', Array, true)
#4 C:\xampp\htdocs\toko_ikan4\app\Controllers\Transaksi.php(30): view('transaksi/view', Array)
#5 C:\xampp\htdocs\toko_ikan4\system\CodeIgniter.php(832): App\Controllers\Transaksi->view()
#6 C:\xampp\htdocs\toko_ikan4\system\CodeIgniter.php(419): CodeIgniter\CodeIgniter->runController(Object(App\Controllers\Transaksi))
#7 C:\xampp\htdocs\toko_ikan4\system\CodeIgniter.php(326): CodeIgniter\CodeIgniter->handleRequest(NULL, Object(Config\Cache), false)
#8 C:\xampp\htdocs\toko_ikan4\public\index.php(37): CodeIgniter\CodeIgniter->run()
#9 {main}
CRITICAL - 2022-07-03 09:35:12 --> Trying to get property 'id_trans' of non-object
#0 C:\xampp\htdocs\toko_ikan4\app\Views\transaksi\view.php(5): CodeIgniter\Debug\Exceptions->errorHandler(8, 'Trying to get p...', 'C:\\xampp\\htdocs...', 5, Array)
#1 C:\xampp\htdocs\toko_ikan4\system\View\View.php(210): include('C:\\xampp\\htdocs...')
#2 C:\xampp\htdocs\toko_ikan4\system\View\View.php(213): CodeIgniter\View\View->CodeIgniter\View\{closure}()
#3 C:\xampp\htdocs\toko_ikan4\system\Common.php(1089): CodeIgniter\View\View->render('transaksi/view', Array, true)
#4 C:\xampp\htdocs\toko_ikan4\app\Controllers\Transaksi.php(30): view('transaksi/view', Array)
#5 C:\xampp\htdocs\toko_ikan4\system\CodeIgniter.php(832): App\Controllers\Transaksi->view()
#6 C:\xampp\htdocs\toko_ikan4\system\CodeIgniter.php(419): CodeIgniter\CodeIgniter->runController(Object(App\Controllers\Transaksi))
#7 C:\xampp\htdocs\toko_ikan4\system\CodeIgniter.php(326): CodeIgniter\CodeIgniter->handleRequest(NULL, Object(Config\Cache), false)
#8 C:\xampp\htdocs\toko_ikan4\public\index.php(37): CodeIgniter\CodeIgniter->run()
#9 {main}
CRITICAL - 2022-07-03 09:35:18 --> Trying to get property 'id_trans' of non-object
#0 C:\xampp\htdocs\toko_ikan4\app\Views\transaksi\view.php(5): CodeIgniter\Debug\Exceptions->errorHandler(8, 'Trying to get p...', 'C:\\xampp\\htdocs...', 5, Array)
#1 C:\xampp\htdocs\toko_ikan4\system\View\View.php(210): include('C:\\xampp\\htdocs...')
#2 C:\xampp\htdocs\toko_ikan4\system\View\View.php(213): CodeIgniter\View\View->CodeIgniter\View\{closure}()
#3 C:\xampp\htdocs\toko_ikan4\system\Common.php(1089): CodeIgniter\View\View->render('transaksi/view', Array, true)
#4 C:\xampp\htdocs\toko_ikan4\app\Controllers\Transaksi.php(30): view('transaksi/view', Array)
#5 C:\xampp\htdocs\toko_ikan4\system\CodeIgniter.php(832): App\Controllers\Transaksi->view()
#6 C:\xampp\htdocs\toko_ikan4\system\CodeIgniter.php(419): CodeIgniter\CodeIgniter->runController(Object(App\Controllers\Transaksi))
#7 C:\xampp\htdocs\toko_ikan4\system\CodeIgniter.php(326): CodeIgniter\CodeIgniter->handleRequest(NULL, Object(Config\Cache), false)
#8 C:\xampp\htdocs\toko_ikan4\public\index.php(37): CodeIgniter\CodeIgniter->run()
#9 {main}
CRITICAL - 2022-07-03 10:18:20 --> Trying to get property 'id_trans' of non-object
#0 C:\xampp\htdocs\toko_ikan4\app\Views\transaksi\view.php(5): CodeIgniter\Debug\Exceptions->errorHandler(8, 'Trying to get p...', 'C:\\xampp\\htdocs...', 5, Array)
#1 C:\xampp\htdocs\toko_ikan4\system\View\View.php(210): include('C:\\xampp\\htdocs...')
#2 C:\xampp\htdocs\toko_ikan4\system\View\View.php(213): CodeIgniter\View\View->CodeIgniter\View\{closure}()
#3 C:\xampp\htdocs\toko_ikan4\system\Common.php(1089): CodeIgniter\View\View->render('transaksi/view', Array, true)
#4 C:\xampp\htdocs\toko_ikan4\app\Controllers\Transaksi.php(30): view('transaksi/view', Array)
#5 C:\xampp\htdocs\toko_ikan4\system\CodeIgniter.php(832): App\Controllers\Transaksi->view()
#6 C:\xampp\htdocs\toko_ikan4\system\CodeIgniter.php(419): CodeIgniter\CodeIgniter->runController(Object(App\Controllers\Transaksi))
#7 C:\xampp\htdocs\toko_ikan4\system\CodeIgniter.php(326): CodeIgniter\CodeIgniter->handleRequest(NULL, Object(Config\Cache), false)
#8 C:\xampp\htdocs\toko_ikan4\public\index.php(37): CodeIgniter\CodeIgniter->run()
#9 {main}
CRITICAL - 2022-07-03 17:36:36 --> Trying to get property 'id_trans' of non-object
#0 C:\xampp\htdocs\toko_ikan4\app\Views\transaksi\view.php(5): CodeIgniter\Debug\Exceptions->errorHandler(8, 'Trying to get p...', 'C:\\xampp\\htdocs...', 5, Array)
#1 C:\xampp\htdocs\toko_ikan4\system\View\View.php(210): include('C:\\xampp\\htdocs...')
#2 C:\xampp\htdocs\toko_ikan4\system\View\View.php(213): CodeIgniter\View\View->CodeIgniter\View\{closure}()
#3 C:\xampp\htdocs\toko_ikan4\system\Common.php(1089): CodeIgniter\View\View->render('transaksi/view', Array, true)
#4 C:\xampp\htdocs\toko_ikan4\app\Controllers\Transaksi.php(30): view('transaksi/view', Array)
#5 C:\xampp\htdocs\toko_ikan4\system\CodeIgniter.php(832): App\Controllers\Transaksi->view()
#6 C:\xampp\htdocs\toko_ikan4\system\CodeIgniter.php(419): CodeIgniter\CodeIgniter->runController(Object(App\Controllers\Transaksi))
#7 C:\xampp\htdocs\toko_ikan4\system\CodeIgniter.php(326): CodeIgniter\CodeIgniter->handleRequest(NULL, Object(Config\Cache), false)
#8 C:\xampp\htdocs\toko_ikan4\public\index.php(37): CodeIgniter\CodeIgniter->run()
#9 {main}
CRITICAL - 2022-07-03 17:51:31 --> Undefined variable: transaksi
#0 C:\xampp\htdocs\toko_ikan4\app\Views\navbar.php(48): CodeIgniter\Debug\Exceptions->errorHandler(8, 'Undefined varia...', 'C:\\xampp\\htdocs...', 48, Array)
#1 C:\xampp\htdocs\toko_ikan4\system\View\View.php(210): include('C:\\xampp\\htdocs...')
#2 C:\xampp\htdocs\toko_ikan4\system\View\View.php(213): CodeIgniter\View\View->CodeIgniter\View\{closure}()
#3 C:\xampp\htdocs\toko_ikan4\system\View\View.php(424): CodeIgniter\View\View->render('navbar', NULL, true)
#4 C:\xampp\htdocs\toko_ikan4\app\Views\layout.php(38): CodeIgniter\View\View->include('navbar')
#5 C:\xampp\htdocs\toko_ikan4\system\View\View.php(210): include('C:\\xampp\\htdocs...')
#6 C:\xampp\htdocs\toko_ikan4\system\View\View.php(213): CodeIgniter\View\View->CodeIgniter\View\{closure}()
#7 C:\xampp\htdocs\toko_ikan4\system\View\View.php(226): CodeIgniter\View\View->render('layout', Array, true)
#8 C:\xampp\htdocs\toko_ikan4\system\Common.php(1089): CodeIgniter\View\View->render('transaksi/index...', Array, true)
#9 C:\xampp\htdocs\toko_ikan4\app\Controllers\Transaksi.php(39): view('transaksi/index...', Array)
#10 C:\xampp\htdocs\toko_ikan4\system\CodeIgniter.php(832): App\Controllers\Transaksi->index()
#11 C:\xampp\htdocs\toko_ikan4\system\CodeIgniter.php(419): CodeIgniter\CodeIgniter->runController(Object(App\Controllers\Transaksi))
#12 C:\xampp\htdocs\toko_ikan4\system\CodeIgniter.php(326): CodeIgniter\CodeIgniter->handleRequest(NULL, Object(Config\Cache), false)
#13 C:\xampp\htdocs\toko_ikan4\public\index.php(37): CodeIgniter\CodeIgniter->run()
#14 {main}
CRITICAL - 2022-07-03 17:53:18 --> Undefined variable: transaksi
#0 C:\xampp\htdocs\toko_ikan4\app\Views\navbar.php(48): CodeIgniter\Debug\Exceptions->errorHandler(8, 'Undefined varia...', 'C:\\xampp\\htdocs...', 48, Array)
#1 C:\xampp\htdocs\toko_ikan4\system\View\View.php(210): include('C:\\xampp\\htdocs...')
#2 C:\xampp\htdocs\toko_ikan4\system\View\View.php(213): CodeIgniter\View\View->CodeIgniter\View\{closure}()
#3 C:\xampp\htdocs\toko_ikan4\system\View\View.php(424): CodeIgniter\View\View->render('navbar', NULL, true)
#4 C:\xampp\htdocs\toko_ikan4\app\Views\layout.php(38): CodeIgniter\View\View->include('navbar')
#5 C:\xampp\htdocs\toko_ikan4\system\View\View.php(210): include('C:\\xampp\\htdocs...')
#6 C:\xampp\htdocs\toko_ikan4\system\View\View.php(213): CodeIgniter\View\View->CodeIgniter\View\{closure}()
#7 C:\xampp\htdocs\toko_ikan4\system\View\View.php(226): CodeIgniter\View\View->render('layout', Array, true)
#8 C:\xampp\htdocs\toko_ikan4\system\Common.php(1089): CodeIgniter\View\View->render('transaksi/index...', Array, true)
#9 C:\xampp\htdocs\toko_ikan4\app\Controllers\Transaksi.php(39): view('transaksi/index...', Array)
#10 C:\xampp\htdocs\toko_ikan4\system\CodeIgniter.php(832): App\Controllers\Transaksi->index()
#11 C:\xampp\htdocs\toko_ikan4\system\CodeIgniter.php(419): CodeIgniter\CodeIgniter->runController(Object(App\Controllers\Transaksi))
#12 C:\xampp\htdocs\toko_ikan4\system\CodeIgniter.php(326): CodeIgniter\CodeIgniter->handleRequest(NULL, Object(Config\Cache), false)
#13 C:\xampp\htdocs\toko_ikan4\public\index.php(37): CodeIgniter\CodeIgniter->run()
#14 {main}
CRITICAL - 2022-07-03 18:01:18 --> syntax error, unexpected ')'
#0 C:\xampp\htdocs\toko_ikan4\system\View\View.php(213): CodeIgniter\View\View->CodeIgniter\View\{closure}()
#1 C:\xampp\htdocs\toko_ikan4\system\Common.php(1089): CodeIgniter\View\View->render('transaksi/index...', Array, true)
#2 C:\xampp\htdocs\toko_ikan4\app\Controllers\Transaksi.php(39): view('transaksi/index...', Array)
#3 C:\xampp\htdocs\toko_ikan4\system\CodeIgniter.php(832): App\Controllers\Transaksi->index()
#4 C:\xampp\htdocs\toko_ikan4\system\CodeIgniter.php(419): CodeIgniter\CodeIgniter->runController(Object(App\Controllers\Transaksi))
#5 C:\xampp\htdocs\toko_ikan4\system\CodeIgniter.php(326): CodeIgniter\CodeIgniter->handleRequest(NULL, Object(Config\Cache), false)
#6 C:\xampp\htdocs\toko_ikan4\public\index.php(37): CodeIgniter\CodeIgniter->run()
#7 {main}
CRITICAL - 2022-07-03 20:06:47 --> Call to undefined function form_open()
#0 C:\xampp\htdocs\toko_ikan4\system\View\View.php(210): include()
#1 C:\xampp\htdocs\toko_ikan4\system\View\View.php(213): CodeIgniter\View\View->CodeIgniter\View\{closure}()
#2 C:\xampp\htdocs\toko_ikan4\system\Common.php(1089): CodeIgniter\View\View->render('user/update', Array, true)
#3 C:\xampp\htdocs\toko_ikan4\app\Controllers\User.php(58): view('user/update', Array)
#4 C:\xampp\htdocs\toko_ikan4\system\CodeIgniter.php(832): App\Controllers\User->update()
#5 C:\xampp\htdocs\toko_ikan4\system\CodeIgniter.php(419): CodeIgniter\CodeIgniter->runController(Object(App\Controllers\User))
#6 C:\xampp\htdocs\toko_ikan4\system\CodeIgniter.php(326): CodeIgniter\CodeIgniter->handleRequest(NULL, Object(Config\Cache), false)
#7 C:\xampp\htdocs\toko_ikan4\public\index.php(37): CodeIgniter\CodeIgniter->run()
#8 {main}
CRITICAL - 2022-07-03 20:08:41 --> Call to undefined function form_label()
#0 C:\xampp\htdocs\toko_ikan4\system\View\View.php(210): include()
#1 C:\xampp\htdocs\toko_ikan4\system\View\View.php(213): CodeIgniter\View\View->CodeIgniter\View\{closure}()
#2 C:\xampp\htdocs\toko_ikan4\system\Common.php(1089): CodeIgniter\View\View->render('user/update', Array, true)
#3 C:\xampp\htdocs\toko_ikan4\app\Controllers\User.php(58): view('user/update', Array)
#4 C:\xampp\htdocs\toko_ikan4\system\CodeIgniter.php(832): App\Controllers\User->update()
#5 C:\xampp\htdocs\toko_ikan4\system\CodeIgniter.php(419): CodeIgniter\CodeIgniter->runController(Object(App\Controllers\User))
#6 C:\xampp\htdocs\toko_ikan4\system\CodeIgniter.php(326): CodeIgniter\CodeIgniter->handleRequest(NULL, Object(Config\Cache), false)
#7 C:\xampp\htdocs\toko_ikan4\public\index.php(37): CodeIgniter\CodeIgniter->run()
#8 {main}
CRITICAL - 2022-07-03 20:21:17 --> Call to undefined function form_open()
#0 C:\xampp\htdocs\toko_ikan4\system\View\View.php(210): include()
#1 C:\xampp\htdocs\toko_ikan4\system\View\View.php(213): CodeIgniter\View\View->CodeIgniter\View\{closure}()
#2 C:\xampp\htdocs\toko_ikan4\system\Common.php(1089): CodeIgniter\View\View->render('user/update', Array, true)
#3 C:\xampp\htdocs\toko_ikan4\app\Controllers\User.php(58): view('user/update', Array)
#4 C:\xampp\htdocs\toko_ikan4\system\CodeIgniter.php(832): App\Controllers\User->update()
#5 C:\xampp\htdocs\toko_ikan4\system\CodeIgniter.php(419): CodeIgniter\CodeIgniter->runController(Object(App\Controllers\User))
#6 C:\xampp\htdocs\toko_ikan4\system\CodeIgniter.php(326): CodeIgniter\CodeIgniter->handleRequest(NULL, Object(Config\Cache), false)
#7 C:\xampp\htdocs\toko_ikan4\public\index.php(37): CodeIgniter\CodeIgniter->run()
#8 {main}
CRITICAL - 2022-07-03 20:29:45 --> Call to undefined function form_open()
#0 C:\xampp\htdocs\toko_ikan4\system\View\View.php(210): include()
#1 C:\xampp\htdocs\toko_ikan4\system\View\View.php(213): CodeIgniter\View\View->CodeIgniter\View\{closure}()
#2 C:\xampp\htdocs\toko_ikan4\system\Common.php(1089): CodeIgniter\View\View->render('user/update', Array, true)
#3 C:\xampp\htdocs\toko_ikan4\app\Controllers\User.php(58): view('user/update', Array)
#4 C:\xampp\htdocs\toko_ikan4\system\CodeIgniter.php(832): App\Controllers\User->update()
#5 C:\xampp\htdocs\toko_ikan4\system\CodeIgniter.php(419): CodeIgniter\CodeIgniter->runController(Object(App\Controllers\User))
#6 C:\xampp\htdocs\toko_ikan4\system\CodeIgniter.php(326): CodeIgniter\CodeIgniter->handleRequest(NULL, Object(Config\Cache), false)
#7 C:\xampp\htdocs\toko_ikan4\public\index.php(37): CodeIgniter\CodeIgniter->run()
#8 {main}
