CRITICAL - 2022-06-27 00:22:34 --> syntax error, unexpected 'publuc' (T_STRING), expecting function (T_FUNCTION) or const (T_CONST)
#0 C:\xampp\htdocs\toko_ikan4\system\Router\Router.php(175): CodeIgniter\Router\Router->autoRoute('auth/new.html')
#1 C:\xampp\htdocs\toko_ikan4\system\CodeIgniter.php(726): CodeIgniter\Router\Router->handle('auth/new.html')
#2 C:\xampp\htdocs\toko_ikan4\system\CodeIgniter.php(368): CodeIgniter\CodeIgniter->tryToRouteIt(Object(CodeIgniter\Router\RouteCollection))
#3 C:\xampp\htdocs\toko_ikan4\system\CodeIgniter.php(326): CodeIgniter\CodeIgniter->handleRequest(NULL, Object(Config\Cache), false)
#4 C:\xampp\htdocs\toko_ikan4\public\index.php(37): CodeIgniter\CodeIgniter->run()
#5 {main}
CRITICAL - 2022-06-27 00:22:50 --> syntax error, unexpected '}', expecting ';'
#0 C:\xampp\htdocs\toko_ikan4\system\Router\Router.php(175): CodeIgniter\Router\Router->autoRoute('auth/new.html')
#1 C:\xampp\htdocs\toko_ikan4\system\CodeIgniter.php(726): CodeIgniter\Router\Router->handle('auth/new.html')
#2 C:\xampp\htdocs\toko_ikan4\system\CodeIgniter.php(368): CodeIgniter\CodeIgniter->tryToRouteIt(Object(CodeIgniter\Router\RouteCollection))
#3 C:\xampp\htdocs\toko_ikan4\system\CodeIgniter.php(326): CodeIgniter\CodeIgniter->handleRequest(NULL, Object(Config\Cache), false)
#4 C:\xampp\htdocs\toko_ikan4\public\index.php(37): CodeIgniter\CodeIgniter->run()
#5 {main}
CRITICAL - 2022-06-27 04:51:20 --> Trying to get property 'id' of non-object
#0 C:\xampp\htdocs\toko_ikan4\app\Views\etalase\beli.php(12): CodeIgniter\Debug\Exceptions->errorHandler(8, 'Trying to get p...', 'C:\\xampp\\htdocs...', 12, Array)
#1 C:\xampp\htdocs\toko_ikan4\system\View\View.php(210): include('C:\\xampp\\htdocs...')
#2 C:\xampp\htdocs\toko_ikan4\system\View\View.php(213): CodeIgniter\View\View->CodeIgniter\View\{closure}()
#3 C:\xampp\htdocs\toko_ikan4\system\Common.php(1089): CodeIgniter\View\View->render('etalase/beli', Array, true)
#4 C:\xampp\htdocs\toko_ikan4\app\Controllers\Etalase.php(70): view('etalase/beli', Array)
#5 C:\xampp\htdocs\toko_ikan4\system\CodeIgniter.php(832): App\Controllers\Etalase->beli()
#6 C:\xampp\htdocs\toko_ikan4\system\CodeIgniter.php(419): CodeIgniter\CodeIgniter->runController(Object(App\Controllers\Etalase))
#7 C:\xampp\htdocs\toko_ikan4\system\CodeIgniter.php(326): CodeIgniter\CodeIgniter->handleRequest(NULL, Object(Config\Cache), false)
#8 C:\xampp\htdocs\toko_ikan4\public\index.php(37): CodeIgniter\CodeIgniter->run()
#9 {main}
ERROR - 2022-06-27 10:49:08 --> Error connecting to the database: No connection could be made because the target machine actively refused it.

CRITICAL - 2022-06-27 10:49:08 --> Unable to connect to the database.
Main connection [MySQLi]: No connection could be made because the target machine actively refused it.

#0 C:\xampp\htdocs\toko_ikan4\system\Database\BaseConnection.php(577): CodeIgniter\Database\BaseConnection->initialize()
#1 C:\xampp\htdocs\toko_ikan4\system\Database\BaseBuilder.php(1455): CodeIgniter\Database\BaseConnection->query('SELECT *\nFROM `...', Array, false)
#2 C:\xampp\htdocs\toko_ikan4\system\Model.php(210): CodeIgniter\Database\BaseBuilder->get()
#3 C:\xampp\htdocs\toko_ikan4\system\BaseModel.php(622): CodeIgniter\Model->doFirst()
#4 C:\xampp\htdocs\toko_ikan4\app\Controllers\Auth.php(56): CodeIgniter\BaseModel->first()
#5 C:\xampp\htdocs\toko_ikan4\system\CodeIgniter.php(832): App\Controllers\Auth->login()
#6 C:\xampp\htdocs\toko_ikan4\system\CodeIgniter.php(419): CodeIgniter\CodeIgniter->runController(Object(App\Controllers\Auth))
#7 C:\xampp\htdocs\toko_ikan4\system\CodeIgniter.php(326): CodeIgniter\CodeIgniter->handleRequest(NULL, Object(Config\Cache), false)
#8 C:\xampp\htdocs\toko_ikan4\public\index.php(37): CodeIgniter\CodeIgniter->run()
#9 {main}
ERROR - 2022-06-27 10:49:37 --> Error connecting to the database: No connection could be made because the target machine actively refused it.

CRITICAL - 2022-06-27 10:49:37 --> Unable to connect to the database.
Main connection [MySQLi]: No connection could be made because the target machine actively refused it.

#0 C:\xampp\htdocs\toko_ikan4\system\Database\BaseConnection.php(577): CodeIgniter\Database\BaseConnection->initialize()
#1 C:\xampp\htdocs\toko_ikan4\system\Database\BaseBuilder.php(1455): CodeIgniter\Database\BaseConnection->query('SELECT *\nFROM `...', Array, false)
#2 C:\xampp\htdocs\toko_ikan4\system\Model.php(210): CodeIgniter\Database\BaseBuilder->get()
#3 C:\xampp\htdocs\toko_ikan4\system\BaseModel.php(622): CodeIgniter\Model->doFirst()
#4 C:\xampp\htdocs\toko_ikan4\app\Controllers\Auth.php(56): CodeIgniter\BaseModel->first()
#5 C:\xampp\htdocs\toko_ikan4\system\CodeIgniter.php(832): App\Controllers\Auth->login()
#6 C:\xampp\htdocs\toko_ikan4\system\CodeIgniter.php(419): CodeIgniter\CodeIgniter->runController(Object(App\Controllers\Auth))
#7 C:\xampp\htdocs\toko_ikan4\system\CodeIgniter.php(326): CodeIgniter\CodeIgniter->handleRequest(NULL, Object(Config\Cache), false)
#8 C:\xampp\htdocs\toko_ikan4\public\index.php(37): CodeIgniter\CodeIgniter->run()
#9 {main}
CRITICAL - 2022-06-27 11:25:53 --> Trying to get property 'id' of non-object
#0 C:\xampp\htdocs\toko_ikan4\app\Views\transaksi\view.php(4): CodeIgniter\Debug\Exceptions->errorHandler(8, 'Trying to get p...', 'C:\\xampp\\htdocs...', 4, Array)
#1 C:\xampp\htdocs\toko_ikan4\system\View\View.php(210): include('C:\\xampp\\htdocs...')
#2 C:\xampp\htdocs\toko_ikan4\system\View\View.php(213): CodeIgniter\View\View->CodeIgniter\View\{closure}()
#3 C:\xampp\htdocs\toko_ikan4\system\Common.php(1089): CodeIgniter\View\View->render('transaksi/view', Array, true)
#4 C:\xampp\htdocs\toko_ikan4\app\Controllers\Transaksi.php(30): view('transaksi/view', Array)
#5 C:\xampp\htdocs\toko_ikan4\system\CodeIgniter.php(832): App\Controllers\Transaksi->view()
#6 C:\xampp\htdocs\toko_ikan4\system\CodeIgniter.php(419): CodeIgniter\CodeIgniter->runController(Object(App\Controllers\Transaksi))
#7 C:\xampp\htdocs\toko_ikan4\system\CodeIgniter.php(326): CodeIgniter\CodeIgniter->handleRequest(NULL, Object(Config\Cache), false)
#8 C:\xampp\htdocs\toko_ikan4\public\index.php(37): CodeIgniter\CodeIgniter->run()
#9 {main}
CRITICAL - 2022-06-27 11:46:46 --> Trying to get property 'id' of non-object
#0 C:\xampp\htdocs\toko_ikan4\app\Views\transaksi\view.php(4): CodeIgniter\Debug\Exceptions->errorHandler(8, 'Trying to get p...', 'C:\\xampp\\htdocs...', 4, Array)
#1 C:\xampp\htdocs\toko_ikan4\system\View\View.php(210): include('C:\\xampp\\htdocs...')
#2 C:\xampp\htdocs\toko_ikan4\system\View\View.php(213): CodeIgniter\View\View->CodeIgniter\View\{closure}()
#3 C:\xampp\htdocs\toko_ikan4\system\Common.php(1089): CodeIgniter\View\View->render('transaksi/view', Array, true)
#4 C:\xampp\htdocs\toko_ikan4\app\Controllers\Transaksi.php(30): view('transaksi/view', Array)
#5 C:\xampp\htdocs\toko_ikan4\system\CodeIgniter.php(832): App\Controllers\Transaksi->view()
#6 C:\xampp\htdocs\toko_ikan4\system\CodeIgniter.php(419): CodeIgniter\CodeIgniter->runController(Object(App\Controllers\Transaksi))
#7 C:\xampp\htdocs\toko_ikan4\system\CodeIgniter.php(326): CodeIgniter\CodeIgniter->handleRequest(NULL, Object(Config\Cache), false)
#8 C:\xampp\htdocs\toko_ikan4\public\index.php(37): CodeIgniter\CodeIgniter->run()
#9 {main}
CRITICAL - 2022-06-27 11:47:59 --> Trying to get property 'id' of non-object
#0 C:\xampp\htdocs\toko_ikan4\app\Views\transaksi\view.php(4): CodeIgniter\Debug\Exceptions->errorHandler(8, 'Trying to get p...', 'C:\\xampp\\htdocs...', 4, Array)
#1 C:\xampp\htdocs\toko_ikan4\system\View\View.php(210): include('C:\\xampp\\htdocs...')
#2 C:\xampp\htdocs\toko_ikan4\system\View\View.php(213): CodeIgniter\View\View->CodeIgniter\View\{closure}()
#3 C:\xampp\htdocs\toko_ikan4\system\Common.php(1089): CodeIgniter\View\View->render('transaksi/view', Array, true)
#4 C:\xampp\htdocs\toko_ikan4\app\Controllers\Transaksi.php(30): view('transaksi/view', Array)
#5 C:\xampp\htdocs\toko_ikan4\system\CodeIgniter.php(832): App\Controllers\Transaksi->view()
#6 C:\xampp\htdocs\toko_ikan4\system\CodeIgniter.php(419): CodeIgniter\CodeIgniter->runController(Object(App\Controllers\Transaksi))
#7 C:\xampp\htdocs\toko_ikan4\system\CodeIgniter.php(326): CodeIgniter\CodeIgniter->handleRequest(NULL, Object(Config\Cache), false)
#8 C:\xampp\htdocs\toko_ikan4\public\index.php(37): CodeIgniter\CodeIgniter->run()
#9 {main}
CRITICAL - 2022-06-27 11:48:02 --> Trying to get property 'id' of non-object
#0 C:\xampp\htdocs\toko_ikan4\app\Views\transaksi\view.php(4): CodeIgniter\Debug\Exceptions->errorHandler(8, 'Trying to get p...', 'C:\\xampp\\htdocs...', 4, Array)
#1 C:\xampp\htdocs\toko_ikan4\system\View\View.php(210): include('C:\\xampp\\htdocs...')
#2 C:\xampp\htdocs\toko_ikan4\system\View\View.php(213): CodeIgniter\View\View->CodeIgniter\View\{closure}()
#3 C:\xampp\htdocs\toko_ikan4\system\Common.php(1089): CodeIgniter\View\View->render('transaksi/view', Array, true)
#4 C:\xampp\htdocs\toko_ikan4\app\Controllers\Transaksi.php(30): view('transaksi/view', Array)
#5 C:\xampp\htdocs\toko_ikan4\system\CodeIgniter.php(832): App\Controllers\Transaksi->view()
#6 C:\xampp\htdocs\toko_ikan4\system\CodeIgniter.php(419): CodeIgniter\CodeIgniter->runController(Object(App\Controllers\Transaksi))
#7 C:\xampp\htdocs\toko_ikan4\system\CodeIgniter.php(326): CodeIgniter\CodeIgniter->handleRequest(NULL, Object(Config\Cache), false)
#8 C:\xampp\htdocs\toko_ikan4\public\index.php(37): CodeIgniter\CodeIgniter->run()
#9 {main}
CRITICAL - 2022-06-27 11:48:16 --> Trying to get property 'id' of non-object
#0 C:\xampp\htdocs\toko_ikan4\app\Views\transaksi\view.php(4): CodeIgniter\Debug\Exceptions->errorHandler(8, 'Trying to get p...', 'C:\\xampp\\htdocs...', 4, Array)
#1 C:\xampp\htdocs\toko_ikan4\system\View\View.php(210): include('C:\\xampp\\htdocs...')
#2 C:\xampp\htdocs\toko_ikan4\system\View\View.php(213): CodeIgniter\View\View->CodeIgniter\View\{closure}()
#3 C:\xampp\htdocs\toko_ikan4\system\Common.php(1089): CodeIgniter\View\View->render('transaksi/view', Array, true)
#4 C:\xampp\htdocs\toko_ikan4\app\Controllers\Transaksi.php(30): view('transaksi/view', Array)
#5 C:\xampp\htdocs\toko_ikan4\system\CodeIgniter.php(832): App\Controllers\Transaksi->view()
#6 C:\xampp\htdocs\toko_ikan4\system\CodeIgniter.php(419): CodeIgniter\CodeIgniter->runController(Object(App\Controllers\Transaksi))
#7 C:\xampp\htdocs\toko_ikan4\system\CodeIgniter.php(326): CodeIgniter\CodeIgniter->handleRequest(NULL, Object(Config\Cache), false)
#8 C:\xampp\htdocs\toko_ikan4\public\index.php(37): CodeIgniter\CodeIgniter->run()
#9 {main}
CRITICAL - 2022-06-27 11:48:20 --> Trying to get property 'id' of non-object
#0 C:\xampp\htdocs\toko_ikan4\app\Views\transaksi\view.php(4): CodeIgniter\Debug\Exceptions->errorHandler(8, 'Trying to get p...', 'C:\\xampp\\htdocs...', 4, Array)
#1 C:\xampp\htdocs\toko_ikan4\system\View\View.php(210): include('C:\\xampp\\htdocs...')
#2 C:\xampp\htdocs\toko_ikan4\system\View\View.php(213): CodeIgniter\View\View->CodeIgniter\View\{closure}()
#3 C:\xampp\htdocs\toko_ikan4\system\Common.php(1089): CodeIgniter\View\View->render('transaksi/view', Array, true)
#4 C:\xampp\htdocs\toko_ikan4\app\Controllers\Transaksi.php(30): view('transaksi/view', Array)
#5 C:\xampp\htdocs\toko_ikan4\system\CodeIgniter.php(832): App\Controllers\Transaksi->view()
#6 C:\xampp\htdocs\toko_ikan4\system\CodeIgniter.php(419): CodeIgniter\CodeIgniter->runController(Object(App\Controllers\Transaksi))
#7 C:\xampp\htdocs\toko_ikan4\system\CodeIgniter.php(326): CodeIgniter\CodeIgniter->handleRequest(NULL, Object(Config\Cache), false)
#8 C:\xampp\htdocs\toko_ikan4\public\index.php(37): CodeIgniter\CodeIgniter->run()
#9 {main}
CRITICAL - 2022-06-27 11:59:22 --> Undefined variable: transaksi
#0 C:\xampp\htdocs\toko_ikan4\app\Views\hello\world.php(9): CodeIgniter\Debug\Exceptions->errorHandler(8, 'Undefined varia...', 'C:\\xampp\\htdocs...', 9, Array)
#1 C:\xampp\htdocs\toko_ikan4\system\View\View.php(210): include('C:\\xampp\\htdocs...')
#2 C:\xampp\htdocs\toko_ikan4\system\View\View.php(213): CodeIgniter\View\View->CodeIgniter\View\{closure}()
#3 C:\xampp\htdocs\toko_ikan4\system\Common.php(1089): CodeIgniter\View\View->render('hello/world', Array, true)
#4 C:\xampp\htdocs\toko_ikan4\app\Controllers\Home.php(9): view('hello/world')
#5 C:\xampp\htdocs\toko_ikan4\system\CodeIgniter.php(832): App\Controllers\Home->index()
#6 C:\xampp\htdocs\toko_ikan4\system\CodeIgniter.php(419): CodeIgniter\CodeIgniter->runController(Object(App\Controllers\Home))
#7 C:\xampp\htdocs\toko_ikan4\system\CodeIgniter.php(326): CodeIgniter\CodeIgniter->handleRequest(NULL, Object(Config\Cache), false)
#8 C:\xampp\htdocs\toko_ikan4\public\index.php(37): CodeIgniter\CodeIgniter->run()
#9 {main}
CRITICAL - 2022-06-27 12:00:28 --> Undefined variable: transaksi
#0 C:\xampp\htdocs\toko_ikan4\app\Views\hello\world.php(10): CodeIgniter\Debug\Exceptions->errorHandler(8, 'Undefined varia...', 'C:\\xampp\\htdocs...', 10, Array)
#1 C:\xampp\htdocs\toko_ikan4\system\View\View.php(210): include('C:\\xampp\\htdocs...')
#2 C:\xampp\htdocs\toko_ikan4\system\View\View.php(213): CodeIgniter\View\View->CodeIgniter\View\{closure}()
#3 C:\xampp\htdocs\toko_ikan4\system\Common.php(1089): CodeIgniter\View\View->render('hello/world', Array, true)
#4 C:\xampp\htdocs\toko_ikan4\app\Controllers\Home.php(9): view('hello/world')
#5 C:\xampp\htdocs\toko_ikan4\system\CodeIgniter.php(832): App\Controllers\Home->index()
#6 C:\xampp\htdocs\toko_ikan4\system\CodeIgniter.php(419): CodeIgniter\CodeIgniter->runController(Object(App\Controllers\Home))
#7 C:\xampp\htdocs\toko_ikan4\system\CodeIgniter.php(326): CodeIgniter\CodeIgniter->handleRequest(NULL, Object(Config\Cache), false)
#8 C:\xampp\htdocs\toko_ikan4\public\index.php(37): CodeIgniter\CodeIgniter->run()
#9 {main}
CRITICAL - 2022-06-27 12:01:48 --> Undefined variable: transaksi
#0 C:\xampp\htdocs\toko_ikan4\app\Views\hello\world.php(15): CodeIgniter\Debug\Exceptions->errorHandler(8, 'Undefined varia...', 'C:\\xampp\\htdocs...', 15, Array)
#1 C:\xampp\htdocs\toko_ikan4\system\View\View.php(210): include('C:\\xampp\\htdocs...')
#2 C:\xampp\htdocs\toko_ikan4\system\View\View.php(213): CodeIgniter\View\View->CodeIgniter\View\{closure}()
#3 C:\xampp\htdocs\toko_ikan4\system\Common.php(1089): CodeIgniter\View\View->render('hello/world', Array, true)
#4 C:\xampp\htdocs\toko_ikan4\app\Controllers\Home.php(9): view('hello/world')
#5 C:\xampp\htdocs\toko_ikan4\system\CodeIgniter.php(832): App\Controllers\Home->index()
#6 C:\xampp\htdocs\toko_ikan4\system\CodeIgniter.php(419): CodeIgniter\CodeIgniter->runController(Object(App\Controllers\Home))
#7 C:\xampp\htdocs\toko_ikan4\system\CodeIgniter.php(326): CodeIgniter\CodeIgniter->handleRequest(NULL, Object(Config\Cache), false)
#8 C:\xampp\htdocs\toko_ikan4\public\index.php(37): CodeIgniter\CodeIgniter->run()
#9 {main}
CRITICAL - 2022-06-27 12:02:13 --> Undefined variable: transaksi
#0 C:\xampp\htdocs\toko_ikan4\app\Views\hello\world.php(15): CodeIgniter\Debug\Exceptions->errorHandler(8, 'Undefined varia...', 'C:\\xampp\\htdocs...', 15, Array)
#1 C:\xampp\htdocs\toko_ikan4\system\View\View.php(210): include('C:\\xampp\\htdocs...')
#2 C:\xampp\htdocs\toko_ikan4\system\View\View.php(213): CodeIgniter\View\View->CodeIgniter\View\{closure}()
#3 C:\xampp\htdocs\toko_ikan4\system\Common.php(1089): CodeIgniter\View\View->render('hello/world', Array, true)
#4 C:\xampp\htdocs\toko_ikan4\app\Controllers\Home.php(9): view('hello/world')
#5 C:\xampp\htdocs\toko_ikan4\system\CodeIgniter.php(832): App\Controllers\Home->index()
#6 C:\xampp\htdocs\toko_ikan4\system\CodeIgniter.php(419): CodeIgniter\CodeIgniter->runController(Object(App\Controllers\Home))
#7 C:\xampp\htdocs\toko_ikan4\system\CodeIgniter.php(326): CodeIgniter\CodeIgniter->handleRequest(NULL, Object(Config\Cache), false)
#8 C:\xampp\htdocs\toko_ikan4\public\index.php(37): CodeIgniter\CodeIgniter->run()
#9 {main}
CRITICAL - 2022-06-27 12:09:19 --> Undefined variable: transaksi
#0 C:\xampp\htdocs\toko_ikan4\app\Views\navbar.php(47): CodeIgniter\Debug\Exceptions->errorHandler(8, 'Undefined varia...', 'C:\\xampp\\htdocs...', 47, Array)
#1 C:\xampp\htdocs\toko_ikan4\system\View\View.php(210): include('C:\\xampp\\htdocs...')
#2 C:\xampp\htdocs\toko_ikan4\system\View\View.php(213): CodeIgniter\View\View->CodeIgniter\View\{closure}()
#3 C:\xampp\htdocs\toko_ikan4\system\View\View.php(424): CodeIgniter\View\View->render('navbar', NULL, true)
#4 C:\xampp\htdocs\toko_ikan4\app\Views\layout.php(38): CodeIgniter\View\View->include('navbar')
#5 C:\xampp\htdocs\toko_ikan4\system\View\View.php(210): include('C:\\xampp\\htdocs...')
#6 C:\xampp\htdocs\toko_ikan4\system\View\View.php(213): CodeIgniter\View\View->CodeIgniter\View\{closure}()
#7 C:\xampp\htdocs\toko_ikan4\system\View\View.php(226): CodeIgniter\View\View->render('layout', Array, true)
#8 C:\xampp\htdocs\toko_ikan4\system\Common.php(1089): CodeIgniter\View\View->render('etalase/index.p...', Array, true)
#9 C:\xampp\htdocs\toko_ikan4\app\Controllers\Etalase.php(26): view('etalase/index.p...', Array)
#10 C:\xampp\htdocs\toko_ikan4\system\CodeIgniter.php(832): App\Controllers\Etalase->index()
#11 C:\xampp\htdocs\toko_ikan4\system\CodeIgniter.php(419): CodeIgniter\CodeIgniter->runController(Object(App\Controllers\Etalase))
#12 C:\xampp\htdocs\toko_ikan4\system\CodeIgniter.php(326): CodeIgniter\CodeIgniter->handleRequest(NULL, Object(Config\Cache), false)
#13 C:\xampp\htdocs\toko_ikan4\public\index.php(37): CodeIgniter\CodeIgniter->run()
#14 {main}
CRITICAL - 2022-06-27 12:10:30 --> Undefined variable: transaksi
#0 C:\xampp\htdocs\toko_ikan4\app\Views\navbar.php(47): CodeIgniter\Debug\Exceptions->errorHandler(8, 'Undefined varia...', 'C:\\xampp\\htdocs...', 47, Array)
#1 C:\xampp\htdocs\toko_ikan4\system\View\View.php(210): include('C:\\xampp\\htdocs...')
#2 C:\xampp\htdocs\toko_ikan4\system\View\View.php(213): CodeIgniter\View\View->CodeIgniter\View\{closure}()
#3 C:\xampp\htdocs\toko_ikan4\system\View\View.php(424): CodeIgniter\View\View->render('navbar', NULL, true)
#4 C:\xampp\htdocs\toko_ikan4\app\Views\layout.php(38): CodeIgniter\View\View->include('navbar')
#5 C:\xampp\htdocs\toko_ikan4\system\View\View.php(210): include('C:\\xampp\\htdocs...')
#6 C:\xampp\htdocs\toko_ikan4\system\View\View.php(213): CodeIgniter\View\View->CodeIgniter\View\{closure}()
#7 C:\xampp\htdocs\toko_ikan4\system\View\View.php(226): CodeIgniter\View\View->render('layout', Array, true)
#8 C:\xampp\htdocs\toko_ikan4\system\Common.php(1089): CodeIgniter\View\View->render('etalase/index.p...', Array, true)
#9 C:\xampp\htdocs\toko_ikan4\app\Controllers\Etalase.php(26): view('etalase/index.p...', Array)
#10 C:\xampp\htdocs\toko_ikan4\system\CodeIgniter.php(832): App\Controllers\Etalase->index()
#11 C:\xampp\htdocs\toko_ikan4\system\CodeIgniter.php(419): CodeIgniter\CodeIgniter->runController(Object(App\Controllers\Etalase))
#12 C:\xampp\htdocs\toko_ikan4\system\CodeIgniter.php(326): CodeIgniter\CodeIgniter->handleRequest(NULL, Object(Config\Cache), false)
#13 C:\xampp\htdocs\toko_ikan4\public\index.php(37): CodeIgniter\CodeIgniter->run()
#14 {main}
CRITICAL - 2022-06-27 12:10:37 --> Undefined variable: transaksi
#0 C:\xampp\htdocs\toko_ikan4\app\Views\navbar.php(47): CodeIgniter\Debug\Exceptions->errorHandler(8, 'Undefined varia...', 'C:\\xampp\\htdocs...', 47, Array)
#1 C:\xampp\htdocs\toko_ikan4\system\View\View.php(210): include('C:\\xampp\\htdocs...')
#2 C:\xampp\htdocs\toko_ikan4\system\View\View.php(213): CodeIgniter\View\View->CodeIgniter\View\{closure}()
#3 C:\xampp\htdocs\toko_ikan4\system\View\View.php(424): CodeIgniter\View\View->render('navbar', NULL, true)
#4 C:\xampp\htdocs\toko_ikan4\app\Views\layout.php(38): CodeIgniter\View\View->include('navbar')
#5 C:\xampp\htdocs\toko_ikan4\system\View\View.php(210): include('C:\\xampp\\htdocs...')
#6 C:\xampp\htdocs\toko_ikan4\system\View\View.php(213): CodeIgniter\View\View->CodeIgniter\View\{closure}()
#7 C:\xampp\htdocs\toko_ikan4\system\View\View.php(226): CodeIgniter\View\View->render('layout', Array, true)
#8 C:\xampp\htdocs\toko_ikan4\system\Common.php(1089): CodeIgniter\View\View->render('hello/world', Array, true)
#9 C:\xampp\htdocs\toko_ikan4\app\Controllers\Home.php(9): view('hello/world')
#10 C:\xampp\htdocs\toko_ikan4\system\CodeIgniter.php(832): App\Controllers\Home->index()
#11 C:\xampp\htdocs\toko_ikan4\system\CodeIgniter.php(419): CodeIgniter\CodeIgniter->runController(Object(App\Controllers\Home))
#12 C:\xampp\htdocs\toko_ikan4\system\CodeIgniter.php(326): CodeIgniter\CodeIgniter->handleRequest(NULL, Object(Config\Cache), false)
#13 C:\xampp\htdocs\toko_ikan4\public\index.php(37): CodeIgniter\CodeIgniter->run()
#14 {main}
CRITICAL - 2022-06-27 12:11:46 --> Undefined variable: transaksi
#0 C:\xampp\htdocs\toko_ikan4\app\Views\navbar.php(47): CodeIgniter\Debug\Exceptions->errorHandler(8, 'Undefined varia...', 'C:\\xampp\\htdocs...', 47, Array)
#1 C:\xampp\htdocs\toko_ikan4\system\View\View.php(210): include('C:\\xampp\\htdocs...')
#2 C:\xampp\htdocs\toko_ikan4\system\View\View.php(213): CodeIgniter\View\View->CodeIgniter\View\{closure}()
#3 C:\xampp\htdocs\toko_ikan4\system\View\View.php(424): CodeIgniter\View\View->render('navbar', NULL, true)
#4 C:\xampp\htdocs\toko_ikan4\app\Views\layout.php(38): CodeIgniter\View\View->include('navbar')
#5 C:\xampp\htdocs\toko_ikan4\system\View\View.php(210): include('C:\\xampp\\htdocs...')
#6 C:\xampp\htdocs\toko_ikan4\system\View\View.php(213): CodeIgniter\View\View->CodeIgniter\View\{closure}()
#7 C:\xampp\htdocs\toko_ikan4\system\View\View.php(226): CodeIgniter\View\View->render('layout', Array, true)
#8 C:\xampp\htdocs\toko_ikan4\system\Common.php(1089): CodeIgniter\View\View->render('hello/world', Array, true)
#9 C:\xampp\htdocs\toko_ikan4\app\Controllers\Home.php(9): view('hello/world')
#10 C:\xampp\htdocs\toko_ikan4\system\CodeIgniter.php(832): App\Controllers\Home->index()
#11 C:\xampp\htdocs\toko_ikan4\system\CodeIgniter.php(419): CodeIgniter\CodeIgniter->runController(Object(App\Controllers\Home))
#12 C:\xampp\htdocs\toko_ikan4\system\CodeIgniter.php(326): CodeIgniter\CodeIgniter->handleRequest(NULL, Object(Config\Cache), false)
#13 C:\xampp\htdocs\toko_ikan4\public\index.php(37): CodeIgniter\CodeIgniter->run()
#14 {main}
CRITICAL - 2022-06-27 12:13:58 --> Trying to get property 'id' of non-object
#0 C:\xampp\htdocs\toko_ikan4\app\Views\transaksi\view.php(4): CodeIgniter\Debug\Exceptions->errorHandler(8, 'Trying to get p...', 'C:\\xampp\\htdocs...', 4, Array)
#1 C:\xampp\htdocs\toko_ikan4\system\View\View.php(210): include('C:\\xampp\\htdocs...')
#2 C:\xampp\htdocs\toko_ikan4\system\View\View.php(213): CodeIgniter\View\View->CodeIgniter\View\{closure}()
#3 C:\xampp\htdocs\toko_ikan4\system\Common.php(1089): CodeIgniter\View\View->render('transaksi/view', Array, true)
#4 C:\xampp\htdocs\toko_ikan4\app\Controllers\Transaksi.php(30): view('transaksi/view', Array)
#5 C:\xampp\htdocs\toko_ikan4\system\CodeIgniter.php(832): App\Controllers\Transaksi->view()
#6 C:\xampp\htdocs\toko_ikan4\system\CodeIgniter.php(419): CodeIgniter\CodeIgniter->runController(Object(App\Controllers\Transaksi))
#7 C:\xampp\htdocs\toko_ikan4\system\CodeIgniter.php(326): CodeIgniter\CodeIgniter->handleRequest(NULL, Object(Config\Cache), false)
#8 C:\xampp\htdocs\toko_ikan4\public\index.php(37): CodeIgniter\CodeIgniter->run()
#9 {main}
CRITICAL - 2022-06-27 12:16:43 --> Trying to get property 'id' of non-object
#0 C:\xampp\htdocs\toko_ikan4\app\Views\transaksi\view.php(4): CodeIgniter\Debug\Exceptions->errorHandler(8, 'Trying to get p...', 'C:\\xampp\\htdocs...', 4, Array)
#1 C:\xampp\htdocs\toko_ikan4\system\View\View.php(210): include('C:\\xampp\\htdocs...')
#2 C:\xampp\htdocs\toko_ikan4\system\View\View.php(213): CodeIgniter\View\View->CodeIgniter\View\{closure}()
#3 C:\xampp\htdocs\toko_ikan4\system\Common.php(1089): CodeIgniter\View\View->render('transaksi/view', Array, true)
#4 C:\xampp\htdocs\toko_ikan4\app\Controllers\Transaksi.php(30): view('transaksi/view', Array)
#5 C:\xampp\htdocs\toko_ikan4\system\CodeIgniter.php(832): App\Controllers\Transaksi->view()
#6 C:\xampp\htdocs\toko_ikan4\system\CodeIgniter.php(419): CodeIgniter\CodeIgniter->runController(Object(App\Controllers\Transaksi))
#7 C:\xampp\htdocs\toko_ikan4\system\CodeIgniter.php(326): CodeIgniter\CodeIgniter->handleRequest(NULL, Object(Config\Cache), false)
#8 C:\xampp\htdocs\toko_ikan4\public\index.php(37): CodeIgniter\CodeIgniter->run()
#9 {main}
CRITICAL - 2022-06-27 12:16:51 --> Trying to get property 'id' of non-object
#0 C:\xampp\htdocs\toko_ikan4\app\Views\transaksi\view.php(4): CodeIgniter\Debug\Exceptions->errorHandler(8, 'Trying to get p...', 'C:\\xampp\\htdocs...', 4, Array)
#1 C:\xampp\htdocs\toko_ikan4\system\View\View.php(210): include('C:\\xampp\\htdocs...')
#2 C:\xampp\htdocs\toko_ikan4\system\View\View.php(213): CodeIgniter\View\View->CodeIgniter\View\{closure}()
#3 C:\xampp\htdocs\toko_ikan4\system\Common.php(1089): CodeIgniter\View\View->render('transaksi/view', Array, true)
#4 C:\xampp\htdocs\toko_ikan4\app\Controllers\Transaksi.php(30): view('transaksi/view', Array)
#5 C:\xampp\htdocs\toko_ikan4\system\CodeIgniter.php(832): App\Controllers\Transaksi->view()
#6 C:\xampp\htdocs\toko_ikan4\system\CodeIgniter.php(419): CodeIgniter\CodeIgniter->runController(Object(App\Controllers\Transaksi))
#7 C:\xampp\htdocs\toko_ikan4\system\CodeIgniter.php(326): CodeIgniter\CodeIgniter->handleRequest(NULL, Object(Config\Cache), false)
#8 C:\xampp\htdocs\toko_ikan4\public\index.php(37): CodeIgniter\CodeIgniter->run()
#9 {main}
CRITICAL - 2022-06-27 23:04:31 --> Trying to get property 'id' of non-object
#0 C:\xampp\htdocs\toko_ikan4\app\Views\transaksi\view.php(4): CodeIgniter\Debug\Exceptions->errorHandler(8, 'Trying to get p...', 'C:\\xampp\\htdocs...', 4, Array)
#1 C:\xampp\htdocs\toko_ikan4\system\View\View.php(210): include('C:\\xampp\\htdocs...')
#2 C:\xampp\htdocs\toko_ikan4\system\View\View.php(213): CodeIgniter\View\View->CodeIgniter\View\{closure}()
#3 C:\xampp\htdocs\toko_ikan4\system\Common.php(1089): CodeIgniter\View\View->render('transaksi/view', Array, true)
#4 C:\xampp\htdocs\toko_ikan4\app\Controllers\Transaksi.php(30): view('transaksi/view', Array)
#5 C:\xampp\htdocs\toko_ikan4\system\CodeIgniter.php(832): App\Controllers\Transaksi->view()
#6 C:\xampp\htdocs\toko_ikan4\system\CodeIgniter.php(419): CodeIgniter\CodeIgniter->runController(Object(App\Controllers\Transaksi))
#7 C:\xampp\htdocs\toko_ikan4\system\CodeIgniter.php(326): CodeIgniter\CodeIgniter->handleRequest(NULL, Object(Config\Cache), false)
#8 C:\xampp\htdocs\toko_ikan4\public\index.php(37): CodeIgniter\CodeIgniter->run()
#9 {main}
CRITICAL - 2022-06-27 23:27:04 --> Trying to get property 'id' of non-object
#0 C:\xampp\htdocs\toko_ikan4\app\Views\transaksi\view.php(4): CodeIgniter\Debug\Exceptions->errorHandler(8, 'Trying to get p...', 'C:\\xampp\\htdocs...', 4, Array)
#1 C:\xampp\htdocs\toko_ikan4\system\View\View.php(210): include('C:\\xampp\\htdocs...')
#2 C:\xampp\htdocs\toko_ikan4\system\View\View.php(213): CodeIgniter\View\View->CodeIgniter\View\{closure}()
#3 C:\xampp\htdocs\toko_ikan4\system\Common.php(1089): CodeIgniter\View\View->render('transaksi/view', Array, true)
#4 C:\xampp\htdocs\toko_ikan4\app\Controllers\Transaksi.php(30): view('transaksi/view', Array)
#5 C:\xampp\htdocs\toko_ikan4\system\CodeIgniter.php(832): App\Controllers\Transaksi->view()
#6 C:\xampp\htdocs\toko_ikan4\system\CodeIgniter.php(419): CodeIgniter\CodeIgniter->runController(Object(App\Controllers\Transaksi))
#7 C:\xampp\htdocs\toko_ikan4\system\CodeIgniter.php(326): CodeIgniter\CodeIgniter->handleRequest(NULL, Object(Config\Cache), false)
#8 C:\xampp\htdocs\toko_ikan4\public\index.php(37): CodeIgniter\CodeIgniter->run()
#9 {main}
CRITICAL - 2022-06-27 23:37:04 --> Trying to get property 'id' of non-object
#0 C:\xampp\htdocs\toko_ikan4\app\Views\transaksi\view.php(4): CodeIgniter\Debug\Exceptions->errorHandler(8, 'Trying to get p...', 'C:\\xampp\\htdocs...', 4, Array)
#1 C:\xampp\htdocs\toko_ikan4\system\View\View.php(210): include('C:\\xampp\\htdocs...')
#2 C:\xampp\htdocs\toko_ikan4\system\View\View.php(213): CodeIgniter\View\View->CodeIgniter\View\{closure}()
#3 C:\xampp\htdocs\toko_ikan4\system\Common.php(1089): CodeIgniter\View\View->render('transaksi/view', Array, true)
#4 C:\xampp\htdocs\toko_ikan4\app\Controllers\Transaksi.php(30): view('transaksi/view', Array)
#5 C:\xampp\htdocs\toko_ikan4\system\CodeIgniter.php(832): App\Controllers\Transaksi->view()
#6 C:\xampp\htdocs\toko_ikan4\system\CodeIgniter.php(419): CodeIgniter\CodeIgniter->runController(Object(App\Controllers\Transaksi))
#7 C:\xampp\htdocs\toko_ikan4\system\CodeIgniter.php(326): CodeIgniter\CodeIgniter->handleRequest(NULL, Object(Config\Cache), false)
#8 C:\xampp\htdocs\toko_ikan4\public\index.php(37): CodeIgniter\CodeIgniter->run()
#9 {main}
