CRITICAL - 2022-07-01 09:43:17 --> Trying to get property 'nama' of non-object
#0 C:\xampp\htdocs\toko_ikan4\app\Views\transaksi\view.php(9): CodeIgniter\Debug\Exceptions->errorHandler(8, 'Trying to get p...', 'C:\\xampp\\htdocs...', 9, Array)
#1 C:\xampp\htdocs\toko_ikan4\system\View\View.php(210): include('C:\\xampp\\htdocs...')
#2 C:\xampp\htdocs\toko_ikan4\system\View\View.php(213): CodeIgniter\View\View->CodeIgniter\View\{closure}()
#3 C:\xampp\htdocs\toko_ikan4\system\Common.php(1089): CodeIgniter\View\View->render('transaksi/view', Array, true)
#4 C:\xampp\htdocs\toko_ikan4\app\Controllers\Transaksi.php(30): view('transaksi/view', Array)
#5 C:\xampp\htdocs\toko_ikan4\system\CodeIgniter.php(832): App\Controllers\Transaksi->view()
#6 C:\xampp\htdocs\toko_ikan4\system\CodeIgniter.php(419): CodeIgniter\CodeIgniter->runController(Object(App\Controllers\Transaksi))
#7 C:\xampp\htdocs\toko_ikan4\system\CodeIgniter.php(326): CodeIgniter\CodeIgniter->handleRequest(NULL, Object(Config\Cache), false)
#8 C:\xampp\htdocs\toko_ikan4\public\index.php(37): CodeIgniter\CodeIgniter->run()
#9 {main}
CRITICAL - 2022-07-01 11:04:30 --> Call to undefined function form_open()
#0 C:\xampp\htdocs\toko_ikan4\system\View\View.php(210): include()
#1 C:\xampp\htdocs\toko_ikan4\system\View\View.php(213): CodeIgniter\View\View->CodeIgniter\View\{closure}()
#2 C:\xampp\htdocs\toko_ikan4\system\Common.php(1089): CodeIgniter\View\View->render('register', Array, true)
#3 C:\xampp\htdocs\toko_ikan4\app\Controllers\User.php(50): view('register')
#4 C:\xampp\htdocs\toko_ikan4\system\CodeIgniter.php(832): App\Controllers\User->update('1')
#5 C:\xampp\htdocs\toko_ikan4\system\CodeIgniter.php(419): CodeIgniter\CodeIgniter->runController(Object(App\Controllers\User))
#6 C:\xampp\htdocs\toko_ikan4\system\CodeIgniter.php(326): CodeIgniter\CodeIgniter->handleRequest(NULL, Object(Config\Cache), false)
#7 C:\xampp\htdocs\toko_ikan4\public\index.php(37): CodeIgniter\CodeIgniter->run()
#8 {main}
CRITICAL - 2022-07-01 11:04:52 --> Invalid file: update.php
#0 C:\xampp\htdocs\toko_ikan4\system\View\View.php(198): CodeIgniter\Exceptions\FrameworkException::forInvalidFile('update.php')
#1 C:\xampp\htdocs\toko_ikan4\system\Common.php(1089): CodeIgniter\View\View->render('update', Array, true)
#2 C:\xampp\htdocs\toko_ikan4\app\Controllers\User.php(50): view('update')
#3 C:\xampp\htdocs\toko_ikan4\system\CodeIgniter.php(832): App\Controllers\User->update('1')
#4 C:\xampp\htdocs\toko_ikan4\system\CodeIgniter.php(419): CodeIgniter\CodeIgniter->runController(Object(App\Controllers\User))
#5 C:\xampp\htdocs\toko_ikan4\system\CodeIgniter.php(326): CodeIgniter\CodeIgniter->handleRequest(NULL, Object(Config\Cache), false)
#6 C:\xampp\htdocs\toko_ikan4\public\index.php(37): CodeIgniter\CodeIgniter->run()
#7 {main}
CRITICAL - 2022-07-01 11:05:22 --> Call to undefined function form_open()
#0 C:\xampp\htdocs\toko_ikan4\system\View\View.php(210): include()
#1 C:\xampp\htdocs\toko_ikan4\system\View\View.php(213): CodeIgniter\View\View->CodeIgniter\View\{closure}()
#2 C:\xampp\htdocs\toko_ikan4\system\Common.php(1089): CodeIgniter\View\View->render('register', Array, true)
#3 C:\xampp\htdocs\toko_ikan4\app\Controllers\User.php(50): view('register')
#4 C:\xampp\htdocs\toko_ikan4\system\CodeIgniter.php(832): App\Controllers\User->update('1')
#5 C:\xampp\htdocs\toko_ikan4\system\CodeIgniter.php(419): CodeIgniter\CodeIgniter->runController(Object(App\Controllers\User))
#6 C:\xampp\htdocs\toko_ikan4\system\CodeIgniter.php(326): CodeIgniter\CodeIgniter->handleRequest(NULL, Object(Config\Cache), false)
#7 C:\xampp\htdocs\toko_ikan4\public\index.php(37): CodeIgniter\CodeIgniter->run()
#8 {main}
CRITICAL - 2022-07-01 11:05:52 --> Invalid file: update.php
#0 C:\xampp\htdocs\toko_ikan4\system\View\View.php(198): CodeIgniter\Exceptions\FrameworkException::forInvalidFile('update.php')
#1 C:\xampp\htdocs\toko_ikan4\system\Common.php(1089): CodeIgniter\View\View->render('update', Array, true)
#2 C:\xampp\htdocs\toko_ikan4\app\Controllers\User.php(50): view('update')
#3 C:\xampp\htdocs\toko_ikan4\system\CodeIgniter.php(832): App\Controllers\User->update()
#4 C:\xampp\htdocs\toko_ikan4\system\CodeIgniter.php(419): CodeIgniter\CodeIgniter->runController(Object(App\Controllers\User))
#5 C:\xampp\htdocs\toko_ikan4\system\CodeIgniter.php(326): CodeIgniter\CodeIgniter->handleRequest(NULL, Object(Config\Cache), false)
#6 C:\xampp\htdocs\toko_ikan4\public\index.php(37): CodeIgniter\CodeIgniter->run()
#7 {main}
