CRITICAL - 2022-05-06 11:00:27 --> Invalid file: barang/index.php
#0 C:\xampp\htdocs\toko_ikan4\system\View\View.php(198): CodeIgniter\Exceptions\FrameworkException::forInvalidFile('barang/index.ph...')
#1 C:\xampp\htdocs\toko_ikan4\system\Common.php(1089): CodeIgniter\View\View->render('barang/index', Array, true)
#2 C:\xampp\htdocs\toko_ikan4\app\Controllers\Barang.php(15): view('barang/index')
#3 C:\xampp\htdocs\toko_ikan4\system\CodeIgniter.php(832): App\Controllers\Barang->index()
#4 C:\xampp\htdocs\toko_ikan4\system\CodeIgniter.php(419): CodeIgniter\CodeIgniter->runController(Object(App\Controllers\Barang))
#5 C:\xampp\htdocs\toko_ikan4\system\CodeIgniter.php(326): CodeIgniter\CodeIgniter->handleRequest(NULL, Object(Config\Cache), false)
#6 C:\xampp\htdocs\toko_ikan4\public\index.php(37): CodeIgniter\CodeIgniter->run()
#7 {main}
CRITICAL - 2022-05-06 11:47:12 --> syntax error, unexpected '<', expecting end of file
#0 C:\xampp\htdocs\toko_ikan4\system\View\View.php(213): CodeIgniter\View\View->CodeIgniter\View\{closure}()
#1 C:\xampp\htdocs\toko_ikan4\system\Common.php(1089): CodeIgniter\View\View->render('barang/create', Array, true)
#2 C:\xampp\htdocs\toko_ikan4\app\Controllers\Barang.php(22): view('barang/create')
#3 C:\xampp\htdocs\toko_ikan4\system\CodeIgniter.php(832): App\Controllers\Barang->create()
#4 C:\xampp\htdocs\toko_ikan4\system\CodeIgniter.php(419): CodeIgniter\CodeIgniter->runController(Object(App\Controllers\Barang))
#5 C:\xampp\htdocs\toko_ikan4\system\CodeIgniter.php(326): CodeIgniter\CodeIgniter->handleRequest(NULL, Object(Config\Cache), false)
#6 C:\xampp\htdocs\toko_ikan4\public\index.php(37): CodeIgniter\CodeIgniter->run()
#7 {main}
CRITICAL - 2022-05-06 11:47:35 --> syntax error, unexpected '<', expecting end of file
#0 C:\xampp\htdocs\toko_ikan4\system\View\View.php(213): CodeIgniter\View\View->CodeIgniter\View\{closure}()
#1 C:\xampp\htdocs\toko_ikan4\system\Common.php(1089): CodeIgniter\View\View->render('barang/create', Array, true)
#2 C:\xampp\htdocs\toko_ikan4\app\Controllers\Barang.php(22): view('barang/create')
#3 C:\xampp\htdocs\toko_ikan4\system\CodeIgniter.php(832): App\Controllers\Barang->create()
#4 C:\xampp\htdocs\toko_ikan4\system\CodeIgniter.php(419): CodeIgniter\CodeIgniter->runController(Object(App\Controllers\Barang))
#5 C:\xampp\htdocs\toko_ikan4\system\CodeIgniter.php(326): CodeIgniter\CodeIgniter->handleRequest(NULL, Object(Config\Cache), false)
#6 C:\xampp\htdocs\toko_ikan4\public\index.php(37): CodeIgniter\CodeIgniter->run()
#7 {main}
CRITICAL - 2022-05-06 11:59:19 --> syntax error, unexpected '}', expecting ',' or ';'
#0 C:\xampp\htdocs\toko_ikan4\system\Autoloader\Autoloader.php(241): CodeIgniter\Autoloader\Autoloader->includeFile('C:\\xampp\\htdocs...')
#1 C:\xampp\htdocs\toko_ikan4\system\Autoloader\Autoloader.php(219): CodeIgniter\Autoloader\Autoloader->loadInNamespace('Config\\Validati...')
#2 [internal function]: CodeIgniter\Autoloader\Autoloader->loadClass('Config\\Validati...')
#3 [internal function]: spl_autoload_call('Config\\Validati...')
#4 C:\xampp\htdocs\toko_ikan4\system\Config\Factories.php(136): class_exists('Config\\Validati...')
#5 C:\xampp\htdocs\toko_ikan4\system\Config\Factories.php(106): CodeIgniter\Config\Factories::locateClass(Array, 'Validation')
#6 C:\xampp\htdocs\toko_ikan4\system\Common.php(198): CodeIgniter\Config\Factories::__callStatic('config', Array)
#7 C:\xampp\htdocs\toko_ikan4\system\Config\Services.php(656): config('Validation')
#8 C:\xampp\htdocs\toko_ikan4\system\Config\BaseService.php(248): CodeIgniter\Config\Services::validation(NULL, false)
#9 C:\xampp\htdocs\toko_ikan4\system\Config\BaseService.php(189): CodeIgniter\Config\BaseService::__callStatic('validation', Array)
#10 C:\xampp\htdocs\toko_ikan4\system\Config\Services.php(653): CodeIgniter\Config\BaseService::getSharedInstance('validation', NULL)
#11 C:\xampp\htdocs\toko_ikan4\system\Config\BaseService.php(248): CodeIgniter\Config\Services::validation()
#12 C:\xampp\htdocs\toko_ikan4\app\Controllers\Barang.php(10): CodeIgniter\Config\BaseService::__callStatic('validation', Array)
#13 C:\xampp\htdocs\toko_ikan4\system\CodeIgniter.php(809): App\Controllers\Barang->__construct()
#14 C:\xampp\htdocs\toko_ikan4\system\CodeIgniter.php(410): CodeIgniter\CodeIgniter->createController()
#15 C:\xampp\htdocs\toko_ikan4\system\CodeIgniter.php(326): CodeIgniter\CodeIgniter->handleRequest(NULL, Object(Config\Cache), false)
#16 C:\xampp\htdocs\toko_ikan4\public\index.php(37): CodeIgniter\CodeIgniter->run()
#17 {main}
ERROR - 2022-05-06 12:22:53 --> Table 'toko_ikan.table' doesn't exist
CRITICAL - 2022-05-06 12:22:53 --> Table 'toko_ikan.table' doesn't exist
#0 C:\xampp\htdocs\toko_ikan4\system\Database\MySQLi\Connection.php(292): mysqli->query('SELECT 1\nFROM `...', 0)
#1 C:\xampp\htdocs\toko_ikan4\system\Database\BaseConnection.php(670): CodeIgniter\Database\MySQLi\Connection->execute('SELECT 1\nFROM `...')
#2 C:\xampp\htdocs\toko_ikan4\system\Database\BaseConnection.php(598): CodeIgniter\Database\BaseConnection->simpleQuery('SELECT 1\nFROM `...')
#3 C:\xampp\htdocs\toko_ikan4\system\Database\BaseBuilder.php(1455): CodeIgniter\Database\BaseConnection->query('SELECT 1\nFROM `...', Array, false)
#4 C:\xampp\htdocs\toko_ikan4\system\Validation\Rules.php(142): CodeIgniter\Database\BaseBuilder->get()
#5 C:\xampp\htdocs\toko_ikan4\system\Validation\Validation.php(292): CodeIgniter\Validation\Rules->is_unique('naufal123', 'field', Array, NULL)
#6 C:\xampp\htdocs\toko_ikan4\system\Validation\Validation.php(157): CodeIgniter\Validation\Validation->processRules('username', 'username', 'naufal123', Array, Array)
#7 C:\xampp\htdocs\toko_ikan4\app\Controllers\Auth.php(19): CodeIgniter\Validation\Validation->run(Array, 'register')
#8 C:\xampp\htdocs\toko_ikan4\system\CodeIgniter.php(832): App\Controllers\Auth->register()
#9 C:\xampp\htdocs\toko_ikan4\system\CodeIgniter.php(419): CodeIgniter\CodeIgniter->runController(Object(App\Controllers\Auth))
#10 C:\xampp\htdocs\toko_ikan4\system\CodeIgniter.php(326): CodeIgniter\CodeIgniter->handleRequest(NULL, Object(Config\Cache), false)
#11 C:\xampp\htdocs\toko_ikan4\public\index.php(37): CodeIgniter\CodeIgniter->run()
#12 {main}
ERROR - 2022-05-06 12:23:41 --> Table 'toko_ikan.table' doesn't exist
CRITICAL - 2022-05-06 12:23:41 --> Table 'toko_ikan.table' doesn't exist
#0 C:\xampp\htdocs\toko_ikan4\system\Database\MySQLi\Connection.php(292): mysqli->query('SELECT 1\nFROM `...', 0)
#1 C:\xampp\htdocs\toko_ikan4\system\Database\BaseConnection.php(670): CodeIgniter\Database\MySQLi\Connection->execute('SELECT 1\nFROM `...')
#2 C:\xampp\htdocs\toko_ikan4\system\Database\BaseConnection.php(598): CodeIgniter\Database\BaseConnection->simpleQuery('SELECT 1\nFROM `...')
#3 C:\xampp\htdocs\toko_ikan4\system\Database\BaseBuilder.php(1455): CodeIgniter\Database\BaseConnection->query('SELECT 1\nFROM `...', Array, false)
#4 C:\xampp\htdocs\toko_ikan4\system\Validation\Rules.php(142): CodeIgniter\Database\BaseBuilder->get()
#5 C:\xampp\htdocs\toko_ikan4\system\Validation\Validation.php(292): CodeIgniter\Validation\Rules->is_unique('naufal123', 'field', Array, NULL)
#6 C:\xampp\htdocs\toko_ikan4\system\Validation\Validation.php(157): CodeIgniter\Validation\Validation->processRules('username', 'username', 'naufal123', Array, Array)
#7 C:\xampp\htdocs\toko_ikan4\app\Controllers\Auth.php(19): CodeIgniter\Validation\Validation->run(Array, 'register')
#8 C:\xampp\htdocs\toko_ikan4\system\CodeIgniter.php(832): App\Controllers\Auth->register()
#9 C:\xampp\htdocs\toko_ikan4\system\CodeIgniter.php(419): CodeIgniter\CodeIgniter->runController(Object(App\Controllers\Auth))
#10 C:\xampp\htdocs\toko_ikan4\system\CodeIgniter.php(326): CodeIgniter\CodeIgniter->handleRequest(NULL, Object(Config\Cache), false)
#11 C:\xampp\htdocs\toko_ikan4\public\index.php(37): CodeIgniter\CodeIgniter->run()
#12 {main}
ERROR - 2022-05-06 12:24:22 --> Table 'toko_ikan.$user' doesn't exist
CRITICAL - 2022-05-06 12:24:22 --> Table 'toko_ikan.$user' doesn't exist
#0 C:\xampp\htdocs\toko_ikan4\system\Database\MySQLi\Connection.php(292): mysqli->query('SELECT 1\nFROM `...', 0)
#1 C:\xampp\htdocs\toko_ikan4\system\Database\BaseConnection.php(670): CodeIgniter\Database\MySQLi\Connection->execute('SELECT 1\nFROM `...')
#2 C:\xampp\htdocs\toko_ikan4\system\Database\BaseConnection.php(598): CodeIgniter\Database\BaseConnection->simpleQuery('SELECT 1\nFROM `...')
#3 C:\xampp\htdocs\toko_ikan4\system\Database\BaseBuilder.php(1455): CodeIgniter\Database\BaseConnection->query('SELECT 1\nFROM `...', Array, false)
#4 C:\xampp\htdocs\toko_ikan4\system\Validation\Rules.php(142): CodeIgniter\Database\BaseBuilder->get()
#5 C:\xampp\htdocs\toko_ikan4\system\Validation\Validation.php(292): CodeIgniter\Validation\Rules->is_unique('naufal123', 'field', Array, NULL)
#6 C:\xampp\htdocs\toko_ikan4\system\Validation\Validation.php(157): CodeIgniter\Validation\Validation->processRules('username', 'username', 'naufal123', Array, Array)
#7 C:\xampp\htdocs\toko_ikan4\app\Controllers\Auth.php(19): CodeIgniter\Validation\Validation->run(Array, 'register')
#8 C:\xampp\htdocs\toko_ikan4\system\CodeIgniter.php(832): App\Controllers\Auth->register()
#9 C:\xampp\htdocs\toko_ikan4\system\CodeIgniter.php(419): CodeIgniter\CodeIgniter->runController(Object(App\Controllers\Auth))
#10 C:\xampp\htdocs\toko_ikan4\system\CodeIgniter.php(326): CodeIgniter\CodeIgniter->handleRequest(NULL, Object(Config\Cache), false)
#11 C:\xampp\htdocs\toko_ikan4\public\index.php(37): CodeIgniter\CodeIgniter->run()
#12 {main}
ERROR - 2022-05-06 12:29:06 --> Table 'toko_ikan.$user' doesn't exist
CRITICAL - 2022-05-06 12:29:06 --> Table 'toko_ikan.$user' doesn't exist
#0 C:\xampp\htdocs\toko_ikan4\system\Database\MySQLi\Connection.php(292): mysqli->query('SELECT 1\nFROM `...', 0)
#1 C:\xampp\htdocs\toko_ikan4\system\Database\BaseConnection.php(670): CodeIgniter\Database\MySQLi\Connection->execute('SELECT 1\nFROM `...')
#2 C:\xampp\htdocs\toko_ikan4\system\Database\BaseConnection.php(598): CodeIgniter\Database\BaseConnection->simpleQuery('SELECT 1\nFROM `...')
#3 C:\xampp\htdocs\toko_ikan4\system\Database\BaseBuilder.php(1455): CodeIgniter\Database\BaseConnection->query('SELECT 1\nFROM `...', Array, false)
#4 C:\xampp\htdocs\toko_ikan4\system\Validation\Rules.php(142): CodeIgniter\Database\BaseBuilder->get()
#5 C:\xampp\htdocs\toko_ikan4\system\Validation\Validation.php(292): CodeIgniter\Validation\Rules->is_unique('naufal123', 'username', Array, NULL)
#6 C:\xampp\htdocs\toko_ikan4\system\Validation\Validation.php(157): CodeIgniter\Validation\Validation->processRules('username', 'username', 'naufal123', Array, Array)
#7 C:\xampp\htdocs\toko_ikan4\app\Controllers\Auth.php(19): CodeIgniter\Validation\Validation->run(Array, 'register')
#8 C:\xampp\htdocs\toko_ikan4\system\CodeIgniter.php(832): App\Controllers\Auth->register()
#9 C:\xampp\htdocs\toko_ikan4\system\CodeIgniter.php(419): CodeIgniter\CodeIgniter->runController(Object(App\Controllers\Auth))
#10 C:\xampp\htdocs\toko_ikan4\system\CodeIgniter.php(326): CodeIgniter\CodeIgniter->handleRequest(NULL, Object(Config\Cache), false)
#11 C:\xampp\htdocs\toko_ikan4\public\index.php(37): CodeIgniter\CodeIgniter->run()
#12 {main}
CRITICAL - 2022-05-06 12:29:29 --> Argument 2 passed to CodeIgniter\Validation\Rules::is_unique() must be of the type string, null given, called in C:\xampp\htdocs\toko_ikan4\system\Validation\Validation.php on line 291
#0 C:\xampp\htdocs\toko_ikan4\system\Validation\Validation.php(291): CodeIgniter\Validation\Rules->is_unique('naufal123', NULL)
#1 C:\xampp\htdocs\toko_ikan4\system\Validation\Validation.php(157): CodeIgniter\Validation\Validation->processRules('username', 'username', 'naufal123', Array, Array)
#2 C:\xampp\htdocs\toko_ikan4\app\Controllers\Auth.php(19): CodeIgniter\Validation\Validation->run(Array, 'register')
#3 C:\xampp\htdocs\toko_ikan4\system\CodeIgniter.php(832): App\Controllers\Auth->register()
#4 C:\xampp\htdocs\toko_ikan4\system\CodeIgniter.php(419): CodeIgniter\CodeIgniter->runController(Object(App\Controllers\Auth))
#5 C:\xampp\htdocs\toko_ikan4\system\CodeIgniter.php(326): CodeIgniter\CodeIgniter->handleRequest(NULL, Object(Config\Cache), false)
#6 C:\xampp\htdocs\toko_ikan4\public\index.php(37): CodeIgniter\CodeIgniter->run()
#7 {main}
ERROR - 2022-05-06 12:30:30 --> Table 'toko_ikan.id' doesn't exist
CRITICAL - 2022-05-06 12:30:30 --> Table 'toko_ikan.id' doesn't exist
#0 C:\xampp\htdocs\toko_ikan4\system\Database\MySQLi\Connection.php(292): mysqli->query('SELECT 1\nFROM `...', 0)
#1 C:\xampp\htdocs\toko_ikan4\system\Database\BaseConnection.php(670): CodeIgniter\Database\MySQLi\Connection->execute('SELECT 1\nFROM `...')
#2 C:\xampp\htdocs\toko_ikan4\system\Database\BaseConnection.php(598): CodeIgniter\Database\BaseConnection->simpleQuery('SELECT 1\nFROM `...')
#3 C:\xampp\htdocs\toko_ikan4\system\Database\BaseBuilder.php(1455): CodeIgniter\Database\BaseConnection->query('SELECT 1\nFROM `...', Array, false)
#4 C:\xampp\htdocs\toko_ikan4\system\Validation\Rules.php(142): CodeIgniter\Database\BaseBuilder->get()
#5 C:\xampp\htdocs\toko_ikan4\system\Validation\Validation.php(292): CodeIgniter\Validation\Rules->is_unique('naufal123', 'id', Array, NULL)
#6 C:\xampp\htdocs\toko_ikan4\system\Validation\Validation.php(157): CodeIgniter\Validation\Validation->processRules('username', 'username', 'naufal123', Array, Array)
#7 C:\xampp\htdocs\toko_ikan4\app\Controllers\Auth.php(19): CodeIgniter\Validation\Validation->run(Array, 'register')
#8 C:\xampp\htdocs\toko_ikan4\system\CodeIgniter.php(832): App\Controllers\Auth->register()
#9 C:\xampp\htdocs\toko_ikan4\system\CodeIgniter.php(419): CodeIgniter\CodeIgniter->runController(Object(App\Controllers\Auth))
#10 C:\xampp\htdocs\toko_ikan4\system\CodeIgniter.php(326): CodeIgniter\CodeIgniter->handleRequest(NULL, Object(Config\Cache), false)
#11 C:\xampp\htdocs\toko_ikan4\public\index.php(37): CodeIgniter\CodeIgniter->run()
#12 {main}
ERROR - 2022-05-06 12:31:17 --> Table 'toko_ikan.$user' doesn't exist
CRITICAL - 2022-05-06 12:31:17 --> Table 'toko_ikan.$user' doesn't exist
#0 C:\xampp\htdocs\toko_ikan4\system\Database\MySQLi\Connection.php(292): mysqli->query('SELECT 1\nFROM `...', 0)
#1 C:\xampp\htdocs\toko_ikan4\system\Database\BaseConnection.php(670): CodeIgniter\Database\MySQLi\Connection->execute('SELECT 1\nFROM `...')
#2 C:\xampp\htdocs\toko_ikan4\system\Database\BaseConnection.php(598): CodeIgniter\Database\BaseConnection->simpleQuery('SELECT 1\nFROM `...')
#3 C:\xampp\htdocs\toko_ikan4\system\Database\BaseBuilder.php(1455): CodeIgniter\Database\BaseConnection->query('SELECT 1\nFROM `...', Array, false)
#4 C:\xampp\htdocs\toko_ikan4\system\Validation\Rules.php(142): CodeIgniter\Database\BaseBuilder->get()
#5 C:\xampp\htdocs\toko_ikan4\system\Validation\Validation.php(292): CodeIgniter\Validation\Rules->is_unique('naufal123', '$user', Array, NULL)
#6 C:\xampp\htdocs\toko_ikan4\system\Validation\Validation.php(157): CodeIgniter\Validation\Validation->processRules('username', 'username', 'naufal123', Array, Array)
#7 C:\xampp\htdocs\toko_ikan4\app\Controllers\Auth.php(19): CodeIgniter\Validation\Validation->run(Array, 'register')
#8 C:\xampp\htdocs\toko_ikan4\system\CodeIgniter.php(832): App\Controllers\Auth->register()
#9 C:\xampp\htdocs\toko_ikan4\system\CodeIgniter.php(419): CodeIgniter\CodeIgniter->runController(Object(App\Controllers\Auth))
#10 C:\xampp\htdocs\toko_ikan4\system\CodeIgniter.php(326): CodeIgniter\CodeIgniter->handleRequest(NULL, Object(Config\Cache), false)
#11 C:\xampp\htdocs\toko_ikan4\public\index.php(37): CodeIgniter\CodeIgniter->run()
#12 {main}
CRITICAL - 2022-05-06 12:54:26 --> Argument 2 passed to CodeIgniter\Validation\Rules::is_unique() must be of the type string, null given, called in C:\xampp\htdocs\toko_ikan4\system\Validation\Validation.php on line 291
#0 C:\xampp\htdocs\toko_ikan4\system\Validation\Validation.php(291): CodeIgniter\Validation\Rules->is_unique('naufal', NULL)
#1 C:\xampp\htdocs\toko_ikan4\system\Validation\Validation.php(157): CodeIgniter\Validation\Validation->processRules('username', 'username', 'naufal', Array, Array)
#2 C:\xampp\htdocs\toko_ikan4\app\Controllers\Auth.php(19): CodeIgniter\Validation\Validation->run(Array, 'register')
#3 C:\xampp\htdocs\toko_ikan4\system\CodeIgniter.php(832): App\Controllers\Auth->register()
#4 C:\xampp\htdocs\toko_ikan4\system\CodeIgniter.php(419): CodeIgniter\CodeIgniter->runController(Object(App\Controllers\Auth))
#5 C:\xampp\htdocs\toko_ikan4\system\CodeIgniter.php(326): CodeIgniter\CodeIgniter->handleRequest(NULL, Object(Config\Cache), false)
#6 C:\xampp\htdocs\toko_ikan4\public\index.php(37): CodeIgniter\CodeIgniter->run()
#7 {main}
ERROR - 2022-05-06 13:02:43 --> Unknown column 'user' in 'where clause'
CRITICAL - 2022-05-06 13:02:43 --> Unknown column 'user' in 'where clause'
#0 C:\xampp\htdocs\toko_ikan4\system\Database\MySQLi\Connection.php(292): mysqli->query('SELECT 1\nFROM `...', 0)
#1 C:\xampp\htdocs\toko_ikan4\system\Database\BaseConnection.php(670): CodeIgniter\Database\MySQLi\Connection->execute('SELECT 1\nFROM `...')
#2 C:\xampp\htdocs\toko_ikan4\system\Database\BaseConnection.php(598): CodeIgniter\Database\BaseConnection->simpleQuery('SELECT 1\nFROM `...')
#3 C:\xampp\htdocs\toko_ikan4\system\Database\BaseBuilder.php(1455): CodeIgniter\Database\BaseConnection->query('SELECT 1\nFROM `...', Array, false)
#4 C:\xampp\htdocs\toko_ikan4\system\Validation\Rules.php(142): CodeIgniter\Database\BaseBuilder->get()
#5 C:\xampp\htdocs\toko_ikan4\system\Validation\Validation.php(292): CodeIgniter\Validation\Rules->is_unique('naufal', 'user', Array, NULL)
#6 C:\xampp\htdocs\toko_ikan4\system\Validation\Validation.php(157): CodeIgniter\Validation\Validation->processRules('username', 'username', 'naufal', Array, Array)
#7 C:\xampp\htdocs\toko_ikan4\app\Controllers\Auth.php(19): CodeIgniter\Validation\Validation->run(Array, 'register')
#8 C:\xampp\htdocs\toko_ikan4\system\CodeIgniter.php(832): App\Controllers\Auth->register()
#9 C:\xampp\htdocs\toko_ikan4\system\CodeIgniter.php(419): CodeIgniter\CodeIgniter->runController(Object(App\Controllers\Auth))
#10 C:\xampp\htdocs\toko_ikan4\system\CodeIgniter.php(326): CodeIgniter\CodeIgniter->handleRequest(NULL, Object(Config\Cache), false)
#11 C:\xampp\htdocs\toko_ikan4\public\index.php(37): CodeIgniter\CodeIgniter->run()
#12 {main}
ERROR - 2022-05-06 13:04:30 --> Unknown column 'user' in 'where clause'
CRITICAL - 2022-05-06 13:04:30 --> Unknown column 'user' in 'where clause'
#0 C:\xampp\htdocs\toko_ikan4\system\Database\MySQLi\Connection.php(292): mysqli->query('SELECT 1\nFROM `...', 0)
#1 C:\xampp\htdocs\toko_ikan4\system\Database\BaseConnection.php(670): CodeIgniter\Database\MySQLi\Connection->execute('SELECT 1\nFROM `...')
#2 C:\xampp\htdocs\toko_ikan4\system\Database\BaseConnection.php(598): CodeIgniter\Database\BaseConnection->simpleQuery('SELECT 1\nFROM `...')
#3 C:\xampp\htdocs\toko_ikan4\system\Database\BaseBuilder.php(1455): CodeIgniter\Database\BaseConnection->query('SELECT 1\nFROM `...', Array, false)
#4 C:\xampp\htdocs\toko_ikan4\system\Validation\Rules.php(142): CodeIgniter\Database\BaseBuilder->get()
#5 C:\xampp\htdocs\toko_ikan4\system\Validation\Validation.php(292): CodeIgniter\Validation\Rules->is_unique('naufal', 'user', Array, NULL)
#6 C:\xampp\htdocs\toko_ikan4\system\Validation\Validation.php(157): CodeIgniter\Validation\Validation->processRules('username', 'username', 'naufal', Array, Array)
#7 C:\xampp\htdocs\toko_ikan4\app\Controllers\Auth.php(19): CodeIgniter\Validation\Validation->run(Array, 'register')
#8 C:\xampp\htdocs\toko_ikan4\system\CodeIgniter.php(832): App\Controllers\Auth->register()
#9 C:\xampp\htdocs\toko_ikan4\system\CodeIgniter.php(419): CodeIgniter\CodeIgniter->runController(Object(App\Controllers\Auth))
#10 C:\xampp\htdocs\toko_ikan4\system\CodeIgniter.php(326): CodeIgniter\CodeIgniter->handleRequest(NULL, Object(Config\Cache), false)
#11 C:\xampp\htdocs\toko_ikan4\public\index.php(37): CodeIgniter\CodeIgniter->run()
#12 {main}
ERROR - 2022-05-06 13:04:34 --> Unknown column 'user' in 'where clause'
CRITICAL - 2022-05-06 13:04:34 --> Unknown column 'user' in 'where clause'
#0 C:\xampp\htdocs\toko_ikan4\system\Database\MySQLi\Connection.php(292): mysqli->query('SELECT 1\nFROM `...', 0)
#1 C:\xampp\htdocs\toko_ikan4\system\Database\BaseConnection.php(670): CodeIgniter\Database\MySQLi\Connection->execute('SELECT 1\nFROM `...')
#2 C:\xampp\htdocs\toko_ikan4\system\Database\BaseConnection.php(598): CodeIgniter\Database\BaseConnection->simpleQuery('SELECT 1\nFROM `...')
#3 C:\xampp\htdocs\toko_ikan4\system\Database\BaseBuilder.php(1455): CodeIgniter\Database\BaseConnection->query('SELECT 1\nFROM `...', Array, false)
#4 C:\xampp\htdocs\toko_ikan4\system\Validation\Rules.php(142): CodeIgniter\Database\BaseBuilder->get()
#5 C:\xampp\htdocs\toko_ikan4\system\Validation\Validation.php(292): CodeIgniter\Validation\Rules->is_unique('naufal', 'user', Array, NULL)
#6 C:\xampp\htdocs\toko_ikan4\system\Validation\Validation.php(157): CodeIgniter\Validation\Validation->processRules('username', 'username', 'naufal', Array, Array)
#7 C:\xampp\htdocs\toko_ikan4\app\Controllers\Auth.php(19): CodeIgniter\Validation\Validation->run(Array, 'register')
#8 C:\xampp\htdocs\toko_ikan4\system\CodeIgniter.php(832): App\Controllers\Auth->register()
#9 C:\xampp\htdocs\toko_ikan4\system\CodeIgniter.php(419): CodeIgniter\CodeIgniter->runController(Object(App\Controllers\Auth))
#10 C:\xampp\htdocs\toko_ikan4\system\CodeIgniter.php(326): CodeIgniter\CodeIgniter->handleRequest(NULL, Object(Config\Cache), false)
#11 C:\xampp\htdocs\toko_ikan4\public\index.php(37): CodeIgniter\CodeIgniter->run()
#12 {main}
ERROR - 2022-05-06 13:06:38 --> Table 'toko_ikan.$user' doesn't exist
CRITICAL - 2022-05-06 13:06:38 --> Table 'toko_ikan.$user' doesn't exist
#0 C:\xampp\htdocs\toko_ikan4\system\Database\MySQLi\Connection.php(292): mysqli->query('SELECT 1\nFROM `...', 0)
#1 C:\xampp\htdocs\toko_ikan4\system\Database\BaseConnection.php(670): CodeIgniter\Database\MySQLi\Connection->execute('SELECT 1\nFROM `...')
#2 C:\xampp\htdocs\toko_ikan4\system\Database\BaseConnection.php(598): CodeIgniter\Database\BaseConnection->simpleQuery('SELECT 1\nFROM `...')
#3 C:\xampp\htdocs\toko_ikan4\system\Database\BaseBuilder.php(1455): CodeIgniter\Database\BaseConnection->query('SELECT 1\nFROM `...', Array, false)
#4 C:\xampp\htdocs\toko_ikan4\system\Validation\Rules.php(142): CodeIgniter\Database\BaseBuilder->get()
#5 C:\xampp\htdocs\toko_ikan4\system\Validation\Validation.php(292): CodeIgniter\Validation\Rules->is_unique('naufal', '$user', Array, NULL)
#6 C:\xampp\htdocs\toko_ikan4\system\Validation\Validation.php(157): CodeIgniter\Validation\Validation->processRules('username', 'username', 'naufal', Array, Array)
#7 C:\xampp\htdocs\toko_ikan4\app\Controllers\Auth.php(19): CodeIgniter\Validation\Validation->run(Array, 'register')
#8 C:\xampp\htdocs\toko_ikan4\system\CodeIgniter.php(832): App\Controllers\Auth->register()
#9 C:\xampp\htdocs\toko_ikan4\system\CodeIgniter.php(419): CodeIgniter\CodeIgniter->runController(Object(App\Controllers\Auth))
#10 C:\xampp\htdocs\toko_ikan4\system\CodeIgniter.php(326): CodeIgniter\CodeIgniter->handleRequest(NULL, Object(Config\Cache), false)
#11 C:\xampp\htdocs\toko_ikan4\public\index.php(37): CodeIgniter\CodeIgniter->run()
#12 {main}
ERROR - 2022-05-06 13:07:02 --> Unknown column 'user' in 'where clause'
CRITICAL - 2022-05-06 13:07:02 --> Unknown column 'user' in 'where clause'
#0 C:\xampp\htdocs\toko_ikan4\system\Database\MySQLi\Connection.php(292): mysqli->query('SELECT 1\nFROM `...', 0)
#1 C:\xampp\htdocs\toko_ikan4\system\Database\BaseConnection.php(670): CodeIgniter\Database\MySQLi\Connection->execute('SELECT 1\nFROM `...')
#2 C:\xampp\htdocs\toko_ikan4\system\Database\BaseConnection.php(598): CodeIgniter\Database\BaseConnection->simpleQuery('SELECT 1\nFROM `...')
#3 C:\xampp\htdocs\toko_ikan4\system\Database\BaseBuilder.php(1455): CodeIgniter\Database\BaseConnection->query('SELECT 1\nFROM `...', Array, false)
#4 C:\xampp\htdocs\toko_ikan4\system\Validation\Rules.php(142): CodeIgniter\Database\BaseBuilder->get()
#5 C:\xampp\htdocs\toko_ikan4\system\Validation\Validation.php(292): CodeIgniter\Validation\Rules->is_unique('naufal', 'user', Array, NULL)
#6 C:\xampp\htdocs\toko_ikan4\system\Validation\Validation.php(157): CodeIgniter\Validation\Validation->processRules('username', 'username', 'naufal', Array, Array)
#7 C:\xampp\htdocs\toko_ikan4\app\Controllers\Auth.php(19): CodeIgniter\Validation\Validation->run(Array, 'register')
#8 C:\xampp\htdocs\toko_ikan4\system\CodeIgniter.php(832): App\Controllers\Auth->register()
#9 C:\xampp\htdocs\toko_ikan4\system\CodeIgniter.php(419): CodeIgniter\CodeIgniter->runController(Object(App\Controllers\Auth))
#10 C:\xampp\htdocs\toko_ikan4\system\CodeIgniter.php(326): CodeIgniter\CodeIgniter->handleRequest(NULL, Object(Config\Cache), false)
#11 C:\xampp\htdocs\toko_ikan4\public\index.php(37): CodeIgniter\CodeIgniter->run()
#12 {main}
ERROR - 2022-05-06 13:07:35 --> Unknown column 'user' in 'where clause'
CRITICAL - 2022-05-06 13:07:35 --> Unknown column 'user' in 'where clause'
#0 C:\xampp\htdocs\toko_ikan4\system\Database\MySQLi\Connection.php(292): mysqli->query('SELECT 1\nFROM `...', 0)
#1 C:\xampp\htdocs\toko_ikan4\system\Database\BaseConnection.php(670): CodeIgniter\Database\MySQLi\Connection->execute('SELECT 1\nFROM `...')
#2 C:\xampp\htdocs\toko_ikan4\system\Database\BaseConnection.php(598): CodeIgniter\Database\BaseConnection->simpleQuery('SELECT 1\nFROM `...')
#3 C:\xampp\htdocs\toko_ikan4\system\Database\BaseBuilder.php(1455): CodeIgniter\Database\BaseConnection->query('SELECT 1\nFROM `...', Array, false)
#4 C:\xampp\htdocs\toko_ikan4\system\Validation\Rules.php(142): CodeIgniter\Database\BaseBuilder->get()
#5 C:\xampp\htdocs\toko_ikan4\system\Validation\Validation.php(292): CodeIgniter\Validation\Rules->is_unique('naufal', 'user', Array, NULL)
#6 C:\xampp\htdocs\toko_ikan4\system\Validation\Validation.php(157): CodeIgniter\Validation\Validation->processRules('username', 'username', 'naufal', Array, Array)
#7 C:\xampp\htdocs\toko_ikan4\app\Controllers\Auth.php(19): CodeIgniter\Validation\Validation->run(Array, 'register')
#8 C:\xampp\htdocs\toko_ikan4\system\CodeIgniter.php(832): App\Controllers\Auth->register()
#9 C:\xampp\htdocs\toko_ikan4\system\CodeIgniter.php(419): CodeIgniter\CodeIgniter->runController(Object(App\Controllers\Auth))
#10 C:\xampp\htdocs\toko_ikan4\system\CodeIgniter.php(326): CodeIgniter\CodeIgniter->handleRequest(NULL, Object(Config\Cache), false)
#11 C:\xampp\htdocs\toko_ikan4\public\index.php(37): CodeIgniter\CodeIgniter->run()
#12 {main}
ERROR - 2022-05-06 13:07:56 --> Unknown column 'user' in 'where clause'
CRITICAL - 2022-05-06 13:07:56 --> Unknown column 'user' in 'where clause'
#0 C:\xampp\htdocs\toko_ikan4\system\Database\MySQLi\Connection.php(292): mysqli->query('SELECT 1\nFROM `...', 0)
#1 C:\xampp\htdocs\toko_ikan4\system\Database\BaseConnection.php(670): CodeIgniter\Database\MySQLi\Connection->execute('SELECT 1\nFROM `...')
#2 C:\xampp\htdocs\toko_ikan4\system\Database\BaseConnection.php(598): CodeIgniter\Database\BaseConnection->simpleQuery('SELECT 1\nFROM `...')
#3 C:\xampp\htdocs\toko_ikan4\system\Database\BaseBuilder.php(1455): CodeIgniter\Database\BaseConnection->query('SELECT 1\nFROM `...', Array, false)
#4 C:\xampp\htdocs\toko_ikan4\system\Validation\Rules.php(142): CodeIgniter\Database\BaseBuilder->get()
#5 C:\xampp\htdocs\toko_ikan4\system\Validation\Validation.php(292): CodeIgniter\Validation\Rules->is_unique('naufal', 'user', Array, NULL)
#6 C:\xampp\htdocs\toko_ikan4\system\Validation\Validation.php(157): CodeIgniter\Validation\Validation->processRules('username', 'username', 'naufal', Array, Array)
#7 C:\xampp\htdocs\toko_ikan4\app\Controllers\Auth.php(19): CodeIgniter\Validation\Validation->run(Array, 'register')
#8 C:\xampp\htdocs\toko_ikan4\system\CodeIgniter.php(832): App\Controllers\Auth->register()
#9 C:\xampp\htdocs\toko_ikan4\system\CodeIgniter.php(419): CodeIgniter\CodeIgniter->runController(Object(App\Controllers\Auth))
#10 C:\xampp\htdocs\toko_ikan4\system\CodeIgniter.php(326): CodeIgniter\CodeIgniter->handleRequest(NULL, Object(Config\Cache), false)
#11 C:\xampp\htdocs\toko_ikan4\public\index.php(37): CodeIgniter\CodeIgniter->run()
#12 {main}
ERROR - 2022-05-06 13:35:01 --> Unknown column 'user' in 'where clause'
CRITICAL - 2022-05-06 13:35:01 --> Unknown column 'user' in 'where clause'
#0 C:\xampp\htdocs\toko_ikan4\system\Database\MySQLi\Connection.php(292): mysqli->query('SELECT 1\nFROM `...', 0)
#1 C:\xampp\htdocs\toko_ikan4\system\Database\BaseConnection.php(670): CodeIgniter\Database\MySQLi\Connection->execute('SELECT 1\nFROM `...')
#2 C:\xampp\htdocs\toko_ikan4\system\Database\BaseConnection.php(598): CodeIgniter\Database\BaseConnection->simpleQuery('SELECT 1\nFROM `...')
#3 C:\xampp\htdocs\toko_ikan4\system\Database\BaseBuilder.php(1455): CodeIgniter\Database\BaseConnection->query('SELECT 1\nFROM `...', Array, false)
#4 C:\xampp\htdocs\toko_ikan4\system\Validation\Rules.php(142): CodeIgniter\Database\BaseBuilder->get()
#5 C:\xampp\htdocs\toko_ikan4\system\Validation\Validation.php(292): CodeIgniter\Validation\Rules->is_unique('naufal', 'user', Array, NULL)
#6 C:\xampp\htdocs\toko_ikan4\system\Validation\Validation.php(157): CodeIgniter\Validation\Validation->processRules('username', 'username', 'naufal', Array, Array)
#7 C:\xampp\htdocs\toko_ikan4\app\Controllers\Auth.php(19): CodeIgniter\Validation\Validation->run(Array, 'register')
#8 C:\xampp\htdocs\toko_ikan4\system\CodeIgniter.php(832): App\Controllers\Auth->register()
#9 C:\xampp\htdocs\toko_ikan4\system\CodeIgniter.php(419): CodeIgniter\CodeIgniter->runController(Object(App\Controllers\Auth))
#10 C:\xampp\htdocs\toko_ikan4\system\CodeIgniter.php(326): CodeIgniter\CodeIgniter->handleRequest(NULL, Object(Config\Cache), false)
#11 C:\xampp\htdocs\toko_ikan4\public\index.php(37): CodeIgniter\CodeIgniter->run()
#12 {main}
